# JRE version: OpenJDK Runtime Environment (11.0.10) (build 11.0.10+0-b96-7249189)
# Java VM: OpenJDK 64-Bit Server VM (11.0.10+0-b96-7249189, mixed mode, tiered, compressed oops, g1 gc, windows-amd64)
Heap:
 garbage-first heap   total 155648K, used 94366K [0x00000000a0000000, 0x0000000100000000)
  region size 1024K, 68 young (69632K), 7 survivors (7168K)
 Metaspace       used 47367K, capacity 48663K, committed 48892K, reserved 1091584K
  class space    used 6047K, capacity 6522K, committed 6528K, reserved 1048576K
GC Heap History (20 events):
Event: 0.761 GC heap before
{Heap before GC invocations=0 (full 0):
 garbage-first heap   total 129024K, used 16384K [0x00000000a0000000, 0x0000000100000000)
  region size 1024K, 14 young (14336K), 0 survivors (0K)
 Metaspace       used 6729K, capacity 6929K, committed 7168K, reserved 1056768K
  class space    used 582K, capacity 650K, committed 768K, reserved 1048576K
}
Event: 0.769 GC heap after
{Heap after GC invocations=1 (full 0):
 garbage-first heap   total 129024K, used 4433K [0x00000000a0000000, 0x0000000100000000)
  region size 1024K, 2 young (2048K), 2 survivors (2048K)
 Metaspace       used 6729K, capacity 6929K, committed 7168K, reserved 1056768K
  class space    used 582K, capacity 650K, committed 768K, reserved 1048576K
}
Event: 1.151 GC heap before
{Heap before GC invocations=1 (full 0):
 garbage-first heap   total 129024K, used 18769K [0x00000000a0000000, 0x0000000100000000)
  region size 1024K, 13 young (13312K), 2 survivors (2048K)
 Metaspace       used 9806K, capacity 9994K, committed 10112K, reserved 1058816K
  class space    used 1022K, capacity 1102K, committed 1152K, reserved 1048576K
}
Event: 1.156 GC heap after
{Heap after GC invocations=2 (full 0):
 garbage-first heap   total 129024K, used 9512K [0x00000000a0000000, 0x0000000100000000)
  region size 1024K, 2 young (2048K), 2 survivors (2048K)
 Metaspace       used 9806K, capacity 9994K, committed 10112K, reserved 1058816K
  class space    used 1022K, capacity 1102K, committed 1152K, reserved 1048576K
}
Event: 1.842 GC heap before
{Heap before GC invocations=2 (full 0):
 garbage-first heap   total 129024K, used 40232K [0x00000000a0000000, 0x0000000100000000)
  region size 1024K, 32 young (32768K), 2 survivors (2048K)
 Metaspace       used 10766K, capacity 11011K, committed 11264K, reserved 1058816K
  class space    used 1125K, capacity 1206K, committed 1280K, reserved 1048576K
}
Event: 1.847 GC heap after
{Heap after GC invocations=3 (full 0):
 garbage-first heap   total 129024K, used 12744K [0x00000000a0000000, 0x0000000100000000)
  region size 1024K, 4 young (4096K), 4 survivors (4096K)
 Metaspace       used 10766K, capacity 11011K, committed 11264K, reserved 1058816K
  class space    used 1125K, capacity 1206K, committed 1280K, reserved 1048576K
}
Event: 3.856 GC heap before
{Heap before GC invocations=3 (full 0):
 garbage-first heap   total 129024K, used 55752K [0x00000000a0000000, 0x0000000100000000)
  region size 1024K, 47 young (48128K), 4 survivors (4096K)
 Metaspace       used 17733K, capacity 18094K, committed 18176K, reserved 1064960K
  class space    used 2088K, capacity 2236K, committed 2304K, reserved 1048576K
}
Event: 3.866 GC heap after
{Heap after GC invocations=4 (full 0):
 garbage-first heap   total 129024K, used 16197K [0x00000000a0000000, 0x0000000100000000)
  region size 1024K, 6 young (6144K), 6 survivors (6144K)
 Metaspace       used 17733K, capacity 18094K, committed 18176K, reserved 1064960K
  class space    used 2088K, capacity 2236K, committed 2304K, reserved 1048576K
}
Event: 4.395 GC heap before
{Heap before GC invocations=4 (full 0):
 garbage-first heap   total 129024K, used 38725K [0x00000000a0000000, 0x0000000100000000)
  region size 1024K, 29 young (29696K), 6 survivors (6144K)
 Metaspace       used 20624K, capacity 21158K, committed 21296K, reserved 1069056K
  class space    used 2512K, capacity 2688K, committed 2688K, reserved 1048576K
}
Event: 4.407 GC heap after
{Heap after GC invocations=5 (full 0):
 garbage-first heap   total 129024K, used 16955K [0x00000000a0000000, 0x0000000100000000)
  region size 1024K, 1 young (1024K), 1 survivors (1024K)
 Metaspace       used 20624K, capacity 21158K, committed 21296K, reserved 1069056K
  class space    used 2512K, capacity 2688K, committed 2688K, reserved 1048576K
}
Event: 5.348 GC heap before
{Heap before GC invocations=6 (full 0):
 garbage-first heap   total 129024K, used 65083K [0x00000000a0000000, 0x0000000100000000)
  region size 1024K, 48 young (49152K), 1 survivors (1024K)
 Metaspace       used 25555K, capacity 26138K, committed 26288K, reserved 1073152K
  class space    used 3337K, capacity 3566K, committed 3584K, reserved 1048576K
}
Event: 5.354 GC heap after
{Heap after GC invocations=7 (full 0):
 garbage-first heap   total 129024K, used 18599K [0x00000000a0000000, 0x0000000100000000)
  region size 1024K, 3 young (3072K), 3 survivors (3072K)
 Metaspace       used 25555K, capacity 26138K, committed 26288K, reserved 1073152K
  class space    used 3337K, capacity 3566K, committed 3584K, reserved 1048576K
}
Event: 6.330 GC heap before
{Heap before GC invocations=7 (full 0):
 garbage-first heap   total 129024K, used 70823K [0x00000000a0000000, 0x0000000100000000)
  region size 1024K, 54 young (55296K), 3 survivors (3072K)
 Metaspace       used 31022K, capacity 31754K, committed 32048K, reserved 1077248K
  class space    used 4148K, capacity 4439K, committed 4480K, reserved 1048576K
}
Event: 6.339 GC heap after
{Heap after GC invocations=8 (full 0):
 garbage-first heap   total 129024K, used 20922K [0x00000000a0000000, 0x0000000100000000)
  region size 1024K, 5 young (5120K), 5 survivors (5120K)
 Metaspace       used 31022K, capacity 31754K, committed 32048K, reserved 1077248K
  class space    used 4148K, capacity 4439K, committed 4480K, reserved 1048576K
}
Event: 6.885 GC heap before
{Heap before GC invocations=8 (full 0):
 garbage-first heap   total 129024K, used 31162K [0x00000000a0000000, 0x0000000100000000)
  region size 1024K, 16 young (16384K), 5 survivors (5120K)
 Metaspace       used 34806K, capacity 35614K, committed 35708K, reserved 1081344K
  class space    used 4531K, capacity 4832K, committed 4864K, reserved 1048576K
}
Event: 6.900 GC heap after
{Heap after GC invocations=9 (full 0):
 garbage-first heap   total 129024K, used 22793K [0x00000000a0000000, 0x0000000100000000)
  region size 1024K, 6 young (6144K), 6 survivors (6144K)
 Metaspace       used 34806K, capacity 35614K, committed 35708K, reserved 1081344K
  class space    used 4531K, capacity 4832K, committed 4864K, reserved 1048576K
}
Event: 9.020 GC heap before
{Heap before GC invocations=10 (full 0):
 garbage-first heap   total 129024K, used 77065K [0x00000000a0000000, 0x0000000100000000)
  region size 1024K, 57 young (58368K), 6 survivors (6144K)
 Metaspace       used 39399K, capacity 40287K, committed 40316K, reserved 1085440K
  class space    used 5053K, capacity 5376K, committed 5376K, reserved 1048576K
}
Event: 9.041 GC heap after
{Heap after GC invocations=11 (full 0):
 garbage-first heap   total 155648K, used 26121K [0x00000000a0000000, 0x0000000100000000)
  region size 1024K, 8 young (8192K), 8 survivors (8192K)
 Metaspace       used 39399K, capacity 40287K, committed 40316K, reserved 1085440K
  class space    used 5053K, capacity 5376K, committed 5376K, reserved 1048576K
}
Event: 10.653 GC heap before
{Heap before GC invocations=11 (full 0):
 garbage-first heap   total 155648K, used 89609K [0x00000000a0000000, 0x0000000100000000)
  region size 1024K, 70 young (71680K), 8 survivors (8192K)
 Metaspace       used 44560K, capacity 45687K, committed 45948K, reserved 1089536K
  class space    used 5713K, capacity 6134K, committed 6144K, reserved 1048576K
}
Event: 10.673 GC heap after
{Heap after GC invocations=12 (full 0):
 garbage-first heap   total 155648K, used 28830K [0x00000000a0000000, 0x0000000100000000)
  region size 1024K, 7 young (7168K), 7 survivors (7168K)
 Metaspace       used 44560K, capacity 45687K, committed 45948K, reserved 1089536K
  class space    used 5713K, capacity 6134K, committed 6144K, reserved 1048576K
}

