# JRE version: OpenJDK Runtime Environment (8.0_202-b03) (build 1.8.0_202-release-1483-b03)
# Java VM: OpenJDK 64-Bit Server VM (25.202-b03 mixed mode windows-amd64 compressed oops)
Heap:
 PSYoungGen      total 149504K, used 103331K [0x00000000e0000000, 0x00000000eab00000, 0x0000000100000000)
  eden space 137216K, 66% used [0x00000000e0000000,0x00000000e58ee650,0x00000000e8600000)
  from space 12288K, 99% used [0x00000000e9f00000,0x00000000eaafa998,0x00000000eab00000)
  to   space 14336K, 0% used [0x00000000e8f00000,0x00000000e8f00000,0x00000000e9d00000)
 ParOldGen       total 88576K, used 20478K [0x00000000a0000000, 0x00000000a5680000, 0x00000000e0000000)
  object space 88576K, 23% used [0x00000000a0000000,0x00000000a13ffb38,0x00000000a5680000)
 Metaspace       used 51550K, capacity 52832K, committed 52952K, reserved 1095680K
  class space    used 6981K, capacity 7337K, committed 7424K, reserved 1048576K
GC Heap History (10 events):
Event: 6.082 GC heap before
{Heap before GC invocations=8 (full 1):
 PSYoungGen      total 76800K, used 66560K [0x00000000e0000000, 0x00000000e5500000, 0x0000000100000000)
  eden space 66560K, 100% used [0x00000000e0000000,0x00000000e4100000,0x00000000e4100000)
  from space 10240K, 0% used [0x00000000e4b00000,0x00000000e4b00000,0x00000000e5500000)
  to   space 10240K, 0% used [0x00000000e4100000,0x00000000e4100000,0x00000000e4b00000)
 ParOldGen       total 56320K, used 8236K [0x00000000a0000000, 0x00000000a3700000, 0x00000000e0000000)
  object space 56320K, 14% used [0x00000000a0000000,0x00000000a080b3a8,0x00000000a3700000)
 Metaspace       used 28565K, capacity 28980K, committed 29440K, reserved 1075200K
  class space    used 3854K, capacity 4011K, committed 4096K, reserved 1048576K
Event: 6.098 GC heap after
Heap after GC invocations=8 (full 1):
 PSYoungGen      total 76800K, used 7642K [0x00000000e0000000, 0x00000000e8080000, 0x0000000100000000)
  eden space 66560K, 0% used [0x00000000e0000000,0x00000000e0000000,0x00000000e4100000)
  from space 10240K, 74% used [0x00000000e4100000,0x00000000e4876a08,0x00000000e4b00000)
  to   space 10240K, 0% used [0x00000000e7680000,0x00000000e7680000,0x00000000e8080000)
 ParOldGen       total 56320K, used 8244K [0x00000000a0000000, 0x00000000a3700000, 0x00000000e0000000)
  object space 56320K, 14% used [0x00000000a0000000,0x00000000a080d3a8,0x00000000a3700000)
 Metaspace       used 28565K, capacity 28980K, committed 29440K, reserved 1075200K
  class space    used 3854K, capacity 4011K, committed 4096K, reserved 1048576K
}
Event: 7.283 GC heap before
{Heap before GC invocations=9 (full 1):
 PSYoungGen      total 76800K, used 74202K [0x00000000e0000000, 0x00000000e8080000, 0x0000000100000000)
  eden space 66560K, 100% used [0x00000000e0000000,0x00000000e4100000,0x00000000e4100000)
  from space 10240K, 74% used [0x00000000e4100000,0x00000000e4876a08,0x00000000e4b00000)
  to   space 10240K, 0% used [0x00000000e7680000,0x00000000e7680000,0x00000000e8080000)
 ParOldGen       total 56320K, used 8244K [0x00000000a0000000, 0x00000000a3700000, 0x00000000e0000000)
  object space 56320K, 14% used [0x00000000a0000000,0x00000000a080d3a8,0x00000000a3700000)
 Metaspace       used 31884K, capacity 32364K, committed 32768K, reserved 1077248K
  class space    used 4391K, capacity 4563K, committed 4608K, reserved 1048576K
Event: 7.298 GC heap after
Heap after GC invocations=9 (full 1):
 PSYoungGen      total 118272K, used 8566K [0x00000000e0000000, 0x00000000e7f80000, 0x0000000100000000)
  eden space 109056K, 0% used [0x00000000e0000000,0x00000000e0000000,0x00000000e6a80000)
  from space 9216K, 92% used [0x00000000e7680000,0x00000000e7edd950,0x00000000e7f80000)
  to   space 10752K, 0% used [0x00000000e6a80000,0x00000000e6a80000,0x00000000e7500000)
 ParOldGen       total 56320K, used 8252K [0x00000000a0000000, 0x00000000a3700000, 0x00000000e0000000)
  object space 56320K, 14% used [0x00000000a0000000,0x00000000a080f3a8,0x00000000a3700000)
 Metaspace       used 31884K, capacity 32364K, committed 32768K, reserved 1077248K
  class space    used 4391K, capacity 4563K, committed 4608K, reserved 1048576K
}
Event: 10.139 GC heap before
{Heap before GC invocations=10 (full 1):
 PSYoungGen      total 118272K, used 61884K [0x00000000e0000000, 0x00000000e7f80000, 0x0000000100000000)
  eden space 109056K, 48% used [0x00000000e0000000,0x00000000e3411860,0x00000000e6a80000)
  from space 9216K, 92% used [0x00000000e7680000,0x00000000e7edd950,0x00000000e7f80000)
  to   space 10752K, 0% used [0x00000000e6a80000,0x00000000e6a80000,0x00000000e7500000)
 ParOldGen       total 56320K, used 8252K [0x00000000a0000000, 0x00000000a3700000, 0x00000000e0000000)
  object space 56320K, 14% used [0x00000000a0000000,0x00000000a080f3a8,0x00000000a3700000)
 Metaspace       used 34569K, capacity 35254K, committed 35416K, reserved 1079296K
  class space    used 4748K, capacity 4936K, committed 4992K, reserved 1048576K
Event: 10.186 GC heap after
Heap after GC invocations=10 (full 1):
 PSYoungGen      total 119808K, used 10730K [0x00000000e0000000, 0x00000000eab00000, 0x0000000100000000)
  eden space 109056K, 0% used [0x00000000e0000000,0x00000000e0000000,0x00000000e6a80000)
  from space 10752K, 99% used [0x00000000e6a80000,0x00000000e74fa8e0,0x00000000e7500000)
  to   space 12288K, 0% used [0x00000000e9f00000,0x00000000e9f00000,0x00000000eab00000)
 ParOldGen       total 56320K, used 8749K [0x00000000a0000000, 0x00000000a3700000, 0x00000000e0000000)
  object space 56320K, 15% used [0x00000000a0000000,0x00000000a088b6a8,0x00000000a3700000)
 Metaspace       used 34569K, capacity 35254K, committed 35416K, reserved 1079296K
  class space    used 4748K, capacity 4936K, committed 4992K, reserved 1048576K
}
Event: 10.186 GC heap before
{Heap before GC invocations=11 (full 2):
 PSYoungGen      total 119808K, used 10730K [0x00000000e0000000, 0x00000000eab00000, 0x0000000100000000)
  eden space 109056K, 0% used [0x00000000e0000000,0x00000000e0000000,0x00000000e6a80000)
  from space 10752K, 99% used [0x00000000e6a80000,0x00000000e74fa8e0,0x00000000e7500000)
  to   space 12288K, 0% used [0x00000000e9f00000,0x00000000e9f00000,0x00000000eab00000)
 ParOldGen       total 56320K, used 8749K [0x00000000a0000000, 0x00000000a3700000, 0x00000000e0000000)
  object space 56320K, 15% used [0x00000000a0000000,0x00000000a088b6a8,0x00000000a3700000)
 Metaspace       used 34569K, capacity 35254K, committed 35416K, reserved 1079296K
  class space    used 4748K, capacity 4936K, committed 4992K, reserved 1048576K
Event: 10.359 GC heap after
Heap after GC invocations=11 (full 2):
 PSYoungGen      total 119808K, used 0K [0x00000000e0000000, 0x00000000eab00000, 0x0000000100000000)
  eden space 109056K, 0% used [0x00000000e0000000,0x00000000e0000000,0x00000000e6a80000)
  from space 10752K, 0% used [0x00000000e6a80000,0x00000000e6a80000,0x00000000e7500000)
  to   space 12288K, 0% used [0x00000000e9f00000,0x00000000e9f00000,0x00000000eab00000)
 ParOldGen       total 88576K, used 17939K [0x00000000a0000000, 0x00000000a5680000, 0x00000000e0000000)
  object space 88576K, 20% used [0x00000000a0000000,0x00000000a1184ff0,0x00000000a5680000)
 Metaspace       used 34564K, capacity 35236K, committed 35416K, reserved 1079296K
  class space    used 4747K, capacity 4933K, committed 4992K, reserved 1048576K
}
Event: 14.765 GC heap before
{Heap before GC invocations=12 (full 2):
 PSYoungGen      total 119808K, used 109056K [0x00000000e0000000, 0x00000000eab00000, 0x0000000100000000)
  eden space 109056K, 100% used [0x00000000e0000000,0x00000000e6a80000,0x00000000e6a80000)
  from space 10752K, 0% used [0x00000000e6a80000,0x00000000e6a80000,0x00000000e7500000)
  to   space 12288K, 0% used [0x00000000e9f00000,0x00000000e9f00000,0x00000000eab00000)
 ParOldGen       total 88576K, used 17939K [0x00000000a0000000, 0x00000000a5680000, 0x00000000e0000000)
  object space 88576K, 20% used [0x00000000a0000000,0x00000000a1184ff0,0x00000000a5680000)
 Metaspace       used 45074K, capacity 46052K, committed 46296K, reserved 1089536K
  class space    used 6073K, capacity 6357K, committed 6400K, reserved 1048576K
Event: 14.791 GC heap after
Heap after GC invocations=12 (full 2):
 PSYoungGen      total 149504K, used 12266K [0x00000000e0000000, 0x00000000eab00000, 0x0000000100000000)
  eden space 137216K, 0% used [0x00000000e0000000,0x00000000e0000000,0x00000000e8600000)
  from space 12288K, 99% used [0x00000000e9f00000,0x00000000eaafa998,0x00000000eab00000)
  to   space 14336K, 0% used [0x00000000e8f00000,0x00000000e8f00000,0x00000000e9d00000)
 ParOldGen       total 88576K, used 20478K [0x00000000a0000000, 0x00000000a5680000, 0x00000000e0000000)
  object space 88576K, 23% used [0x00000000a0000000,0x00000000a13ffb38,0x00000000a5680000)
 Metaspace       used 45074K, capacity 46052K, committed 46296K, reserved 1089536K
  class space    used 6073K, capacity 6357K, committed 6400K, reserved 1048576K
}

