# JRE version: OpenJDK Runtime Environment (8.0_202-b03) (build 1.8.0_202-release-1483-b03)
# Java VM: OpenJDK 64-Bit Server VM (25.202-b03 mixed mode windows-amd64 compressed oops)
Heap:
 PSYoungGen      total 289280K, used 260284K [0x00000000e0000000, 0x00000000f4180000, 0x0000000100000000)
  eden space 256000K, 92% used [0x00000000e0000000,0x00000000ee6ce9a0,0x00000000efa00000)
  from space 33280K, 71% used [0x00000000efa00000,0x00000000f1160778,0x00000000f1a80000)
  to   space 33280K, 0% used [0x00000000f2100000,0x00000000f2100000,0x00000000f4180000)
 ParOldGen       total 223232K, used 61079K [0x00000000a0000000, 0x00000000ada00000, 0x00000000e0000000)
  object space 223232K, 27% used [0x00000000a0000000,0x00000000a3ba5f60,0x00000000ada00000)
 Metaspace       used 93923K, capacity 100204K, committed 100608K, reserved 1136640K
  class space    used 12065K, capacity 13122K, committed 13312K, reserved 1048576K
GC Heap History (10 events):
Event: 9540.462 GC heap before
{Heap before GC invocations=35 (full 4):
 PSYoungGen      total 276480K, used 265533K [0x00000000e0000000, 0x00000000f2d00000, 0x0000000100000000)
  eden space 246272K, 100% used [0x00000000e0000000,0x00000000ef080000,0x00000000ef080000)
  from space 30208K, 63% used [0x00000000f0d80000,0x00000000f204f490,0x00000000f2b00000)
  to   space 29696K, 0% used [0x00000000ef080000,0x00000000ef080000,0x00000000f0d80000)
 ParOldGen       total 223232K, used 61039K [0x00000000a0000000, 0x00000000ada00000, 0x00000000e0000000)
  object space 223232K, 27% used [0x00000000a0000000,0x00000000a3b9bf60,0x00000000ada00000)
 Metaspace       used 93173K, capacity 99178K, committed 99712K, reserved 1136640K
  class space    used 12007K, capacity 13019K, committed 13184K, reserved 1048576K
Event: 9540.508 GC heap after
Heap after GC invocations=35 (full 4):
 PSYoungGen      total 275968K, used 22036K [0x00000000e0000000, 0x00000000f2d00000, 0x0000000100000000)
  eden space 246272K, 0% used [0x00000000e0000000,0x00000000e0000000,0x00000000ef080000)
  from space 29696K, 74% used [0x00000000ef080000,0x00000000f0605208,0x00000000f0d80000)
  to   space 29696K, 0% used [0x00000000f1000000,0x00000000f1000000,0x00000000f2d00000)
 ParOldGen       total 223232K, used 61047K [0x00000000a0000000, 0x00000000ada00000, 0x00000000e0000000)
  object space 223232K, 27% used [0x00000000a0000000,0x00000000a3b9df60,0x00000000ada00000)
 Metaspace       used 93173K, capacity 99178K, committed 99712K, reserved 1136640K
  class space    used 12007K, capacity 13019K, committed 13184K, reserved 1048576K
}
Event: 9653.933 GC heap before
{Heap before GC invocations=36 (full 4):
 PSYoungGen      total 275968K, used 268308K [0x00000000e0000000, 0x00000000f2d00000, 0x0000000100000000)
  eden space 246272K, 100% used [0x00000000e0000000,0x00000000ef080000,0x00000000ef080000)
  from space 29696K, 74% used [0x00000000ef080000,0x00000000f0605208,0x00000000f0d80000)
  to   space 29696K, 0% used [0x00000000f1000000,0x00000000f1000000,0x00000000f2d00000)
 ParOldGen       total 223232K, used 61047K [0x00000000a0000000, 0x00000000ada00000, 0x00000000e0000000)
  object space 223232K, 27% used [0x00000000a0000000,0x00000000a3b9df60,0x00000000ada00000)
 Metaspace       used 93497K, capacity 99784K, committed 100096K, reserved 1136640K
  class space    used 12055K, capacity 13108K, committed 13312K, reserved 1048576K
Event: 9653.964 GC heap after
Heap after GC invocations=36 (full 4):
 PSYoungGen      total 275456K, used 18044K [0x00000000e0000000, 0x00000000f2a80000, 0x0000000100000000)
  eden space 248320K, 0% used [0x00000000e0000000,0x00000000e0000000,0x00000000ef280000)
  from space 27136K, 66% used [0x00000000f1000000,0x00000000f219f170,0x00000000f2a80000)
  to   space 28672K, 0% used [0x00000000ef280000,0x00000000ef280000,0x00000000f0e80000)
 ParOldGen       total 223232K, used 61055K [0x00000000a0000000, 0x00000000ada00000, 0x00000000e0000000)
  object space 223232K, 27% used [0x00000000a0000000,0x00000000a3b9ff60,0x00000000ada00000)
 Metaspace       used 93497K, capacity 99784K, committed 100096K, reserved 1136640K
  class space    used 12055K, capacity 13108K, committed 13312K, reserved 1048576K
}
Event: 9657.515 GC heap before
{Heap before GC invocations=37 (full 4):
 PSYoungGen      total 275456K, used 266364K [0x00000000e0000000, 0x00000000f2a80000, 0x0000000100000000)
  eden space 248320K, 100% used [0x00000000e0000000,0x00000000ef280000,0x00000000ef280000)
  from space 27136K, 66% used [0x00000000f1000000,0x00000000f219f170,0x00000000f2a80000)
  to   space 28672K, 0% used [0x00000000ef280000,0x00000000ef280000,0x00000000f0e80000)
 ParOldGen       total 223232K, used 61055K [0x00000000a0000000, 0x00000000ada00000, 0x00000000e0000000)
  object space 223232K, 27% used [0x00000000a0000000,0x00000000a3b9ff60,0x00000000ada00000)
 Metaspace       used 93580K, capacity 99854K, committed 100096K, reserved 1136640K
  class space    used 12056K, capacity 13109K, committed 13312K, reserved 1048576K
Event: 9657.564 GC heap after
Heap after GC invocations=37 (full 4):
 PSYoungGen      total 276992K, used 25746K [0x00000000e0000000, 0x00000000f3880000, 0x0000000100000000)
  eden space 248320K, 0% used [0x00000000e0000000,0x00000000e0000000,0x00000000ef280000)
  from space 28672K, 89% used [0x00000000ef280000,0x00000000f0ba48f0,0x00000000f0e80000)
  to   space 30720K, 0% used [0x00000000f1a80000,0x00000000f1a80000,0x00000000f3880000)
 ParOldGen       total 223232K, used 61063K [0x00000000a0000000, 0x00000000ada00000, 0x00000000e0000000)
  object space 223232K, 27% used [0x00000000a0000000,0x00000000a3ba1f60,0x00000000ada00000)
 Metaspace       used 93580K, capacity 99854K, committed 100096K, reserved 1136640K
  class space    used 12056K, capacity 13109K, committed 13312K, reserved 1048576K
}
Event: 9973.127 GC heap before
{Heap before GC invocations=38 (full 4):
 PSYoungGen      total 276992K, used 274066K [0x00000000e0000000, 0x00000000f3880000, 0x0000000100000000)
  eden space 248320K, 100% used [0x00000000e0000000,0x00000000ef280000,0x00000000ef280000)
  from space 28672K, 89% used [0x00000000ef280000,0x00000000f0ba48f0,0x00000000f0e80000)
  to   space 30720K, 0% used [0x00000000f1a80000,0x00000000f1a80000,0x00000000f3880000)
 ParOldGen       total 223232K, used 61063K [0x00000000a0000000, 0x00000000ada00000, 0x00000000e0000000)
  object space 223232K, 27% used [0x00000000a0000000,0x00000000a3ba1f60,0x00000000ada00000)
 Metaspace       used 93745K, capacity 100082K, committed 100352K, reserved 1136640K
  class space    used 12060K, capacity 13115K, committed 13312K, reserved 1048576K
Event: 9973.257 GC heap after
Heap after GC invocations=38 (full 4):
 PSYoungGen      total 286720K, used 28841K [0x00000000e0000000, 0x00000000f3c00000, 0x0000000100000000)
  eden space 256000K, 0% used [0x00000000e0000000,0x00000000e0000000,0x00000000efa00000)
  from space 30720K, 93% used [0x00000000f1a80000,0x00000000f36aa550,0x00000000f3880000)
  to   space 33280K, 0% used [0x00000000efa00000,0x00000000efa00000,0x00000000f1a80000)
 ParOldGen       total 223232K, used 61071K [0x00000000a0000000, 0x00000000ada00000, 0x00000000e0000000)
  object space 223232K, 27% used [0x00000000a0000000,0x00000000a3ba3f60,0x00000000ada00000)
 Metaspace       used 93745K, capacity 100082K, committed 100352K, reserved 1136640K
  class space    used 12060K, capacity 13115K, committed 13312K, reserved 1048576K
}
Event: 10522.590 GC heap before
{Heap before GC invocations=39 (full 4):
 PSYoungGen      total 286720K, used 284841K [0x00000000e0000000, 0x00000000f3c00000, 0x0000000100000000)
  eden space 256000K, 100% used [0x00000000e0000000,0x00000000efa00000,0x00000000efa00000)
  from space 30720K, 93% used [0x00000000f1a80000,0x00000000f36aa550,0x00000000f3880000)
  to   space 33280K, 0% used [0x00000000efa00000,0x00000000efa00000,0x00000000f1a80000)
 ParOldGen       total 223232K, used 61071K [0x00000000a0000000, 0x00000000ada00000, 0x00000000e0000000)
  object space 223232K, 27% used [0x00000000a0000000,0x00000000a3ba3f60,0x00000000ada00000)
 Metaspace       used 93823K, capacity 100178K, committed 100608K, reserved 1136640K
  class space    used 12062K, capacity 13119K, committed 13312K, reserved 1048576K
Event: 10522.639 GC heap after
Heap after GC invocations=39 (full 4):
 PSYoungGen      total 289280K, used 23937K [0x00000000e0000000, 0x00000000f4180000, 0x0000000100000000)
  eden space 256000K, 0% used [0x00000000e0000000,0x00000000e0000000,0x00000000efa00000)
  from space 33280K, 71% used [0x00000000efa00000,0x00000000f1160778,0x00000000f1a80000)
  to   space 33280K, 0% used [0x00000000f2100000,0x00000000f2100000,0x00000000f4180000)
 ParOldGen       total 223232K, used 61079K [0x00000000a0000000, 0x00000000ada00000, 0x00000000e0000000)
  object space 223232K, 27% used [0x00000000a0000000,0x00000000a3ba5f60,0x00000000ada00000)
 Metaspace       used 93823K, capacity 100178K, committed 100608K, reserved 1136640K
  class space    used 12062K, capacity 13119K, committed 13312K, reserved 1048576K
}

