# JRE version: OpenJDK Runtime Environment (8.0_202-b03) (build 1.8.0_202-release-1483-b03)
# Java VM: OpenJDK 64-Bit Server VM (25.202-b03 mixed mode windows-amd64 compressed oops)
Heap:
 PSYoungGen      total 309760K, used 301407K [0x00000000e0000000, 0x00000000ff380000, 0x0000000100000000)
  eden space 255488K, 96% used [0x00000000e0000000,0x00000000ef159b30,0x00000000ef980000)
  from space 54272K, 99% used [0x00000000f5380000,0x00000000f887e120,0x00000000f8880000)
  to   space 92160K, 0% used [0x00000000ef980000,0x00000000ef980000,0x00000000f5380000)
 ParOldGen       total 280064K, used 194545K [0x00000000a0000000, 0x00000000b1180000, 0x00000000e0000000)
  object space 280064K, 69% used [0x00000000a0000000,0x00000000abdfc748,0x00000000b1180000)
 Metaspace       used 91004K, capacity 94984K, committed 95192K, reserved 1132544K
  class space    used 11707K, capacity 12481K, committed 12544K, reserved 1048576K
GC Heap History (10 events):
Event: 52.552 GC heap before
{Heap before GC invocations=22 (full 3):
 PSYoungGen      total 273408K, used 258622K [0x00000000e0000000, 0x00000000f3900000, 0x0000000100000000)
  eden space 230912K, 100% used [0x00000000e0000000,0x00000000ee180000,0x00000000ee180000)
  from space 42496K, 65% used [0x00000000f0c00000,0x00000000f270f958,0x00000000f3580000)
  to   space 43520K, 0% used [0x00000000ee180000,0x00000000ee180000,0x00000000f0c00000)
 ParOldGen       total 143872K, used 96343K [0x00000000a0000000, 0x00000000a8c80000, 0x00000000e0000000)
  object space 143872K, 66% used [0x00000000a0000000,0x00000000a5e15d10,0x00000000a8c80000)
 Metaspace       used 81127K, capacity 84308K, committed 84568K, reserved 1122304K
  class space    used 10668K, capacity 11353K, committed 11392K, reserved 1048576K
Event: 52.600 GC heap after
Heap after GC invocations=22 (full 3):
 PSYoungGen      total 274432K, used 43503K [0x00000000e0000000, 0x00000000f7680000, 0x0000000100000000)
  eden space 230912K, 0% used [0x00000000e0000000,0x00000000e0000000,0x00000000ee180000)
  from space 43520K, 99% used [0x00000000ee180000,0x00000000f0bfbea8,0x00000000f0c00000)
  to   space 59392K, 0% used [0x00000000f3c80000,0x00000000f3c80000,0x00000000f7680000)
 ParOldGen       total 143872K, used 120159K [0x00000000a0000000, 0x00000000a8c80000, 0x00000000e0000000)
  object space 143872K, 83% used [0x00000000a0000000,0x00000000a7557c08,0x00000000a8c80000)
 Metaspace       used 81127K, capacity 84308K, committed 84568K, reserved 1122304K
  class space    used 10668K, capacity 11353K, committed 11392K, reserved 1048576K
}
Event: 52.600 GC heap before
{Heap before GC invocations=23 (full 4):
 PSYoungGen      total 274432K, used 43503K [0x00000000e0000000, 0x00000000f7680000, 0x0000000100000000)
  eden space 230912K, 0% used [0x00000000e0000000,0x00000000e0000000,0x00000000ee180000)
  from space 43520K, 99% used [0x00000000ee180000,0x00000000f0bfbea8,0x00000000f0c00000)
  to   space 59392K, 0% used [0x00000000f3c80000,0x00000000f3c80000,0x00000000f7680000)
 ParOldGen       total 143872K, used 120159K [0x00000000a0000000, 0x00000000a8c80000, 0x00000000e0000000)
  object space 143872K, 83% used [0x00000000a0000000,0x00000000a7557c08,0x00000000a8c80000)
 Metaspace       used 81127K, capacity 84308K, committed 84568K, reserved 1122304K
  class space    used 10668K, capacity 11353K, committed 11392K, reserved 1048576K
Event: 52.925 GC heap after
Heap after GC invocations=23 (full 4):
 PSYoungGen      total 274432K, used 0K [0x00000000e0000000, 0x00000000f7680000, 0x0000000100000000)
  eden space 230912K, 0% used [0x00000000e0000000,0x00000000e0000000,0x00000000ee180000)
  from space 43520K, 0% used [0x00000000ee180000,0x00000000ee180000,0x00000000f0c00000)
  to   space 59392K, 0% used [0x00000000f3c80000,0x00000000f3c80000,0x00000000f7680000)
 ParOldGen       total 280064K, used 115497K [0x00000000a0000000, 0x00000000b1180000, 0x00000000e0000000)
  object space 280064K, 41% used [0x00000000a0000000,0x00000000a70ca590,0x00000000b1180000)
 Metaspace       used 80999K, capacity 83966K, committed 84568K, reserved 1122304K
  class space    used 10624K, capacity 11276K, committed 11392K, reserved 1048576K
}
Event: 189.028 GC heap before
{Heap before GC invocations=24 (full 4):
 PSYoungGen      total 274432K, used 230912K [0x00000000e0000000, 0x00000000f7680000, 0x0000000100000000)
  eden space 230912K, 100% used [0x00000000e0000000,0x00000000ee180000,0x00000000ee180000)
  from space 43520K, 0% used [0x00000000ee180000,0x00000000ee180000,0x00000000f0c00000)
  to   space 59392K, 0% used [0x00000000f3c80000,0x00000000f3c80000,0x00000000f7680000)
 ParOldGen       total 280064K, used 115497K [0x00000000a0000000, 0x00000000b1180000, 0x00000000e0000000)
  object space 280064K, 41% used [0x00000000a0000000,0x00000000a70ca590,0x00000000b1180000)
 Metaspace       used 88447K, capacity 92194K, committed 92376K, reserved 1130496K
  class space    used 11496K, capacity 12259K, committed 12288K, reserved 1048576K
Event: 189.059 GC heap after
Heap after GC invocations=24 (full 4):
 PSYoungGen      total 313856K, used 18568K [0x00000000e0000000, 0x00000000f6e80000, 0x0000000100000000)
  eden space 262656K, 0% used [0x00000000e0000000,0x00000000e0000000,0x00000000f0080000)
  from space 51200K, 36% used [0x00000000f3c80000,0x00000000f4ea2030,0x00000000f6e80000)
  to   space 56320K, 0% used [0x00000000f0080000,0x00000000f0080000,0x00000000f3780000)
 ParOldGen       total 280064K, used 115505K [0x00000000a0000000, 0x00000000b1180000, 0x00000000e0000000)
  object space 280064K, 41% used [0x00000000a0000000,0x00000000a70cc590,0x00000000b1180000)
 Metaspace       used 88447K, capacity 92194K, committed 92376K, reserved 1130496K
  class space    used 11496K, capacity 12259K, committed 12288K, reserved 1048576K
}
Event: 205.019 GC heap before
{Heap before GC invocations=25 (full 4):
 PSYoungGen      total 313856K, used 281224K [0x00000000e0000000, 0x00000000f6e80000, 0x0000000100000000)
  eden space 262656K, 100% used [0x00000000e0000000,0x00000000f0080000,0x00000000f0080000)
  from space 51200K, 36% used [0x00000000f3c80000,0x00000000f4ea2030,0x00000000f6e80000)
  to   space 56320K, 0% used [0x00000000f0080000,0x00000000f0080000,0x00000000f3780000)
 ParOldGen       total 280064K, used 115505K [0x00000000a0000000, 0x00000000b1180000, 0x00000000e0000000)
  object space 280064K, 41% used [0x00000000a0000000,0x00000000a70cc590,0x00000000b1180000)
 Metaspace       used 90576K, capacity 94578K, committed 94680K, reserved 1132544K
  class space    used 11702K, capacity 12480K, committed 12544K, reserved 1048576K
Event: 205.053 GC heap after
Heap after GC invocations=25 (full 4):
 PSYoungGen      total 318976K, used 16177K [0x00000000e0000000, 0x00000000f8880000, 0x0000000100000000)
  eden space 262656K, 0% used [0x00000000e0000000,0x00000000e0000000,0x00000000f0080000)
  from space 56320K, 28% used [0x00000000f0080000,0x00000000f104c620,0x00000000f3780000)
  to   space 54272K, 0% used [0x00000000f5380000,0x00000000f5380000,0x00000000f8880000)
 ParOldGen       total 280064K, used 115513K [0x00000000a0000000, 0x00000000b1180000, 0x00000000e0000000)
  object space 280064K, 41% used [0x00000000a0000000,0x00000000a70ce590,0x00000000b1180000)
 Metaspace       used 90576K, capacity 94578K, committed 94680K, reserved 1132544K
  class space    used 11702K, capacity 12480K, committed 12544K, reserved 1048576K
}
Event: 207.961 GC heap before
{Heap before GC invocations=26 (full 4):
 PSYoungGen      total 318976K, used 278833K [0x00000000e0000000, 0x00000000f8880000, 0x0000000100000000)
  eden space 262656K, 100% used [0x00000000e0000000,0x00000000f0080000,0x00000000f0080000)
  from space 56320K, 28% used [0x00000000f0080000,0x00000000f104c620,0x00000000f3780000)
  to   space 54272K, 0% used [0x00000000f5380000,0x00000000f5380000,0x00000000f8880000)
 ParOldGen       total 280064K, used 115513K [0x00000000a0000000, 0x00000000b1180000, 0x00000000e0000000)
  object space 280064K, 41% used [0x00000000a0000000,0x00000000a70ce590,0x00000000b1180000)
 Metaspace       used 90753K, capacity 94718K, committed 94936K, reserved 1132544K
  class space    used 11703K, capacity 12480K, committed 12544K, reserved 1048576K
Event: 208.416 GC heap after
Heap after GC invocations=26 (full 4):
 PSYoungGen      total 309760K, used 54264K [0x00000000e0000000, 0x00000000ff380000, 0x0000000100000000)
  eden space 255488K, 0% used [0x00000000e0000000,0x00000000e0000000,0x00000000ef980000)
  from space 54272K, 99% used [0x00000000f5380000,0x00000000f887e120,0x00000000f8880000)
  to   space 92160K, 0% used [0x00000000ef980000,0x00000000ef980000,0x00000000f5380000)
 ParOldGen       total 280064K, used 194545K [0x00000000a0000000, 0x00000000b1180000, 0x00000000e0000000)
  object space 280064K, 69% used [0x00000000a0000000,0x00000000abdfc748,0x00000000b1180000)
 Metaspace       used 90753K, capacity 94718K, committed 94936K, reserved 1132544K
  class space    used 11703K, capacity 12480K, committed 12544K, reserved 1048576K
}

