# JRE version: OpenJDK Runtime Environment (11.0.10) (build 11.0.10+0-b96-7249189)
# Java VM: OpenJDK 64-Bit Server VM (11.0.10+0-b96-7249189, mixed mode, tiered, compressed oops, g1 gc, windows-amd64)
Heap:
 garbage-first heap   total 189440K, used 130507K [0x00000000a0000000, 0x0000000100000000)
  region size 1024K, 47 young (48128K), 3 survivors (3072K)
 Metaspace       used 87649K, capacity 89934K, committed 90108K, reserved 1128448K
  class space    used 10985K, capacity 11788K, committed 11904K, reserved 1048576K
GC Heap History (20 events):
Event: 13.678 GC heap before
{Heap before GC invocations=14 (full 0):
 garbage-first heap   total 157696K, used 108753K [0x00000000a0000000, 0x0000000100000000)
  region size 1024K, 65 young (66560K), 3 survivors (3072K)
 Metaspace       used 63137K, capacity 64780K, committed 64892K, reserved 1105920K
  class space    used 8020K, capacity 8626K, committed 8704K, reserved 1048576K
}
Event: 13.706 GC heap after
{Heap after GC invocations=15 (full 0):
 garbage-first heap   total 157696K, used 50166K [0x00000000a0000000, 0x0000000100000000)
  region size 1024K, 8 young (8192K), 8 survivors (8192K)
 Metaspace       used 63137K, capacity 64780K, committed 64892K, reserved 1105920K
  class space    used 8020K, capacity 8626K, committed 8704K, reserved 1048576K
}
Event: 16.245 GC heap before
{Heap before GC invocations=16 (full 0):
 garbage-first heap   total 157696K, used 112630K [0x00000000a0000000, 0x0000000100000000)
  region size 1024K, 69 young (70656K), 8 survivors (8192K)
 Metaspace       used 68379K, capacity 70063K, committed 70268K, reserved 1110016K
  class space    used 8843K, capacity 9459K, committed 9472K, reserved 1048576K
}
Event: 16.279 GC heap after
{Heap after GC invocations=17 (full 0):
 garbage-first heap   total 189440K, used 54597K [0x00000000a0000000, 0x0000000100000000)
  region size 1024K, 5 young (5120K), 5 survivors (5120K)
 Metaspace       used 68379K, capacity 70063K, committed 70268K, reserved 1110016K
  class space    used 8843K, capacity 9459K, committed 9472K, reserved 1048576K
}
Event: 18.009 GC heap before
{Heap before GC invocations=17 (full 0):
 garbage-first heap   total 189440K, used 129349K [0x00000000a0000000, 0x0000000100000000)
  region size 1024K, 78 young (79872K), 5 survivors (5120K)
 Metaspace       used 72107K, capacity 73890K, committed 73980K, reserved 1114112K
  class space    used 9390K, capacity 10023K, committed 10112K, reserved 1048576K
}
Event: 18.033 GC heap after
{Heap after GC invocations=18 (full 0):
 garbage-first heap   total 189440K, used 59254K [0x00000000a0000000, 0x0000000100000000)
  region size 1024K, 9 young (9216K), 9 survivors (9216K)
 Metaspace       used 72107K, capacity 73890K, committed 73980K, reserved 1114112K
  class space    used 9390K, capacity 10023K, committed 10112K, reserved 1048576K
}
Event: 21.065 GC heap before
{Heap before GC invocations=18 (full 0):
 garbage-first heap   total 189440K, used 135030K [0x00000000a0000000, 0x0000000100000000)
  region size 1024K, 83 young (84992K), 9 survivors (9216K)
 Metaspace       used 78891K, capacity 81061K, committed 81148K, reserved 1120256K
  class space    used 10333K, capacity 11112K, committed 11136K, reserved 1048576K
}
Event: 21.090 GC heap after
{Heap after GC invocations=19 (full 0):
 garbage-first heap   total 189440K, used 64930K [0x00000000a0000000, 0x0000000100000000)
  region size 1024K, 11 young (11264K), 11 survivors (11264K)
 Metaspace       used 78891K, capacity 81061K, committed 81148K, reserved 1120256K
  class space    used 10333K, capacity 11112K, committed 11136K, reserved 1048576K
}
Event: 22.645 GC heap before
{Heap before GC invocations=19 (full 0):
 garbage-first heap   total 189440K, used 138658K [0x00000000a0000000, 0x0000000100000000)
  region size 1024K, 84 young (86016K), 11 survivors (11264K)
 Metaspace       used 79750K, capacity 81913K, committed 82044K, reserved 1120256K
  class space    used 10401K, capacity 11188K, committed 11264K, reserved 1048576K
}
Event: 22.674 GC heap after
{Heap after GC invocations=20 (full 0):
 garbage-first heap   total 189440K, used 70358K [0x00000000a0000000, 0x0000000100000000)
  region size 1024K, 11 young (11264K), 11 survivors (11264K)
 Metaspace       used 79750K, capacity 81913K, committed 82044K, reserved 1120256K
  class space    used 10401K, capacity 11188K, committed 11264K, reserved 1048576K
}
Event: 28.127 GC heap before
{Heap before GC invocations=20 (full 0):
 garbage-first heap   total 189440K, used 143062K [0x00000000a0000000, 0x0000000100000000)
  region size 1024K, 83 young (84992K), 11 survivors (11264K)
 Metaspace       used 81684K, capacity 83832K, committed 83964K, reserved 1122304K
  class space    used 10540K, capacity 11334K, committed 11392K, reserved 1048576K
}
Event: 28.163 GC heap after
{Heap after GC invocations=21 (full 0):
 garbage-first heap   total 189440K, used 82794K [0x00000000a0000000, 0x0000000100000000)
  region size 1024K, 11 young (11264K), 11 survivors (11264K)
 Metaspace       used 81684K, capacity 83832K, committed 83964K, reserved 1122304K
  class space    used 10540K, capacity 11334K, committed 11392K, reserved 1048576K
}
Event: 30.864 GC heap before
{Heap before GC invocations=21 (full 0):
 garbage-first heap   total 189440K, used 148330K [0x00000000a0000000, 0x0000000100000000)
  region size 1024K, 72 young (73728K), 11 survivors (11264K)
 Metaspace       used 82141K, capacity 84256K, committed 84476K, reserved 1122304K
  class space    used 10581K, capacity 11367K, committed 11392K, reserved 1048576K
}
Event: 30.888 GC heap after
{Heap after GC invocations=22 (full 0):
 garbage-first heap   total 189440K, used 87542K [0x00000000a0000000, 0x0000000100000000)
  region size 1024K, 4 young (4096K), 4 survivors (4096K)
 Metaspace       used 82141K, capacity 84256K, committed 84476K, reserved 1122304K
  class space    used 10581K, capacity 11367K, committed 11392K, reserved 1048576K
}
Event: 31.008 GC heap before
{Heap before GC invocations=22 (full 0):
 garbage-first heap   total 189440K, used 93686K [0x00000000a0000000, 0x0000000100000000)
  region size 1024K, 10 young (10240K), 4 survivors (4096K)
 Metaspace       used 82163K, capacity 84326K, committed 84476K, reserved 1122304K
  class space    used 10584K, capacity 11369K, committed 11392K, reserved 1048576K
}
Event: 31.022 GC heap after
{Heap after GC invocations=23 (full 0):
 garbage-first heap   total 189440K, used 90292K [0x00000000a0000000, 0x0000000100000000)
  region size 1024K, 6 young (6144K), 6 survivors (6144K)
 Metaspace       used 82163K, capacity 84326K, committed 84476K, reserved 1122304K
  class space    used 10584K, capacity 11369K, committed 11392K, reserved 1048576K
}
Event: 34.011 GC heap before
{Heap before GC invocations=24 (full 0):
 garbage-first heap   total 189440K, used 154804K [0x00000000a0000000, 0x0000000100000000)
  region size 1024K, 63 young (64512K), 6 survivors (6144K)
 Metaspace       used 86494K, capacity 88717K, committed 88956K, reserved 1126400K
  class space    used 10917K, capacity 11715K, committed 11776K, reserved 1048576K
}
Event: 34.046 GC heap after
{Heap after GC invocations=25 (full 0):
 garbage-first heap   total 189440K, used 93434K [0x00000000a0000000, 0x0000000100000000)
  region size 1024K, 7 young (7168K), 7 survivors (7168K)
 Metaspace       used 86494K, capacity 88717K, committed 88956K, reserved 1126400K
  class space    used 10917K, capacity 11715K, committed 11776K, reserved 1048576K
}
Event: 35.972 GC heap before
{Heap before GC invocations=25 (full 0):
 garbage-first heap   total 189440K, used 148730K [0x00000000a0000000, 0x0000000100000000)
  region size 1024K, 62 young (63488K), 7 survivors (7168K)
 Metaspace       used 86868K, capacity 89101K, committed 89212K, reserved 1126400K
  class space    used 10932K, capacity 11749K, committed 11776K, reserved 1048576K
}
Event: 35.991 GC heap after
{Heap after GC invocations=26 (full 0):
 garbage-first heap   total 189440K, used 92619K [0x00000000a0000000, 0x0000000100000000)
  region size 1024K, 3 young (3072K), 3 survivors (3072K)
 Metaspace       used 86868K, capacity 89101K, committed 89212K, reserved 1126400K
  class space    used 10932K, capacity 11749K, committed 11776K, reserved 1048576K
}

