# JRE version: OpenJDK Runtime Environment (11.0.10) (build 11.0.10+0-b96-7249189)
# Java VM: OpenJDK 64-Bit Server VM (11.0.10+0-b96-7249189, mixed mode, tiered, compressed oops, g1 gc, windows-amd64)
Heap:
 garbage-first heap   total 274432K, used 196853K [0x00000000a0000000, 0x0000000100000000)
  region size 1024K, 58 young (59392K), 8 survivors (8192K)
 Metaspace       used 91409K, capacity 93875K, committed 94200K, reserved 1130496K
  class space    used 11844K, capacity 12769K, committed 12876K, reserved 1048576K
GC Heap History (20 events):
Event: 35.305 GC heap before
{Heap before GC invocations=55 (full 0):
 garbage-first heap   total 274432K, used 232930K [0x00000000a0000000, 0x0000000100000000)
  region size 1024K, 99 young (101376K), 9 survivors (9216K)
 Metaspace       used 91358K, capacity 93801K, committed 93944K, reserved 1130496K
  class space    used 11842K, capacity 12768K, committed 12876K, reserved 1048576K
}
Event: 35.320 GC heap after
{Heap after GC invocations=56 (full 0):
 garbage-first heap   total 274432K, used 140286K [0x00000000a0000000, 0x0000000100000000)
  region size 1024K, 7 young (7168K), 7 survivors (7168K)
 Metaspace       used 91358K, capacity 93801K, committed 93944K, reserved 1130496K
  class space    used 11842K, capacity 12768K, committed 12876K, reserved 1048576K
}
Event: 35.909 GC heap before
{Heap before GC invocations=56 (full 0):
 garbage-first heap   total 274432K, used 233470K [0x00000000a0000000, 0x0000000100000000)
  region size 1024K, 98 young (100352K), 7 survivors (7168K)
 Metaspace       used 91362K, capacity 93801K, committed 93944K, reserved 1130496K
  class space    used 11842K, capacity 12768K, committed 12876K, reserved 1048576K
}
Event: 35.923 GC heap after
{Heap after GC invocations=57 (full 0):
 garbage-first heap   total 274432K, used 141965K [0x00000000a0000000, 0x0000000100000000)
  region size 1024K, 8 young (8192K), 8 survivors (8192K)
 Metaspace       used 91362K, capacity 93801K, committed 93944K, reserved 1130496K
  class space    used 11842K, capacity 12768K, committed 12876K, reserved 1048576K
}
Event: 36.720 GC heap before
{Heap before GC invocations=58 (full 0):
 garbage-first heap   total 274432K, used 235149K [0x00000000a0000000, 0x0000000100000000)
  region size 1024K, 99 young (101376K), 8 survivors (8192K)
 Metaspace       used 91365K, capacity 93803K, committed 93944K, reserved 1130496K
  class space    used 11842K, capacity 12768K, committed 12876K, reserved 1048576K
}
Event: 36.734 GC heap after
{Heap after GC invocations=59 (full 0):
 garbage-first heap   total 274432K, used 141365K [0x00000000a0000000, 0x0000000100000000)
  region size 1024K, 7 young (7168K), 7 survivors (7168K)
 Metaspace       used 91365K, capacity 93803K, committed 93944K, reserved 1130496K
  class space    used 11842K, capacity 12768K, committed 12876K, reserved 1048576K
}
Event: 37.316 GC heap before
{Heap before GC invocations=59 (full 0):
 garbage-first heap   total 274432K, used 235573K [0x00000000a0000000, 0x0000000100000000)
  region size 1024K, 99 young (101376K), 7 survivors (7168K)
 Metaspace       used 91372K, capacity 93803K, committed 93944K, reserved 1130496K
  class space    used 11844K, capacity 12768K, committed 12876K, reserved 1048576K
}
Event: 37.329 GC heap after
{Heap after GC invocations=60 (full 0):
 garbage-first heap   total 274432K, used 143051K [0x00000000a0000000, 0x0000000100000000)
  region size 1024K, 8 young (8192K), 8 survivors (8192K)
 Metaspace       used 91372K, capacity 93803K, committed 93944K, reserved 1130496K
  class space    used 11844K, capacity 12768K, committed 12876K, reserved 1048576K
}
Event: 38.167 GC heap before
{Heap before GC invocations=61 (full 0):
 garbage-first heap   total 274432K, used 237259K [0x00000000a0000000, 0x0000000100000000)
  region size 1024K, 100 young (102400K), 8 survivors (8192K)
 Metaspace       used 91379K, capacity 93804K, committed 93944K, reserved 1130496K
  class space    used 11844K, capacity 12768K, committed 12876K, reserved 1048576K
}
Event: 38.182 GC heap after
{Heap after GC invocations=62 (full 0):
 garbage-first heap   total 274432K, used 142908K [0x00000000a0000000, 0x0000000100000000)
  region size 1024K, 7 young (7168K), 7 survivors (7168K)
 Metaspace       used 91379K, capacity 93804K, committed 93944K, reserved 1130496K
  class space    used 11844K, capacity 12768K, committed 12876K, reserved 1048576K
}
Event: 38.790 GC heap before
{Heap before GC invocations=62 (full 0):
 garbage-first heap   total 274432K, used 237116K [0x00000000a0000000, 0x0000000100000000)
  region size 1024K, 99 young (101376K), 7 survivors (7168K)
 Metaspace       used 91388K, capacity 93808K, committed 93944K, reserved 1130496K
  class space    used 11844K, capacity 12768K, committed 12876K, reserved 1048576K
}
Event: 38.803 GC heap after
{Heap after GC invocations=63 (full 0):
 garbage-first heap   total 274432K, used 144566K [0x00000000a0000000, 0x0000000100000000)
  region size 1024K, 9 young (9216K), 9 survivors (9216K)
 Metaspace       used 91388K, capacity 93808K, committed 93944K, reserved 1130496K
  class space    used 11844K, capacity 12768K, committed 12876K, reserved 1048576K
}
Event: 39.566 GC heap before
{Heap before GC invocations=64 (full 0):
 garbage-first heap   total 274432K, used 236726K [0x00000000a0000000, 0x0000000100000000)
  region size 1024K, 99 young (101376K), 9 survivors (9216K)
 Metaspace       used 91392K, capacity 93808K, committed 93944K, reserved 1130496K
  class space    used 11844K, capacity 12768K, committed 12876K, reserved 1048576K
}
Event: 39.580 GC heap after
{Heap after GC invocations=65 (full 0):
 garbage-first heap   total 274432K, used 143754K [0x00000000a0000000, 0x0000000100000000)
  region size 1024K, 7 young (7168K), 7 survivors (7168K)
 Metaspace       used 91392K, capacity 93808K, committed 93944K, reserved 1130496K
  class space    used 11844K, capacity 12768K, committed 12876K, reserved 1048576K
}
Event: 40.189 GC heap before
{Heap before GC invocations=65 (full 0):
 garbage-first heap   total 274432K, used 237962K [0x00000000a0000000, 0x0000000100000000)
  region size 1024K, 99 young (101376K), 7 survivors (7168K)
 Metaspace       used 91397K, capacity 93872K, committed 94200K, reserved 1130496K
  class space    used 11844K, capacity 12768K, committed 12876K, reserved 1048576K
}
Event: 40.203 GC heap after
{Heap after GC invocations=66 (full 0):
 garbage-first heap   total 274432K, used 145369K [0x00000000a0000000, 0x0000000100000000)
  region size 1024K, 8 young (8192K), 8 survivors (8192K)
 Metaspace       used 91397K, capacity 93872K, committed 94200K, reserved 1130496K
  class space    used 11844K, capacity 12768K, committed 12876K, reserved 1048576K
}
Event: 40.968 GC heap before
{Heap before GC invocations=67 (full 0):
 garbage-first heap   total 274432K, used 237529K [0x00000000a0000000, 0x0000000100000000)
  region size 1024K, 98 young (100352K), 8 survivors (8192K)
 Metaspace       used 91401K, capacity 93875K, committed 94200K, reserved 1130496K
  class space    used 11844K, capacity 12769K, committed 12876K, reserved 1048576K
}
Event: 40.985 GC heap after
{Heap after GC invocations=68 (full 0):
 garbage-first heap   total 274432K, used 145653K [0x00000000a0000000, 0x0000000100000000)
  region size 1024K, 7 young (7168K), 7 survivors (7168K)
 Metaspace       used 91401K, capacity 93875K, committed 94200K, reserved 1130496K
  class space    used 11844K, capacity 12769K, committed 12876K, reserved 1048576K
}
Event: 41.496 GC heap before
{Heap before GC invocations=68 (full 0):
 garbage-first heap   total 274432K, used 238837K [0x00000000a0000000, 0x0000000100000000)
  region size 1024K, 98 young (100352K), 7 survivors (7168K)
 Metaspace       used 91408K, capacity 93875K, committed 94200K, reserved 1130496K
  class space    used 11844K, capacity 12769K, committed 12876K, reserved 1048576K
}
Event: 41.512 GC heap after
{Heap after GC invocations=69 (full 0):
 garbage-first heap   total 274432K, used 146677K [0x00000000a0000000, 0x0000000100000000)
  region size 1024K, 8 young (8192K), 8 survivors (8192K)
 Metaspace       used 91408K, capacity 93875K, committed 94200K, reserved 1130496K
  class space    used 11844K, capacity 12769K, committed 12876K, reserved 1048576K
}

