# JRE version: OpenJDK Runtime Environment (8.0_202-b03) (build 1.8.0_202-release-1483-b03)
# Java VM: OpenJDK 64-Bit Server VM (25.202-b03 mixed mode windows-amd64 compressed oops)
Heap:
 PSYoungGen      total 424448K, used 48338K [0x00000000e0000000, 0x0000000100000000, 0x0000000100000000)
  eden space 319488K, 4% used [0x00000000e0000000,0x00000000e0ec7868,0x00000000f3800000)
  from space 104960K, 31% used [0x00000000f9980000,0x00000000fb9ed0e0,0x0000000100000000)
  to   space 99840K, 0% used [0x00000000f3800000,0x00000000f3800000,0x00000000f9980000)
 ParOldGen       total 421888K, used 217981K [0x00000000a0000000, 0x00000000b9c00000, 0x00000000e0000000)
  object space 421888K, 51% used [0x00000000a0000000,0x00000000ad4df5f8,0x00000000b9c00000)
 Metaspace       used 85495K, capacity 89560K, committed 89856K, reserved 1126400K
  class space    used 11144K, capacity 11919K, committed 12032K, reserved 1048576K
GC Heap History (10 events):
Event: 697.033 GC heap before
{Heap before GC invocations=25 (full 4):
 PSYoungGen      total 386048K, used 355622K [0x00000000e0000000, 0x00000000fca00000, 0x0000000100000000)
  eden space 321536K, 100% used [0x00000000e0000000,0x00000000f3a00000,0x00000000f3a00000)
  from space 64512K, 52% used [0x00000000f8b00000,0x00000000fac49970,0x00000000fca00000)
  to   space 73728K, 0% used [0x00000000f3a00000,0x00000000f3a00000,0x00000000f8200000)
 ParOldGen       total 331776K, used 224557K [0x00000000a0000000, 0x00000000b4400000, 0x00000000e0000000)
  object space 331776K, 67% used [0x00000000a0000000,0x00000000adb4b6c8,0x00000000b4400000)
 Metaspace       used 84351K, capacity 88248K, committed 88448K, reserved 1126400K
  class space    used 11056K, capacity 11799K, committed 11904K, reserved 1048576K
Event: 697.074 GC heap after
Heap after GC invocations=25 (full 4):
 PSYoungGen      total 395264K, used 25550K [0x00000000e0000000, 0x00000000ffb80000, 0x0000000100000000)
  eden space 321536K, 0% used [0x00000000e0000000,0x00000000e0000000,0x00000000f3a00000)
  from space 73728K, 34% used [0x00000000f3a00000,0x00000000f52f3a50,0x00000000f8200000)
  to   space 70144K, 0% used [0x00000000fb700000,0x00000000fb700000,0x00000000ffb80000)
 ParOldGen       total 331776K, used 226241K [0x00000000a0000000, 0x00000000b4400000, 0x00000000e0000000)
  object space 331776K, 68% used [0x00000000a0000000,0x00000000adcf07d8,0x00000000b4400000)
 Metaspace       used 84351K, capacity 88248K, committed 88448K, reserved 1126400K
  class space    used 11056K, capacity 11799K, committed 11904K, reserved 1048576K
}
Event: 701.424 GC heap before
{Heap before GC invocations=26 (full 4):
 PSYoungGen      total 395264K, used 347086K [0x00000000e0000000, 0x00000000ffb80000, 0x0000000100000000)
  eden space 321536K, 100% used [0x00000000e0000000,0x00000000f3a00000,0x00000000f3a00000)
  from space 73728K, 34% used [0x00000000f3a00000,0x00000000f52f3a50,0x00000000f8200000)
  to   space 70144K, 0% used [0x00000000fb700000,0x00000000fb700000,0x00000000ffb80000)
 ParOldGen       total 331776K, used 226241K [0x00000000a0000000, 0x00000000b4400000, 0x00000000e0000000)
  object space 331776K, 68% used [0x00000000a0000000,0x00000000adcf07d8,0x00000000b4400000)
 Metaspace       used 84776K, capacity 88720K, committed 88960K, reserved 1126400K
  class space    used 11085K, capacity 11839K, committed 11904K, reserved 1048576K
Event: 701.665 GC heap after
Heap after GC invocations=26 (full 4):
 PSYoungGen      total 402944K, used 70141K [0x00000000e0000000, 0x0000000100000000, 0x0000000100000000)
  eden space 332800K, 0% used [0x00000000e0000000,0x00000000e0000000,0x00000000f4500000)
  from space 70144K, 99% used [0x00000000fb700000,0x00000000ffb7f6d8,0x00000000ffb80000)
  to   space 95744K, 0% used [0x00000000f4500000,0x00000000f4500000,0x00000000fa280000)
 ParOldGen       total 331776K, used 265246K [0x00000000a0000000, 0x00000000b4400000, 0x00000000e0000000)
  object space 331776K, 79% used [0x00000000a0000000,0x00000000b0307950,0x00000000b4400000)
 Metaspace       used 84776K, capacity 88720K, committed 88960K, reserved 1126400K
  class space    used 11085K, capacity 11839K, committed 11904K, reserved 1048576K
}
Event: 703.684 GC heap before
{Heap before GC invocations=27 (full 4):
 PSYoungGen      total 402944K, used 402941K [0x00000000e0000000, 0x0000000100000000, 0x0000000100000000)
  eden space 332800K, 100% used [0x00000000e0000000,0x00000000f4500000,0x00000000f4500000)
  from space 70144K, 99% used [0x00000000fb700000,0x00000000ffb7f6d8,0x00000000ffb80000)
  to   space 95744K, 0% used [0x00000000f4500000,0x00000000f4500000,0x00000000fa280000)
 ParOldGen       total 331776K, used 265246K [0x00000000a0000000, 0x00000000b4400000, 0x00000000e0000000)
  object space 331776K, 79% used [0x00000000a0000000,0x00000000b0307950,0x00000000b4400000)
 Metaspace       used 84939K, capacity 88840K, committed 88960K, reserved 1126400K
  class space    used 11108K, capacity 11875K, committed 11904K, reserved 1048576K
Event: 703.875 GC heap after
Heap after GC invocations=27 (full 4):
 PSYoungGen      total 411136K, used 78239K [0x00000000e0000000, 0x0000000100000000, 0x0000000100000000)
  eden space 332800K, 0% used [0x00000000e0000000,0x00000000e0000000,0x00000000f4500000)
  from space 78336K, 99% used [0x00000000f4500000,0x00000000f9167d90,0x00000000f9180000)
  to   space 104960K, 0% used [0x00000000f9980000,0x00000000f9980000,0x0000000100000000)
 ParOldGen       total 331776K, used 325348K [0x00000000a0000000, 0x00000000b4400000, 0x00000000e0000000)
  object space 331776K, 98% used [0x00000000a0000000,0x00000000b3db9110,0x00000000b4400000)
 Metaspace       used 84939K, capacity 88840K, committed 88960K, reserved 1126400K
  class space    used 11108K, capacity 11875K, committed 11904K, reserved 1048576K
}
Event: 703.875 GC heap before
{Heap before GC invocations=28 (full 5):
 PSYoungGen      total 411136K, used 78239K [0x00000000e0000000, 0x0000000100000000, 0x0000000100000000)
  eden space 332800K, 0% used [0x00000000e0000000,0x00000000e0000000,0x00000000f4500000)
  from space 78336K, 99% used [0x00000000f4500000,0x00000000f9167d90,0x00000000f9180000)
  to   space 104960K, 0% used [0x00000000f9980000,0x00000000f9980000,0x0000000100000000)
 ParOldGen       total 331776K, used 325348K [0x00000000a0000000, 0x00000000b4400000, 0x00000000e0000000)
  object space 331776K, 98% used [0x00000000a0000000,0x00000000b3db9110,0x00000000b4400000)
 Metaspace       used 84939K, capacity 88840K, committed 88960K, reserved 1126400K
  class space    used 11108K, capacity 11875K, committed 11904K, reserved 1048576K
Event: 705.477 GC heap after
Heap after GC invocations=28 (full 5):
 PSYoungGen      total 411136K, used 0K [0x00000000e0000000, 0x0000000100000000, 0x0000000100000000)
  eden space 332800K, 0% used [0x00000000e0000000,0x00000000e0000000,0x00000000f4500000)
  from space 78336K, 0% used [0x00000000f4500000,0x00000000f4500000,0x00000000f9180000)
  to   space 104960K, 0% used [0x00000000f9980000,0x00000000f9980000,0x0000000100000000)
 ParOldGen       total 421888K, used 217973K [0x00000000a0000000, 0x00000000b9c00000, 0x00000000e0000000)
  object space 421888K, 51% used [0x00000000a0000000,0x00000000ad4dd5f8,0x00000000b9c00000)
 Metaspace       used 84939K, capacity 88840K, committed 88960K, reserved 1126400K
  class space    used 11108K, capacity 11875K, committed 11904K, reserved 1048576K
}
Event: 929.829 GC heap before
{Heap before GC invocations=29 (full 5):
 PSYoungGen      total 411136K, used 331937K [0x00000000e0000000, 0x0000000100000000, 0x0000000100000000)
  eden space 332800K, 99% used [0x00000000e0000000,0x00000000f44284b0,0x00000000f4500000)
  from space 78336K, 0% used [0x00000000f4500000,0x00000000f4500000,0x00000000f9180000)
  to   space 104960K, 0% used [0x00000000f9980000,0x00000000f9980000,0x0000000100000000)
 ParOldGen       total 421888K, used 217973K [0x00000000a0000000, 0x00000000b9c00000, 0x00000000e0000000)
  object space 421888K, 51% used [0x00000000a0000000,0x00000000ad4dd5f8,0x00000000b9c00000)
 Metaspace       used 85479K, capacity 89496K, committed 89856K, reserved 1126400K
  class space    used 11144K, capacity 11919K, committed 12032K, reserved 1048576K
Event: 929.871 GC heap after
Heap after GC invocations=29 (full 5):
 PSYoungGen      total 424448K, used 33204K [0x00000000e0000000, 0x0000000100000000, 0x0000000100000000)
  eden space 319488K, 0% used [0x00000000e0000000,0x00000000e0000000,0x00000000f3800000)
  from space 104960K, 31% used [0x00000000f9980000,0x00000000fb9ed0e0,0x0000000100000000)
  to   space 99840K, 0% used [0x00000000f3800000,0x00000000f3800000,0x00000000f9980000)
 ParOldGen       total 421888K, used 217981K [0x00000000a0000000, 0x00000000b9c00000, 0x00000000e0000000)
  object space 421888K, 51% used [0x00000000a0000000,0x00000000ad4df5f8,0x00000000b9c00000)
 Metaspace       used 85479K, capacity 89496K, committed 89856K, reserved 1126400K
  class space    used 11144K, capacity 11919K, committed 12032K, reserved 1048576K
}

