# JRE version: OpenJDK Runtime Environment (8.0_202-b03) (build 1.8.0_202-release-1483-b03)
# Java VM: OpenJDK 64-Bit Server VM (25.202-b03 mixed mode windows-amd64 compressed oops)
Heap:
 PSYoungGen      total 241664K, used 196167K [0x00000000e0000000, 0x00000000f4180000, 0x0000000100000000)
  eden space 152576K, 100% used [0x00000000e0000000,0x00000000e9500000,0x00000000e9500000)
  from space 89088K, 48% used [0x00000000eea00000,0x00000000f1491cc8,0x00000000f4100000)
  to   space 87040K, 79% used [0x00000000e9500000,0x00000000ed8bfb10,0x00000000eea00000)
 ParOldGen       total 271872K, used 114986K [0x00000000a0000000, 0x00000000b0980000, 0x00000000e0000000)
  object space 271872K, 42% used [0x00000000a0000000,0x00000000a704ab40,0x00000000b0980000)
 Metaspace       used 96456K, capacity 101046K, committed 102016K, reserved 1138688K
  class space    used 12323K, capacity 13111K, committed 13440K, reserved 1048576K
GC Heap History (10 events):
Event: 8921.371 GC heap after
Heap after GC invocations=32 (full 3):
 PSYoungGen      total 165376K, used 46077K [0x00000000e0000000, 0x00000000efe80000, 0x0000000100000000)
  eden space 119296K, 0% used [0x00000000e0000000,0x00000000e0000000,0x00000000e7480000)
  from space 46080K, 99% used [0x00000000e7480000,0x00000000ea17f4a0,0x00000000ea180000)
  to   space 62976K, 0% used [0x00000000ec100000,0x00000000ec100000,0x00000000efe80000)
 ParOldGen       total 152064K, used 107340K [0x00000000a0000000, 0x00000000a9480000, 0x00000000e0000000)
  object space 152064K, 70% used [0x00000000a0000000,0x00000000a68d32a0,0x00000000a9480000)
 Metaspace       used 88398K, capacity 93606K, committed 93696K, reserved 1130496K
  class space    used 11402K, capacity 12268K, committed 12288K, reserved 1048576K
}
Event: 8925.794 GC heap before
{Heap before GC invocations=33 (full 3):
 PSYoungGen      total 165376K, used 165373K [0x00000000e0000000, 0x00000000efe80000, 0x0000000100000000)
  eden space 119296K, 100% used [0x00000000e0000000,0x00000000e7480000,0x00000000e7480000)
  from space 46080K, 99% used [0x00000000e7480000,0x00000000ea17f4a0,0x00000000ea180000)
  to   space 62976K, 0% used [0x00000000ec100000,0x00000000ec100000,0x00000000efe80000)
 ParOldGen       total 152064K, used 107340K [0x00000000a0000000, 0x00000000a9480000, 0x00000000e0000000)
  object space 152064K, 70% used [0x00000000a0000000,0x00000000a68d32a0,0x00000000a9480000)
 Metaspace       used 89878K, capacity 95014K, committed 95104K, reserved 1132544K
  class space    used 11533K, capacity 12360K, committed 12416K, reserved 1048576K
Event: 8925.871 GC heap after
Heap after GC invocations=33 (full 3):
 PSYoungGen      total 190464K, used 54790K [0x00000000e0000000, 0x00000000f0d80000, 0x0000000100000000)
  eden space 127488K, 0% used [0x00000000e0000000,0x00000000e0000000,0x00000000e7c80000)
  from space 62976K, 87% used [0x00000000ec100000,0x00000000ef681a58,0x00000000efe80000)
  to   space 70144K, 0% used [0x00000000e7c80000,0x00000000e7c80000,0x00000000ec100000)
 ParOldGen       total 152064K, used 108792K [0x00000000a0000000, 0x00000000a9480000, 0x00000000e0000000)
  object space 152064K, 71% used [0x00000000a0000000,0x00000000a6a3e060,0x00000000a9480000)
 Metaspace       used 89878K, capacity 95014K, committed 95104K, reserved 1132544K
  class space    used 11533K, capacity 12360K, committed 12416K, reserved 1048576K
}
Event: 8927.320 GC heap before
{Heap before GC invocations=34 (full 3):
 PSYoungGen      total 190464K, used 146984K [0x00000000e0000000, 0x00000000f0d80000, 0x0000000100000000)
  eden space 127488K, 72% used [0x00000000e0000000,0x00000000e5a08980,0x00000000e7c80000)
  from space 62976K, 87% used [0x00000000ec100000,0x00000000ef681a58,0x00000000efe80000)
  to   space 70144K, 0% used [0x00000000e7c80000,0x00000000e7c80000,0x00000000ec100000)
 ParOldGen       total 152064K, used 108792K [0x00000000a0000000, 0x00000000a9480000, 0x00000000e0000000)
  object space 152064K, 71% used [0x00000000a0000000,0x00000000a6a3e060,0x00000000a9480000)
 Metaspace       used 93197K, capacity 98522K, committed 98600K, reserved 1134592K
  class space    used 12016K, capacity 12906K, committed 12928K, reserved 1048576K
Event: 8927.396 GC heap after
Heap after GC invocations=34 (full 3):
 PSYoungGen      total 197632K, used 70113K [0x00000000e0000000, 0x00000000f4100000, 0x0000000100000000)
  eden space 127488K, 0% used [0x00000000e0000000,0x00000000e0000000,0x00000000e7c80000)
  from space 70144K, 99% used [0x00000000e7c80000,0x00000000ec0f8590,0x00000000ec100000)
  to   space 89088K, 0% used [0x00000000eea00000,0x00000000eea00000,0x00000000f4100000)
 ParOldGen       total 152064K, used 129482K [0x00000000a0000000, 0x00000000a9480000, 0x00000000e0000000)
  object space 152064K, 85% used [0x00000000a0000000,0x00000000a7e728b0,0x00000000a9480000)
 Metaspace       used 93197K, capacity 98522K, committed 98600K, reserved 1134592K
  class space    used 12016K, capacity 12906K, committed 12928K, reserved 1048576K
}
Event: 8927.396 GC heap before
{Heap before GC invocations=35 (full 4):
 PSYoungGen      total 197632K, used 70113K [0x00000000e0000000, 0x00000000f4100000, 0x0000000100000000)
  eden space 127488K, 0% used [0x00000000e0000000,0x00000000e0000000,0x00000000e7c80000)
  from space 70144K, 99% used [0x00000000e7c80000,0x00000000ec0f8590,0x00000000ec100000)
  to   space 89088K, 0% used [0x00000000eea00000,0x00000000eea00000,0x00000000f4100000)
 ParOldGen       total 152064K, used 129482K [0x00000000a0000000, 0x00000000a9480000, 0x00000000e0000000)
  object space 152064K, 85% used [0x00000000a0000000,0x00000000a7e728b0,0x00000000a9480000)
 Metaspace       used 93197K, capacity 98522K, committed 98600K, reserved 1134592K
  class space    used 12016K, capacity 12906K, committed 12928K, reserved 1048576K
Event: 8928.371 GC heap after
Heap after GC invocations=35 (full 4):
 PSYoungGen      total 197632K, used 0K [0x00000000e0000000, 0x00000000f4100000, 0x0000000100000000)
  eden space 127488K, 0% used [0x00000000e0000000,0x00000000e0000000,0x00000000e7c80000)
  from space 70144K, 0% used [0x00000000e7c80000,0x00000000e7c80000,0x00000000ec100000)
  to   space 89088K, 0% used [0x00000000eea00000,0x00000000eea00000,0x00000000f4100000)
 ParOldGen       total 271872K, used 114978K [0x00000000a0000000, 0x00000000b0980000, 0x00000000e0000000)
  object space 271872K, 42% used [0x00000000a0000000,0x00000000a7048b40,0x00000000b0980000)
 Metaspace       used 92121K, capacity 96236K, committed 98600K, reserved 1134592K
  class space    used 11754K, capacity 12498K, committed 12928K, reserved 1048576K
}
Event: 8929.961 GC heap before
{Heap before GC invocations=36 (full 4):
 PSYoungGen      total 197632K, used 127488K [0x00000000e0000000, 0x00000000f4100000, 0x0000000100000000)
  eden space 127488K, 100% used [0x00000000e0000000,0x00000000e7c80000,0x00000000e7c80000)
  from space 70144K, 0% used [0x00000000e7c80000,0x00000000e7c80000,0x00000000ec100000)
  to   space 89088K, 0% used [0x00000000eea00000,0x00000000eea00000,0x00000000f4100000)
 ParOldGen       total 271872K, used 114978K [0x00000000a0000000, 0x00000000b0980000, 0x00000000e0000000)
  object space 271872K, 42% used [0x00000000a0000000,0x00000000a7048b40,0x00000000b0980000)
 Metaspace       used 95763K, capacity 100196K, committed 101376K, reserved 1136640K
  class space    used 12254K, capacity 13022K, committed 13312K, reserved 1048576K
Event: 8930.079 GC heap after
Heap after GC invocations=36 (full 4):
 PSYoungGen      total 241664K, used 43591K [0x00000000e0000000, 0x00000000f4180000, 0x0000000100000000)
  eden space 152576K, 0% used [0x00000000e0000000,0x00000000e0000000,0x00000000e9500000)
  from space 89088K, 48% used [0x00000000eea00000,0x00000000f1491cc8,0x00000000f4100000)
  to   space 87040K, 0% used [0x00000000e9500000,0x00000000e9500000,0x00000000eea00000)
 ParOldGen       total 271872K, used 114986K [0x00000000a0000000, 0x00000000b0980000, 0x00000000e0000000)
  object space 271872K, 42% used [0x00000000a0000000,0x00000000a704ab40,0x00000000b0980000)
 Metaspace       used 95763K, capacity 100196K, committed 101376K, reserved 1136640K
  class space    used 12254K, capacity 13022K, committed 13312K, reserved 1048576K
}
Event: 8931.305 GC heap before
{Heap before GC invocations=37 (full 4):
 PSYoungGen      total 241664K, used 196167K [0x00000000e0000000, 0x00000000f4180000, 0x0000000100000000)
  eden space 152576K, 100% used [0x00000000e0000000,0x00000000e9500000,0x00000000e9500000)
  from space 89088K, 48% used [0x00000000eea00000,0x00000000f1491cc8,0x00000000f4100000)
  to   space 87040K, 0% used [0x00000000e9500000,0x00000000e9500000,0x00000000eea00000)
 ParOldGen       total 271872K, used 114986K [0x00000000a0000000, 0x00000000b0980000, 0x00000000e0000000)
  object space 271872K, 42% used [0x00000000a0000000,0x00000000a704ab40,0x00000000b0980000)
 Metaspace       used 96456K, capacity 101046K, committed 102016K, reserved 1138688K
  class space    used 12323K, capacity 13111K, committed 13440K, reserved 1048576K

