# JRE version: OpenJDK Runtime Environment (8.0_202-b03) (build 1.8.0_202-release-1483-b03)
# Java VM: OpenJDK 64-Bit Server VM (25.202-b03 mixed mode windows-amd64 compressed oops)
Heap:
 PSYoungGen      total 345600K, used 145032K [0x00000000e0000000, 0x00000000f6e00000, 0x0000000100000000)
  eden space 321536K, 45% used [0x00000000e0000000,0x00000000e8da23c0,0x00000000f3a00000)
  from space 24064K, 0% used [0x00000000f5500000,0x00000000f5500000,0x00000000f6c80000)
  to   space 26624K, 0% used [0x00000000f3a00000,0x00000000f3a00000,0x00000000f5400000)
 ParOldGen       total 135168K, used 35924K [0x00000000a0000000, 0x00000000a8400000, 0x00000000e0000000)
  object space 135168K, 26% used [0x00000000a0000000,0x00000000a2315080,0x00000000a8400000)
 Metaspace       used 62504K, capacity 64336K, committed 64472K, reserved 1105920K
  class space    used 8239K, capacity 8681K, committed 8704K, reserved 1048576K
GC Heap History (10 events):
Event: 44.476 GC heap before
{Heap before GC invocations=7 (full 1):
 PSYoungGen      total 138240K, used 60697K [0x00000000e0000000, 0x00000000f0380000, 0x0000000100000000)
  eden space 133120K, 41% used [0x00000000e0000000,0x00000000e364a6f0,0x00000000e8200000)
  from space 5120K, 99% used [0x00000000e8200000,0x00000000e86fc010,0x00000000e8700000)
  to   space 15872K, 0% used [0x00000000ef400000,0x00000000ef400000,0x00000000f0380000)
 ParOldGen       total 59904K, used 18776K [0x00000000a0000000, 0x00000000a3a80000, 0x00000000e0000000)
  object space 59904K, 31% used [0x00000000a0000000,0x00000000a12560d0,0x00000000a3a80000)
 Metaspace       used 34500K, capacity 35180K, committed 35416K, reserved 1079296K
  class space    used 4756K, capacity 4933K, committed 4992K, reserved 1048576K
Event: 44.499 GC heap after
Heap after GC invocations=7 (full 1):
 PSYoungGen      total 239104K, used 11238K [0x00000000e0000000, 0x00000000eff00000, 0x0000000100000000)
  eden space 227840K, 0% used [0x00000000e0000000,0x00000000e0000000,0x00000000ede80000)
  from space 11264K, 99% used [0x00000000ef400000,0x00000000efef99c8,0x00000000eff00000)
  to   space 16384K, 0% used [0x00000000edf00000,0x00000000edf00000,0x00000000eef00000)
 ParOldGen       total 59904K, used 18784K [0x00000000a0000000, 0x00000000a3a80000, 0x00000000e0000000)
  object space 59904K, 31% used [0x00000000a0000000,0x00000000a12580d0,0x00000000a3a80000)
 Metaspace       used 34500K, capacity 35180K, committed 35416K, reserved 1079296K
  class space    used 4756K, capacity 4933K, committed 4992K, reserved 1048576K
}
Event: 44.499 GC heap before
{Heap before GC invocations=8 (full 2):
 PSYoungGen      total 239104K, used 11238K [0x00000000e0000000, 0x00000000eff00000, 0x0000000100000000)
  eden space 227840K, 0% used [0x00000000e0000000,0x00000000e0000000,0x00000000ede80000)
  from space 11264K, 99% used [0x00000000ef400000,0x00000000efef99c8,0x00000000eff00000)
  to   space 16384K, 0% used [0x00000000edf00000,0x00000000edf00000,0x00000000eef00000)
 ParOldGen       total 59904K, used 18784K [0x00000000a0000000, 0x00000000a3a80000, 0x00000000e0000000)
  object space 59904K, 31% used [0x00000000a0000000,0x00000000a12580d0,0x00000000a3a80000)
 Metaspace       used 34500K, capacity 35180K, committed 35416K, reserved 1079296K
  class space    used 4756K, capacity 4933K, committed 4992K, reserved 1048576K
Event: 45.017 GC heap after
Heap after GC invocations=8 (full 2):
 PSYoungGen      total 239104K, used 0K [0x00000000e0000000, 0x00000000eff00000, 0x0000000100000000)
  eden space 227840K, 0% used [0x00000000e0000000,0x00000000e0000000,0x00000000ede80000)
  from space 11264K, 0% used [0x00000000ef400000,0x00000000ef400000,0x00000000eff00000)
  to   space 16384K, 0% used [0x00000000edf00000,0x00000000edf00000,0x00000000eef00000)
 ParOldGen       total 91136K, used 18128K [0x00000000a0000000, 0x00000000a5900000, 0x00000000e0000000)
  object space 91136K, 19% used [0x00000000a0000000,0x00000000a11b4180,0x00000000a5900000)
 Metaspace       used 34500K, capacity 35180K, committed 35416K, reserved 1079296K
  class space    used 4756K, capacity 4933K, committed 4992K, reserved 1048576K
}
Event: 58.848 GC heap before
{Heap before GC invocations=9 (full 2):
 PSYoungGen      total 239104K, used 227840K [0x00000000e0000000, 0x00000000eff00000, 0x0000000100000000)
  eden space 227840K, 100% used [0x00000000e0000000,0x00000000ede80000,0x00000000ede80000)
  from space 11264K, 0% used [0x00000000ef400000,0x00000000ef400000,0x00000000eff00000)
  to   space 16384K, 0% used [0x00000000edf00000,0x00000000edf00000,0x00000000eef00000)
 ParOldGen       total 91136K, used 18128K [0x00000000a0000000, 0x00000000a5900000, 0x00000000e0000000)
  object space 91136K, 19% used [0x00000000a0000000,0x00000000a11b4180,0x00000000a5900000)
 Metaspace       used 52210K, capacity 53564K, committed 53848K, reserved 1095680K
  class space    used 7083K, capacity 7441K, committed 7552K, reserved 1048576K
Event: 58.967 GC heap after
Heap after GC invocations=9 (full 2):
 PSYoungGen      total 244736K, used 16382K [0x00000000e0000000, 0x00000000f6c80000, 0x0000000100000000)
  eden space 228352K, 0% used [0x00000000e0000000,0x00000000e0000000,0x00000000edf00000)
  from space 16384K, 99% used [0x00000000edf00000,0x00000000eeeff9c8,0x00000000eef00000)
  to   space 24064K, 0% used [0x00000000f5500000,0x00000000f5500000,0x00000000f6c80000)
 ParOldGen       total 91136K, used 28221K [0x00000000a0000000, 0x00000000a5900000, 0x00000000e0000000)
  object space 91136K, 30% used [0x00000000a0000000,0x00000000a1b8f7e8,0x00000000a5900000)
 Metaspace       used 52210K, capacity 53564K, committed 53848K, reserved 1095680K
  class space    used 7083K, capacity 7441K, committed 7552K, reserved 1048576K
}
Event: 62.992 GC heap before
{Heap before GC invocations=10 (full 2):
 PSYoungGen      total 244736K, used 95592K [0x00000000e0000000, 0x00000000f6c80000, 0x0000000100000000)
  eden space 228352K, 34% used [0x00000000e0000000,0x00000000e4d5a7c0,0x00000000edf00000)
  from space 16384K, 99% used [0x00000000edf00000,0x00000000eeeff9c8,0x00000000eef00000)
  to   space 24064K, 0% used [0x00000000f5500000,0x00000000f5500000,0x00000000f6c80000)
 ParOldGen       total 91136K, used 28221K [0x00000000a0000000, 0x00000000a5900000, 0x00000000e0000000)
  object space 91136K, 30% used [0x00000000a0000000,0x00000000a1b8f7e8,0x00000000a5900000)
 Metaspace       used 57429K, capacity 58990K, committed 59028K, reserved 1099776K
  class space    used 7789K, capacity 8188K, committed 8192K, reserved 1048576K
Event: 63.037 GC heap after
Heap after GC invocations=10 (full 2):
 PSYoungGen      total 345600K, used 20699K [0x00000000e0000000, 0x00000000f6e00000, 0x0000000100000000)
  eden space 321536K, 0% used [0x00000000e0000000,0x00000000e0000000,0x00000000f3a00000)
  from space 24064K, 86% used [0x00000000f5500000,0x00000000f6936e08,0x00000000f6c80000)
  to   space 26624K, 0% used [0x00000000f3a00000,0x00000000f3a00000,0x00000000f5400000)
 ParOldGen       total 91136K, used 28293K [0x00000000a0000000, 0x00000000a5900000, 0x00000000e0000000)
  object space 91136K, 31% used [0x00000000a0000000,0x00000000a1ba17f8,0x00000000a5900000)
 Metaspace       used 57429K, capacity 58990K, committed 59028K, reserved 1099776K
  class space    used 7789K, capacity 8188K, committed 8192K, reserved 1048576K
}
Event: 63.037 GC heap before
{Heap before GC invocations=11 (full 3):
 PSYoungGen      total 345600K, used 20699K [0x00000000e0000000, 0x00000000f6e00000, 0x0000000100000000)
  eden space 321536K, 0% used [0x00000000e0000000,0x00000000e0000000,0x00000000f3a00000)
  from space 24064K, 86% used [0x00000000f5500000,0x00000000f6936e08,0x00000000f6c80000)
  to   space 26624K, 0% used [0x00000000f3a00000,0x00000000f3a00000,0x00000000f5400000)
 ParOldGen       total 91136K, used 28293K [0x00000000a0000000, 0x00000000a5900000, 0x00000000e0000000)
  object space 91136K, 31% used [0x00000000a0000000,0x00000000a1ba17f8,0x00000000a5900000)
 Metaspace       used 57429K, capacity 58990K, committed 59028K, reserved 1099776K
  class space    used 7789K, capacity 8188K, committed 8192K, reserved 1048576K
Event: 63.640 GC heap after
Heap after GC invocations=11 (full 3):
 PSYoungGen      total 345600K, used 0K [0x00000000e0000000, 0x00000000f6e00000, 0x0000000100000000)
  eden space 321536K, 0% used [0x00000000e0000000,0x00000000e0000000,0x00000000f3a00000)
  from space 24064K, 0% used [0x00000000f5500000,0x00000000f5500000,0x00000000f6c80000)
  to   space 26624K, 0% used [0x00000000f3a00000,0x00000000f3a00000,0x00000000f5400000)
 ParOldGen       total 135168K, used 35924K [0x00000000a0000000, 0x00000000a8400000, 0x00000000e0000000)
  object space 135168K, 26% used [0x00000000a0000000,0x00000000a2315080,0x00000000a8400000)
 Metaspace       used 57413K, capacity 58954K, committed 59028K, reserved 1099776K
  class space    used 7784K, capacity 8180K, committed 8192K, reserved 1048576K
}

