# JRE version: OpenJDK Runtime Environment (11.0.10) (build 11.0.10+0-b96-7249189)
# Java VM: OpenJDK 64-Bit Server VM (11.0.10+0-b96-7249189, mixed mode, tiered, compressed oops, g1 gc, windows-amd64)
Heap:
 garbage-first heap   total 375808K, used 286015K [0x00000000a0000000, 0x0000000100000000)
  region size 1024K, 33 young (33792K), 6 survivors (6144K)
 Metaspace       used 103223K, capacity 105861K, committed 106060K, reserved 1140736K
  class space    used 13101K, capacity 14111K, committed 14156K, reserved 1048576K
GC Heap History (20 events):
Event: 97.493 GC heap before
{Heap before GC invocations=142 (full 0):
 garbage-first heap   total 375808K, used 329718K [0x00000000a0000000, 0x0000000100000000)
  region size 1024K, 90 young (92160K), 8 survivors (8192K)
 Metaspace       used 103223K, capacity 105861K, committed 106060K, reserved 1140736K
  class space    used 13101K, capacity 14111K, committed 14156K, reserved 1048576K
}
Event: 97.508 GC heap after
{Heap after GC invocations=143 (full 0):
 garbage-first heap   total 375808K, used 247102K [0x00000000a0000000, 0x0000000100000000)
  region size 1024K, 8 young (8192K), 8 survivors (8192K)
 Metaspace       used 103223K, capacity 105861K, committed 106060K, reserved 1140736K
  class space    used 13101K, capacity 14111K, committed 14156K, reserved 1048576K
}
Event: 98.049 GC heap before
{Heap before GC invocations=143 (full 0):
 garbage-first heap   total 375808K, used 329022K [0x00000000a0000000, 0x0000000100000000)
  region size 1024K, 88 young (90112K), 8 survivors (8192K)
 Metaspace       used 103223K, capacity 105861K, committed 106060K, reserved 1140736K
  class space    used 13101K, capacity 14111K, committed 14156K, reserved 1048576K
}
Event: 98.064 GC heap after
{Heap after GC invocations=144 (full 0):
 garbage-first heap   total 375808K, used 248283K [0x00000000a0000000, 0x0000000100000000)
  region size 1024K, 6 young (6144K), 6 survivors (6144K)
 Metaspace       used 103223K, capacity 105861K, committed 106060K, reserved 1140736K
  class space    used 13101K, capacity 14111K, committed 14156K, reserved 1048576K
}
Event: 98.592 GC heap before
{Heap before GC invocations=144 (full 0):
 garbage-first heap   total 375808K, used 331227K [0x00000000a0000000, 0x0000000100000000)
  region size 1024K, 87 young (89088K), 6 survivors (6144K)
 Metaspace       used 103223K, capacity 105861K, committed 106060K, reserved 1140736K
  class space    used 13101K, capacity 14111K, committed 14156K, reserved 1048576K
}
Event: 98.605 GC heap after
{Heap after GC invocations=145 (full 0):
 garbage-first heap   total 375808K, used 250331K [0x00000000a0000000, 0x0000000100000000)
  region size 1024K, 8 young (8192K), 8 survivors (8192K)
 Metaspace       used 103223K, capacity 105861K, committed 106060K, reserved 1140736K
  class space    used 13101K, capacity 14111K, committed 14156K, reserved 1048576K
}
Event: 99.123 GC heap before
{Heap before GC invocations=145 (full 0):
 garbage-first heap   total 375808K, used 329179K [0x00000000a0000000, 0x0000000100000000)
  region size 1024K, 85 young (87040K), 8 survivors (8192K)
 Metaspace       used 103223K, capacity 105861K, committed 106060K, reserved 1140736K
  class space    used 13101K, capacity 14111K, committed 14156K, reserved 1048576K
}
Event: 99.139 GC heap after
{Heap after GC invocations=146 (full 0):
 garbage-first heap   total 375808K, used 251536K [0x00000000a0000000, 0x0000000100000000)
  region size 1024K, 8 young (8192K), 8 survivors (8192K)
 Metaspace       used 103223K, capacity 105861K, committed 106060K, reserved 1140736K
  class space    used 13101K, capacity 14111K, committed 14156K, reserved 1048576K
}
Event: 99.602 GC heap before
{Heap before GC invocations=146 (full 0):
 garbage-first heap   total 375808K, used 328336K [0x00000000a0000000, 0x0000000100000000)
  region size 1024K, 83 young (84992K), 8 survivors (8192K)
 Metaspace       used 103223K, capacity 105861K, committed 106060K, reserved 1140736K
  class space    used 13101K, capacity 14111K, committed 14156K, reserved 1048576K
}
Event: 99.618 GC heap after
{Heap after GC invocations=147 (full 0):
 garbage-first heap   total 375808K, used 253572K [0x00000000a0000000, 0x0000000100000000)
  region size 1024K, 7 young (7168K), 7 survivors (7168K)
 Metaspace       used 103223K, capacity 105861K, committed 106060K, reserved 1140736K
  class space    used 13101K, capacity 14111K, committed 14156K, reserved 1048576K
}
Event: 100.031 GC heap before
{Heap before GC invocations=147 (full 0):
 garbage-first heap   total 375808K, used 329348K [0x00000000a0000000, 0x0000000100000000)
  region size 1024K, 81 young (82944K), 7 survivors (7168K)
 Metaspace       used 103223K, capacity 105861K, committed 106060K, reserved 1140736K
  class space    used 13101K, capacity 14111K, committed 14156K, reserved 1048576K
}
Event: 100.042 GC heap after
{Heap after GC invocations=148 (full 0):
 garbage-first heap   total 375808K, used 254462K [0x00000000a0000000, 0x0000000100000000)
  region size 1024K, 6 young (6144K), 6 survivors (6144K)
 Metaspace       used 103223K, capacity 105861K, committed 106060K, reserved 1140736K
  class space    used 13101K, capacity 14111K, committed 14156K, reserved 1048576K
}
Event: 100.517 GC heap before
{Heap before GC invocations=148 (full 0):
 garbage-first heap   total 375808K, used 331262K [0x00000000a0000000, 0x0000000100000000)
  region size 1024K, 81 young (82944K), 6 survivors (6144K)
 Metaspace       used 103223K, capacity 105861K, committed 106060K, reserved 1140736K
  class space    used 13101K, capacity 14111K, committed 14156K, reserved 1048576K
}
Event: 100.528 GC heap after
{Heap after GC invocations=149 (full 0):
 garbage-first heap   total 375808K, used 255884K [0x00000000a0000000, 0x0000000100000000)
  region size 1024K, 6 young (6144K), 6 survivors (6144K)
 Metaspace       used 103223K, capacity 105861K, committed 106060K, reserved 1140736K
  class space    used 13101K, capacity 14111K, committed 14156K, reserved 1048576K
}
Event: 100.978 GC heap before
{Heap before GC invocations=149 (full 0):
 garbage-first heap   total 375808K, used 330636K [0x00000000a0000000, 0x0000000100000000)
  region size 1024K, 79 young (80896K), 6 survivors (6144K)
 Metaspace       used 103223K, capacity 105861K, committed 106060K, reserved 1140736K
  class space    used 13101K, capacity 14111K, committed 14156K, reserved 1048576K
}
Event: 100.989 GC heap after
{Heap after GC invocations=150 (full 0):
 garbage-first heap   total 375808K, used 256999K [0x00000000a0000000, 0x0000000100000000)
  region size 1024K, 6 young (6144K), 6 survivors (6144K)
 Metaspace       used 103223K, capacity 105861K, committed 106060K, reserved 1140736K
  class space    used 13101K, capacity 14111K, committed 14156K, reserved 1048576K
}
Event: 101.422 GC heap before
{Heap before GC invocations=150 (full 0):
 garbage-first heap   total 375808K, used 330727K [0x00000000a0000000, 0x0000000100000000)
  region size 1024K, 78 young (79872K), 6 survivors (6144K)
 Metaspace       used 103223K, capacity 105861K, committed 106060K, reserved 1140736K
  class space    used 13101K, capacity 14111K, committed 14156K, reserved 1048576K
}
Event: 101.434 GC heap after
{Heap after GC invocations=151 (full 0):
 garbage-first heap   total 375808K, used 258512K [0x00000000a0000000, 0x0000000100000000)
  region size 1024K, 7 young (7168K), 7 survivors (7168K)
 Metaspace       used 103223K, capacity 105861K, committed 106060K, reserved 1140736K
  class space    used 13101K, capacity 14111K, committed 14156K, reserved 1048576K
}
Event: 101.820 GC heap before
{Heap before GC invocations=151 (full 0):
 garbage-first heap   total 375808K, used 330192K [0x00000000a0000000, 0x0000000100000000)
  region size 1024K, 77 young (78848K), 7 survivors (7168K)
 Metaspace       used 103223K, capacity 105861K, committed 106060K, reserved 1140736K
  class space    used 13101K, capacity 14111K, committed 14156K, reserved 1048576K
}
Event: 101.833 GC heap after
{Heap after GC invocations=152 (full 0):
 garbage-first heap   total 375808K, used 259391K [0x00000000a0000000, 0x0000000100000000)
  region size 1024K, 6 young (6144K), 6 survivors (6144K)
 Metaspace       used 103223K, capacity 105861K, committed 106060K, reserved 1140736K
  class space    used 13101K, capacity 14111K, committed 14156K, reserved 1048576K
}

