# JRE version: OpenJDK Runtime Environment (8.0_202-b03) (build 1.8.0_202-release-1483-b03)
# Java VM: OpenJDK 64-Bit Server VM (25.202-b03 mixed mode windows-amd64 compressed oops)
Heap:
 PSYoungGen      total 114176K, used 16231K [0x00000000e0000000, 0x00000000ea100000, 0x0000000100000000)
  eden space 102912K, 15% used [0x00000000e0000000,0x00000000e0fd9e68,0x00000000e6480000)
  from space 11264K, 0% used [0x00000000e6480000,0x00000000e6480000,0x00000000e6f80000)
  to   space 12288K, 0% used [0x00000000e9500000,0x00000000e9500000,0x00000000ea100000)
 ParOldGen       total 94720K, used 17979K [0x00000000a0000000, 0x00000000a5c80000, 0x00000000e0000000)
  object space 94720K, 18% used [0x00000000a0000000,0x00000000a118ec90,0x00000000a5c80000)
 Metaspace       used 37590K, capacity 38356K, committed 38528K, reserved 1083392K
  class space    used 5159K, capacity 5380K, committed 5504K, reserved 1048576K
GC Heap History (10 events):
Event: 5.136 GC heap before
{Heap before GC invocations=7 (full 1):
 PSYoungGen      total 77312K, used 7565K [0x00000000e0000000, 0x00000000e5600000, 0x0000000100000000)
  eden space 66560K, 0% used [0x00000000e0000000,0x00000000e0000000,0x00000000e4100000)
  from space 10752K, 70% used [0x00000000e4b80000,0x00000000e52e3758,0x00000000e5600000)
  to   space 10752K, 0% used [0x00000000e4100000,0x00000000e4100000,0x00000000e4b80000)
 ParOldGen       total 87552K, used 8573K [0x00000000a0000000, 0x00000000a5580000, 0x00000000e0000000)
  object space 87552K, 9% used [0x00000000a0000000,0x00000000a085f5e0,0x00000000a5580000)
 Metaspace       used 20675K, capacity 21138K, committed 21296K, reserved 1067008K
  class space    used 2954K, capacity 3119K, committed 3200K, reserved 1048576K
Event: 5.209 GC heap after
Heap after GC invocations=7 (full 1):
 PSYoungGen      total 77312K, used 0K [0x00000000e0000000, 0x00000000e5600000, 0x0000000100000000)
  eden space 66560K, 0% used [0x00000000e0000000,0x00000000e0000000,0x00000000e4100000)
  from space 10752K, 0% used [0x00000000e4b80000,0x00000000e4b80000,0x00000000e5600000)
  to   space 10752K, 0% used [0x00000000e4100000,0x00000000e4100000,0x00000000e4b80000)
 ParOldGen       total 61440K, used 8732K [0x00000000a0000000, 0x00000000a3c00000, 0x00000000e0000000)
  object space 61440K, 14% used [0x00000000a0000000,0x00000000a08871e8,0x00000000a3c00000)
 Metaspace       used 20675K, capacity 21138K, committed 21296K, reserved 1067008K
  class space    used 2954K, capacity 3119K, committed 3200K, reserved 1048576K
}
Event: 6.422 GC heap before
{Heap before GC invocations=8 (full 1):
 PSYoungGen      total 77312K, used 66560K [0x00000000e0000000, 0x00000000e5600000, 0x0000000100000000)
  eden space 66560K, 100% used [0x00000000e0000000,0x00000000e4100000,0x00000000e4100000)
  from space 10752K, 0% used [0x00000000e4b80000,0x00000000e4b80000,0x00000000e5600000)
  to   space 10752K, 0% used [0x00000000e4100000,0x00000000e4100000,0x00000000e4b80000)
 ParOldGen       total 61440K, used 8732K [0x00000000a0000000, 0x00000000a3c00000, 0x00000000e0000000)
  object space 61440K, 14% used [0x00000000a0000000,0x00000000a08871e8,0x00000000a3c00000)
 Metaspace       used 29014K, capacity 29542K, committed 29696K, reserved 1075200K
  class space    used 3918K, capacity 4096K, committed 4096K, reserved 1048576K
Event: 6.436 GC heap after
Heap after GC invocations=8 (full 1):
 PSYoungGen      total 77312K, used 8042K [0x00000000e0000000, 0x00000000e7a00000, 0x0000000100000000)
  eden space 66560K, 0% used [0x00000000e0000000,0x00000000e0000000,0x00000000e4100000)
  from space 10752K, 74% used [0x00000000e4100000,0x00000000e48da8b8,0x00000000e4b80000)
  to   space 10752K, 0% used [0x00000000e6f80000,0x00000000e6f80000,0x00000000e7a00000)
 ParOldGen       total 61440K, used 8740K [0x00000000a0000000, 0x00000000a3c00000, 0x00000000e0000000)
  object space 61440K, 14% used [0x00000000a0000000,0x00000000a08891e8,0x00000000a3c00000)
 Metaspace       used 29014K, capacity 29542K, committed 29696K, reserved 1075200K
  class space    used 3918K, capacity 4096K, committed 4096K, reserved 1048576K
}
Event: 7.557 GC heap before
{Heap before GC invocations=9 (full 1):
 PSYoungGen      total 77312K, used 74602K [0x00000000e0000000, 0x00000000e7a00000, 0x0000000100000000)
  eden space 66560K, 100% used [0x00000000e0000000,0x00000000e4100000,0x00000000e4100000)
  from space 10752K, 74% used [0x00000000e4100000,0x00000000e48da8b8,0x00000000e4b80000)
  to   space 10752K, 0% used [0x00000000e6f80000,0x00000000e6f80000,0x00000000e7a00000)
 ParOldGen       total 61440K, used 8740K [0x00000000a0000000, 0x00000000a3c00000, 0x00000000e0000000)
  object space 61440K, 14% used [0x00000000a0000000,0x00000000a08891e8,0x00000000a3c00000)
 Metaspace       used 32300K, capacity 32778K, committed 33152K, reserved 1077248K
  class space    used 4454K, capacity 4620K, committed 4736K, reserved 1048576K
Event: 7.598 GC heap after
Heap after GC invocations=9 (full 1):
 PSYoungGen      total 113664K, used 8615K [0x00000000e0000000, 0x00000000e7f00000, 0x0000000100000000)
  eden space 102912K, 0% used [0x00000000e0000000,0x00000000e0000000,0x00000000e6480000)
  from space 10752K, 80% used [0x00000000e6f80000,0x00000000e77e9f50,0x00000000e7a00000)
  to   space 11264K, 0% used [0x00000000e6480000,0x00000000e6480000,0x00000000e6f80000)
 ParOldGen       total 61440K, used 8740K [0x00000000a0000000, 0x00000000a3c00000, 0x00000000e0000000)
  object space 61440K, 14% used [0x00000000a0000000,0x00000000a08891e8,0x00000000a3c00000)
 Metaspace       used 32300K, capacity 32778K, committed 33152K, reserved 1077248K
  class space    used 4454K, capacity 4620K, committed 4736K, reserved 1048576K
}
Event: 9.062 GC heap before
{Heap before GC invocations=10 (full 1):
 PSYoungGen      total 113664K, used 60654K [0x00000000e0000000, 0x00000000e7f00000, 0x0000000100000000)
  eden space 102912K, 50% used [0x00000000e0000000,0x00000000e32d1c98,0x00000000e6480000)
  from space 10752K, 80% used [0x00000000e6f80000,0x00000000e77e9f50,0x00000000e7a00000)
  to   space 11264K, 0% used [0x00000000e6480000,0x00000000e6480000,0x00000000e6f80000)
 ParOldGen       total 61440K, used 8740K [0x00000000a0000000, 0x00000000a3c00000, 0x00000000e0000000)
  object space 61440K, 14% used [0x00000000a0000000,0x00000000a08891e8,0x00000000a3c00000)
 Metaspace       used 34690K, capacity 35360K, committed 35456K, reserved 1079296K
  class space    used 4773K, capacity 4956K, committed 4992K, reserved 1048576K
Event: 9.088 GC heap after
Heap after GC invocations=10 (full 1):
 PSYoungGen      total 114176K, used 10960K [0x00000000e0000000, 0x00000000ea100000, 0x0000000100000000)
  eden space 102912K, 0% used [0x00000000e0000000,0x00000000e0000000,0x00000000e6480000)
  from space 11264K, 97% used [0x00000000e6480000,0x00000000e6f342c8,0x00000000e6f80000)
  to   space 12288K, 0% used [0x00000000e9500000,0x00000000e9500000,0x00000000ea100000)
 ParOldGen       total 61440K, used 8748K [0x00000000a0000000, 0x00000000a3c00000, 0x00000000e0000000)
  object space 61440K, 14% used [0x00000000a0000000,0x00000000a088b1e8,0x00000000a3c00000)
 Metaspace       used 34690K, capacity 35360K, committed 35456K, reserved 1079296K
  class space    used 4773K, capacity 4956K, committed 4992K, reserved 1048576K
}
Event: 9.088 GC heap before
{Heap before GC invocations=11 (full 2):
 PSYoungGen      total 114176K, used 10960K [0x00000000e0000000, 0x00000000ea100000, 0x0000000100000000)
  eden space 102912K, 0% used [0x00000000e0000000,0x00000000e0000000,0x00000000e6480000)
  from space 11264K, 97% used [0x00000000e6480000,0x00000000e6f342c8,0x00000000e6f80000)
  to   space 12288K, 0% used [0x00000000e9500000,0x00000000e9500000,0x00000000ea100000)
 ParOldGen       total 61440K, used 8748K [0x00000000a0000000, 0x00000000a3c00000, 0x00000000e0000000)
  object space 61440K, 14% used [0x00000000a0000000,0x00000000a088b1e8,0x00000000a3c00000)
 Metaspace       used 34690K, capacity 35360K, committed 35456K, reserved 1079296K
  class space    used 4773K, capacity 4956K, committed 4992K, reserved 1048576K
Event: 9.201 GC heap after
Heap after GC invocations=11 (full 2):
 PSYoungGen      total 114176K, used 0K [0x00000000e0000000, 0x00000000ea100000, 0x0000000100000000)
  eden space 102912K, 0% used [0x00000000e0000000,0x00000000e0000000,0x00000000e6480000)
  from space 11264K, 0% used [0x00000000e6480000,0x00000000e6480000,0x00000000e6f80000)
  to   space 12288K, 0% used [0x00000000e9500000,0x00000000e9500000,0x00000000ea100000)
 ParOldGen       total 94720K, used 17979K [0x00000000a0000000, 0x00000000a5c80000, 0x00000000e0000000)
  object space 94720K, 18% used [0x00000000a0000000,0x00000000a118ec90,0x00000000a5c80000)
 Metaspace       used 34690K, capacity 35360K, committed 35456K, reserved 1079296K
  class space    used 4773K, capacity 4956K, committed 4992K, reserved 1048576K
}

