# JRE version: OpenJDK Runtime Environment (11.0.10) (build 11.0.10+0-b96-7249189)
# Java VM: OpenJDK 64-Bit Server VM (11.0.10+0-b96-7249189, mixed mode, tiered, compressed oops, g1 gc, windows-amd64)
Heap:
 garbage-first heap   total 189440K, used 122427K [0x00000000a0000000, 0x0000000100000000)
  region size 1024K, 7 young (7168K), 3 survivors (3072K)
 Metaspace       used 111195K, capacity 114247K, committed 114544K, reserved 1148928K
  class space    used 14203K, capacity 15341K, committed 15436K, reserved 1048576K
GC Heap History (20 events):
Event: 33.338 GC heap before
{Heap before GC invocations=28 (full 0):
 garbage-first heap   total 189440K, used 101472K [0x00000000a0000000, 0x0000000100000000)
  region size 1024K, 11 young (11264K), 8 survivors (8192K)
 Metaspace       used 95310K, capacity 98139K, committed 98416K, reserved 1134592K
  class space    used 12468K, capacity 13557K, committed 13644K, reserved 1048576K
}
Event: 33.371 GC heap after
{Heap after GC invocations=29 (full 0):
 garbage-first heap   total 189440K, used 100351K [0x00000000a0000000, 0x0000000100000000)
  region size 1024K, 2 young (2048K), 2 survivors (2048K)
 Metaspace       used 95310K, capacity 98139K, committed 98416K, reserved 1134592K
  class space    used 12468K, capacity 13557K, committed 13644K, reserved 1048576K
}
Event: 34.590 GC heap before
{Heap before GC invocations=30 (full 0):
 garbage-first heap   total 189440K, used 153599K [0x00000000a0000000, 0x0000000100000000)
  region size 1024K, 53 young (54272K), 2 survivors (2048K)
 Metaspace       used 98432K, capacity 101115K, committed 101616K, reserved 1136640K
  class space    used 12834K, capacity 13849K, committed 14028K, reserved 1048576K
}
Event: 34.606 GC heap after
{Heap after GC invocations=31 (full 0):
 garbage-first heap   total 189440K, used 101769K [0x00000000a0000000, 0x0000000100000000)
  region size 1024K, 2 young (2048K), 2 survivors (2048K)
 Metaspace       used 98432K, capacity 101115K, committed 101616K, reserved 1136640K
  class space    used 12834K, capacity 13849K, committed 14028K, reserved 1048576K
}
Event: 34.790 GC heap before
{Heap before GC invocations=31 (full 0):
 garbage-first heap   total 189440K, used 108937K [0x00000000a0000000, 0x0000000100000000)
  region size 1024K, 9 young (9216K), 2 survivors (2048K)
 Metaspace       used 98780K, capacity 101548K, committed 101872K, reserved 1136640K
  class space    used 12862K, capacity 13895K, committed 14028K, reserved 1048576K
}
Event: 34.802 GC heap after
{Heap after GC invocations=32 (full 0):
 garbage-first heap   total 189440K, used 98636K [0x00000000a0000000, 0x0000000100000000)
  region size 1024K, 2 young (2048K), 2 survivors (2048K)
 Metaspace       used 98780K, capacity 101548K, committed 101872K, reserved 1136640K
  class space    used 12862K, capacity 13895K, committed 14028K, reserved 1048576K
}
Event: 35.435 GC heap before
{Heap before GC invocations=32 (full 0):
 garbage-first heap   total 189440K, used 102732K [0x00000000a0000000, 0x0000000100000000)
  region size 1024K, 8 young (8192K), 2 survivors (2048K)
 Metaspace       used 99599K, capacity 102349K, committed 102768K, reserved 1138688K
  class space    used 12972K, capacity 13993K, committed 14156K, reserved 1048576K
}
Event: 35.449 GC heap after
{Heap after GC invocations=33 (full 0):
 garbage-first heap   total 189440K, used 99821K [0x00000000a0000000, 0x0000000100000000)
  region size 1024K, 3 young (3072K), 3 survivors (3072K)
 Metaspace       used 99599K, capacity 102349K, committed 102768K, reserved 1138688K
  class space    used 12972K, capacity 13993K, committed 14156K, reserved 1048576K
}
Event: 433.875 GC heap before
{Heap before GC invocations=34 (full 0):
 garbage-first heap   total 189440K, used 166381K [0x00000000a0000000, 0x0000000100000000)
  region size 1024K, 49 young (50176K), 3 survivors (3072K)
 Metaspace       used 101143K, capacity 104048K, committed 104176K, reserved 1138688K
  class space    used 13110K, capacity 14188K, committed 14284K, reserved 1048576K
}
Event: 433.890 GC heap after
{Heap after GC invocations=35 (full 0):
 garbage-first heap   total 189440K, used 96371K [0x00000000a0000000, 0x0000000100000000)
  region size 1024K, 5 young (5120K), 5 survivors (5120K)
 Metaspace       used 101143K, capacity 104048K, committed 104176K, reserved 1138688K
  class space    used 13110K, capacity 14188K, committed 14284K, reserved 1048576K
}
Event: 434.259 GC heap before
{Heap before GC invocations=35 (full 0):
 garbage-first heap   total 189440K, used 100467K [0x00000000a0000000, 0x0000000100000000)
  region size 1024K, 9 young (9216K), 5 survivors (5120K)
 Metaspace       used 101292K, capacity 104196K, committed 104432K, reserved 1140736K
  class space    used 13111K, capacity 14189K, committed 14284K, reserved 1048576K
}
Event: 434.279 GC heap after
{Heap after GC invocations=36 (full 0):
 garbage-first heap   total 189440K, used 95620K [0x00000000a0000000, 0x0000000100000000)
  region size 1024K, 2 young (2048K), 2 survivors (2048K)
 Metaspace       used 101292K, capacity 104196K, committed 104432K, reserved 1140736K
  class space    used 13111K, capacity 14189K, committed 14284K, reserved 1048576K
}
Event: 435.989 GC heap before
{Heap before GC invocations=36 (full 0):
 garbage-first heap   total 189440K, used 145796K [0x00000000a0000000, 0x0000000100000000)
  region size 1024K, 52 young (53248K), 2 survivors (2048K)
 Metaspace       used 102314K, capacity 105209K, committed 105328K, reserved 1140736K
  class space    used 13212K, capacity 14309K, committed 14412K, reserved 1048576K
}
Event: 436.029 GC heap after
{Heap after GC invocations=37 (full 0):
 garbage-first heap   total 189440K, used 105018K [0x00000000a0000000, 0x0000000100000000)
  region size 1024K, 7 young (7168K), 7 survivors (7168K)
 Metaspace       used 102314K, capacity 105209K, committed 105328K, reserved 1140736K
  class space    used 13212K, capacity 14309K, committed 14412K, reserved 1048576K
}
Event: 438.514 GC heap before
{Heap before GC invocations=38 (full 0):
 garbage-first heap   total 189440K, used 151098K [0x00000000a0000000, 0x0000000100000000)
  region size 1024K, 51 young (52224K), 7 survivors (7168K)
 Metaspace       used 108529K, capacity 111555K, committed 111728K, reserved 1146880K
  class space    used 13986K, capacity 15104K, committed 15180K, reserved 1048576K
}
Event: 438.540 GC heap after
{Heap after GC invocations=39 (full 0):
 garbage-first heap   total 189440K, used 113963K [0x00000000a0000000, 0x0000000100000000)
  region size 1024K, 7 young (7168K), 7 survivors (7168K)
 Metaspace       used 108529K, capacity 111555K, committed 111728K, reserved 1146880K
  class space    used 13986K, capacity 15104K, committed 15180K, reserved 1048576K
}
Event: 438.704 GC heap before
{Heap before GC invocations=39 (full 0):
 garbage-first heap   total 189440K, used 116011K [0x00000000a0000000, 0x0000000100000000)
  region size 1024K, 9 young (9216K), 7 survivors (7168K)
 Metaspace       used 108530K, capacity 111555K, committed 111728K, reserved 1146880K
  class space    used 13986K, capacity 15104K, committed 15180K, reserved 1048576K
}
Event: 438.723 GC heap after
{Heap after GC invocations=40 (full 0):
 garbage-first heap   total 189440K, used 109250K [0x00000000a0000000, 0x0000000100000000)
  region size 1024K, 1 young (1024K), 1 survivors (1024K)
 Metaspace       used 108530K, capacity 111555K, committed 111728K, reserved 1146880K
  class space    used 13986K, capacity 15104K, committed 15180K, reserved 1048576K
}
Event: 440.047 GC heap before
{Heap before GC invocations=40 (full 0):
 garbage-first heap   total 189440K, used 151234K [0x00000000a0000000, 0x0000000100000000)
  region size 1024K, 42 young (43008K), 1 survivors (1024K)
 Metaspace       used 110500K, capacity 113562K, committed 113776K, reserved 1148928K
  class space    used 14177K, capacity 15338K, committed 15436K, reserved 1048576K
}
Event: 440.067 GC heap after
{Heap after GC invocations=41 (full 0):
 garbage-first heap   total 189440K, used 117760K [0x00000000a0000000, 0x0000000100000000)
  region size 1024K, 6 young (6144K), 6 survivors (6144K)
 Metaspace       used 110500K, capacity 113562K, committed 113776K, reserved 1148928K
  class space    used 14177K, capacity 15338K, committed 15436K, reserved 1048576K
}

