# JRE version: OpenJDK Runtime Environment (11.0.10) (build 11.0.10+0-b96-7249189)
# Java VM: OpenJDK 64-Bit Server VM (11.0.10+0-b96-7249189, mixed mode, tiered, compressed oops, g1 gc, windows-amd64)
Heap:
 garbage-first heap   total 227328K, used 129575K [0x00000000a0000000, 0x0000000100000000)
  region size 1024K, 10 young (10240K), 8 survivors (8192K)
 Metaspace       used 118318K, capacity 122065K, committed 122096K, reserved 1155072K
  class space    used 14679K, capacity 16057K, committed 16076K, reserved 1048576K
GC Heap History (20 events):
Event: 1099.583 GC heap before
{Heap before GC invocations=81 (full 0):
 garbage-first heap   total 227328K, used 176943K [0x00000000a0000000, 0x0000000100000000)
  region size 1024K, 66 young (67584K), 3 survivors (3072K)
 Metaspace       used 117433K, capacity 121161K, committed 121328K, reserved 1155072K
  class space    used 14633K, capacity 15972K, committed 16076K, reserved 1048576K
}
Event: 1099.591 GC heap after
{Heap after GC invocations=82 (full 0):
 garbage-first heap   total 227328K, used 114338K [0x00000000a0000000, 0x0000000100000000)
  region size 1024K, 4 young (4096K), 4 survivors (4096K)
 Metaspace       used 117433K, capacity 121161K, committed 121328K, reserved 1155072K
  class space    used 14633K, capacity 15972K, committed 16076K, reserved 1048576K
}
Event: 1099.727 GC heap before
{Heap before GC invocations=82 (full 0):
 garbage-first heap   total 227328K, used 121506K [0x00000000a0000000, 0x0000000100000000)
  region size 1024K, 11 young (11264K), 4 survivors (4096K)
 Metaspace       used 117480K, capacity 121279K, committed 121584K, reserved 1155072K
  class space    used 14642K, capacity 15990K, committed 16076K, reserved 1048576K
}
Event: 1099.741 GC heap after
{Heap after GC invocations=83 (full 0):
 garbage-first heap   total 227328K, used 104521K [0x00000000a0000000, 0x0000000100000000)
  region size 1024K, 1 young (1024K), 1 survivors (1024K)
 Metaspace       used 117480K, capacity 121279K, committed 121584K, reserved 1155072K
  class space    used 14642K, capacity 15990K, committed 16076K, reserved 1048576K
}
Event: 1100.288 GC heap before
{Heap before GC invocations=83 (full 0):
 garbage-first heap   total 227328K, used 137289K [0x00000000a0000000, 0x0000000100000000)
  region size 1024K, 35 young (35840K), 1 survivors (1024K)
 Metaspace       used 117666K, capacity 121456K, committed 121584K, reserved 1155072K
  class space    used 14656K, capacity 16015K, committed 16076K, reserved 1048576K
}
Event: 1100.294 GC heap after
{Heap after GC invocations=84 (full 0):
 garbage-first heap   total 227328K, used 104821K [0x00000000a0000000, 0x0000000100000000)
  region size 1024K, 2 young (2048K), 2 survivors (2048K)
 Metaspace       used 117666K, capacity 121456K, committed 121584K, reserved 1155072K
  class space    used 14656K, capacity 16015K, committed 16076K, reserved 1048576K
}
Event: 1222.784 GC heap before
{Heap before GC invocations=85 (full 0):
 garbage-first heap   total 227328K, used 190837K [0x00000000a0000000, 0x0000000100000000)
  region size 1024K, 65 young (66560K), 2 survivors (2048K)
 Metaspace       used 117866K, capacity 121643K, committed 121840K, reserved 1155072K
  class space    used 14677K, capacity 16054K, committed 16076K, reserved 1048576K
}
Event: 1222.805 GC heap after
{Heap after GC invocations=86 (full 0):
 garbage-first heap   total 227328K, used 111148K [0x00000000a0000000, 0x0000000100000000)
  region size 1024K, 8 young (8192K), 8 survivors (8192K)
 Metaspace       used 117866K, capacity 121643K, committed 121840K, reserved 1155072K
  class space    used 14677K, capacity 16054K, committed 16076K, reserved 1048576K
}
Event: 1224.112 GC heap before
{Heap before GC invocations=87 (full 0):
 garbage-first heap   total 227328K, used 178732K [0x00000000a0000000, 0x0000000100000000)
  region size 1024K, 73 young (74752K), 8 survivors (8192K)
 Metaspace       used 117957K, capacity 121713K, committed 121840K, reserved 1155072K
  class space    used 14677K, capacity 16054K, committed 16076K, reserved 1048576K
}
Event: 1224.127 GC heap after
{Heap after GC invocations=88 (full 0):
 garbage-first heap   total 227328K, used 114560K [0x00000000a0000000, 0x0000000100000000)
  region size 1024K, 3 young (3072K), 3 survivors (3072K)
 Metaspace       used 117957K, capacity 121713K, committed 121840K, reserved 1155072K
  class space    used 14677K, capacity 16054K, committed 16076K, reserved 1048576K
}
Event: 1224.250 GC heap before
{Heap before GC invocations=88 (full 0):
 garbage-first heap   total 227328K, used 121728K [0x00000000a0000000, 0x0000000100000000)
  region size 1024K, 11 young (11264K), 3 survivors (3072K)
 Metaspace       used 117968K, capacity 121779K, committed 121840K, reserved 1155072K
  class space    used 14677K, capacity 16054K, committed 16076K, reserved 1048576K
}
Event: 1224.261 GC heap after
{Heap after GC invocations=89 (full 0):
 garbage-first heap   total 227328K, used 112970K [0x00000000a0000000, 0x0000000100000000)
  region size 1024K, 1 young (1024K), 1 survivors (1024K)
 Metaspace       used 117968K, capacity 121779K, committed 121840K, reserved 1155072K
  class space    used 14677K, capacity 16054K, committed 16076K, reserved 1048576K
}
Event: 1224.442 GC heap before
{Heap before GC invocations=89 (full 0):
 garbage-first heap   total 227328K, used 118090K [0x00000000a0000000, 0x0000000100000000)
  region size 1024K, 8 young (8192K), 1 survivors (1024K)
 Metaspace       used 118019K, capacity 121792K, committed 121840K, reserved 1155072K
  class space    used 14678K, capacity 16056K, committed 16076K, reserved 1048576K
}
Event: 1224.448 GC heap after
{Heap after GC invocations=90 (full 0):
 garbage-first heap   total 227328K, used 113275K [0x00000000a0000000, 0x0000000100000000)
  region size 1024K, 1 young (1024K), 1 survivors (1024K)
 Metaspace       used 118019K, capacity 121792K, committed 121840K, reserved 1155072K
  class space    used 14678K, capacity 16056K, committed 16076K, reserved 1048576K
}
Event: 1293.467 GC heap before
{Heap before GC invocations=91 (full 0):
 garbage-first heap   total 227328K, used 202363K [0x00000000a0000000, 0x0000000100000000)
  region size 1024K, 64 young (65536K), 1 survivors (1024K)
 Metaspace       used 118234K, capacity 122001K, committed 122096K, reserved 1155072K
  class space    used 14679K, capacity 16057K, committed 16076K, reserved 1048576K
}
Event: 1293.488 GC heap after
{Heap after GC invocations=92 (full 0):
 garbage-first heap   total 227328K, used 123233K [0x00000000a0000000, 0x0000000100000000)
  region size 1024K, 8 young (8192K), 8 survivors (8192K)
 Metaspace       used 118234K, capacity 122001K, committed 122096K, reserved 1155072K
  class space    used 14679K, capacity 16057K, committed 16076K, reserved 1048576K
}
Event: 1293.525 GC heap before
{Heap before GC invocations=92 (full 0):
 garbage-first heap   total 227328K, used 126305K [0x00000000a0000000, 0x0000000100000000)
  region size 1024K, 11 young (11264K), 8 survivors (8192K)
 Metaspace       used 118234K, capacity 122001K, committed 122096K, reserved 1155072K
  class space    used 14679K, capacity 16057K, committed 16076K, reserved 1048576K
}
Event: 1293.546 GC heap after
{Heap after GC invocations=93 (full 0):
 garbage-first heap   total 227328K, used 119427K [0x00000000a0000000, 0x0000000100000000)
  region size 1024K, 1 young (1024K), 1 survivors (1024K)
 Metaspace       used 118234K, capacity 122001K, committed 122096K, reserved 1155072K
  class space    used 14679K, capacity 16057K, committed 16076K, reserved 1048576K
}
Event: 1294.703 GC heap before
{Heap before GC invocations=93 (full 0):
 garbage-first heap   total 227328K, used 178819K [0x00000000a0000000, 0x0000000100000000)
  region size 1024K, 60 young (61440K), 1 survivors (1024K)
 Metaspace       used 118317K, capacity 122065K, committed 122096K, reserved 1155072K
  class space    used 14679K, capacity 16057K, committed 16076K, reserved 1048576K
}
Event: 1294.733 GC heap after
{Heap after GC invocations=94 (full 0):
 garbage-first heap   total 227328K, used 128551K [0x00000000a0000000, 0x0000000100000000)
  region size 1024K, 8 young (8192K), 8 survivors (8192K)
 Metaspace       used 118317K, capacity 122065K, committed 122096K, reserved 1155072K
  class space    used 14679K, capacity 16057K, committed 16076K, reserved 1048576K
}

