# JRE version: OpenJDK Runtime Environment (11.0.10) (build 11.0.10+0-b96-7249189)
# Java VM: OpenJDK 64-Bit Server VM (11.0.10+0-b96-7249189, mixed mode, tiered, compressed oops, g1 gc, windows-amd64)
Heap:
 garbage-first heap   total 227328K, used 130081K [0x00000000a0000000, 0x0000000100000000)
  region size 1024K, 27 young (27648K), 7 survivors (7168K)
 Metaspace       used 110105K, capacity 113092K, committed 113276K, reserved 1146880K
  class space    used 14155K, capacity 15285K, committed 15360K, reserved 1048576K
GC Heap History (20 events):
Event: 31.749 GC heap before
{Heap before GC invocations=23 (full 0):
 garbage-first heap   total 227328K, used 169589K [0x00000000a0000000, 0x0000000100000000)
  region size 1024K, 84 young (86016K), 12 survivors (12288K)
 Metaspace       used 90578K, capacity 92966K, committed 93308K, reserved 1130496K
  class space    used 11580K, capacity 12457K, committed 12544K, reserved 1048576K
}
Event: 31.783 GC heap after
{Heap after GC invocations=24 (full 0):
 garbage-first heap   total 227328K, used 101888K [0x00000000a0000000, 0x0000000100000000)
  region size 1024K, 5 young (5120K), 5 survivors (5120K)
 Metaspace       used 90578K, capacity 92966K, committed 93308K, reserved 1130496K
  class space    used 11580K, capacity 12457K, committed 12544K, reserved 1048576K
}
Event: 34.491 GC heap before
{Heap before GC invocations=24 (full 0):
 garbage-first heap   total 227328K, used 174592K [0x00000000a0000000, 0x0000000100000000)
  region size 1024K, 77 young (78848K), 5 survivors (5120K)
 Metaspace       used 101645K, capacity 104450K, committed 104700K, reserved 1140736K
  class space    used 13256K, capacity 14341K, committed 14464K, reserved 1048576K
}
Event: 34.508 GC heap after
{Heap after GC invocations=25 (full 0):
 garbage-first heap   total 227328K, used 104282K [0x00000000a0000000, 0x0000000100000000)
  region size 1024K, 7 young (7168K), 7 survivors (7168K)
 Metaspace       used 101645K, capacity 104450K, committed 104700K, reserved 1140736K
  class space    used 13256K, capacity 14341K, committed 14464K, reserved 1048576K
}
Event: 36.030 GC heap before
{Heap before GC invocations=25 (full 0):
 garbage-first heap   total 227328K, used 156506K [0x00000000a0000000, 0x0000000100000000)
  region size 1024K, 60 young (61440K), 7 survivors (7168K)
 Metaspace       used 105552K, capacity 108431K, committed 108540K, reserved 1142784K
  class space    used 13818K, capacity 14893K, committed 14976K, reserved 1048576K
}
Event: 36.052 GC heap after
{Heap after GC invocations=26 (full 0):
 garbage-first heap   total 227328K, used 105285K [0x00000000a0000000, 0x0000000100000000)
  region size 1024K, 4 young (4096K), 4 survivors (4096K)
 Metaspace       used 105552K, capacity 108431K, committed 108540K, reserved 1142784K
  class space    used 13818K, capacity 14893K, committed 14976K, reserved 1048576K
}
Event: 223.459 GC heap before
{Heap before GC invocations=27 (full 0):
 garbage-first heap   total 227328K, used 202565K [0x00000000a0000000, 0x0000000100000000)
  region size 1024K, 78 young (79872K), 4 survivors (4096K)
 Metaspace       used 108569K, capacity 111613K, committed 111868K, reserved 1146880K
  class space    used 14103K, capacity 15227K, committed 15232K, reserved 1048576K
}
Event: 223.484 GC heap after
{Heap after GC invocations=28 (full 0):
 garbage-first heap   total 227328K, used 112350K [0x00000000a0000000, 0x0000000100000000)
  region size 1024K, 10 young (10240K), 10 survivors (10240K)
 Metaspace       used 108569K, capacity 111613K, committed 111868K, reserved 1146880K
  class space    used 14103K, capacity 15227K, committed 15232K, reserved 1048576K
}
Event: 223.520 GC heap before
{Heap before GC invocations=28 (full 0):
 garbage-first heap   total 227328K, used 113374K [0x00000000a0000000, 0x0000000100000000)
  region size 1024K, 11 young (11264K), 10 survivors (10240K)
 Metaspace       used 108586K, capacity 111619K, committed 111868K, reserved 1146880K
  class space    used 14104K, capacity 15228K, committed 15232K, reserved 1048576K
}
Event: 223.549 GC heap after
{Heap after GC invocations=29 (full 0):
 garbage-first heap   total 227328K, used 110949K [0x00000000a0000000, 0x0000000100000000)
  region size 1024K, 2 young (2048K), 2 survivors (2048K)
 Metaspace       used 108586K, capacity 111619K, committed 111868K, reserved 1146880K
  class space    used 14104K, capacity 15228K, committed 15232K, reserved 1048576K
}
Event: 224.253 GC heap before
{Heap before GC invocations=29 (full 0):
 garbage-first heap   total 227328K, used 128357K [0x00000000a0000000, 0x0000000100000000)
  region size 1024K, 21 young (21504K), 2 survivors (2048K)
 Metaspace       used 109014K, capacity 111999K, committed 112252K, reserved 1146880K
  class space    used 14141K, capacity 15268K, committed 15360K, reserved 1048576K
}
Event: 224.270 GC heap after
{Heap after GC invocations=30 (full 0):
 garbage-first heap   total 227328K, used 112122K [0x00000000a0000000, 0x0000000100000000)
  region size 1024K, 3 young (3072K), 3 survivors (3072K)
 Metaspace       used 109014K, capacity 111999K, committed 112252K, reserved 1146880K
  class space    used 14141K, capacity 15268K, committed 15360K, reserved 1048576K
}
Event: 226.362 GC heap before
{Heap before GC invocations=31 (full 0):
 garbage-first heap   total 227328K, used 183802K [0x00000000a0000000, 0x0000000100000000)
  region size 1024K, 74 young (75776K), 3 survivors (3072K)
 Metaspace       used 109314K, capacity 112269K, committed 112508K, reserved 1146880K
  class space    used 14143K, capacity 15267K, committed 15360K, reserved 1048576K
}
Event: 226.372 GC heap after
{Heap after GC invocations=32 (full 0):
 garbage-first heap   total 227328K, used 112985K [0x00000000a0000000, 0x0000000100000000)
  region size 1024K, 4 young (4096K), 4 survivors (4096K)
 Metaspace       used 109314K, capacity 112269K, committed 112508K, reserved 1146880K
  class space    used 14143K, capacity 15267K, committed 15360K, reserved 1048576K
}
Event: 226.654 GC heap before
{Heap before GC invocations=32 (full 0):
 garbage-first heap   total 227328K, used 120153K [0x00000000a0000000, 0x0000000100000000)
  region size 1024K, 11 young (11264K), 4 survivors (4096K)
 Metaspace       used 109383K, capacity 112357K, committed 112508K, reserved 1146880K
  class space    used 14145K, capacity 15271K, committed 15360K, reserved 1048576K
}
Event: 226.673 GC heap after
{Heap after GC invocations=33 (full 0):
 garbage-first heap   total 227328K, used 102134K [0x00000000a0000000, 0x0000000100000000)
  region size 1024K, 1 young (1024K), 1 survivors (1024K)
 Metaspace       used 109383K, capacity 112357K, committed 112508K, reserved 1146880K
  class space    used 14145K, capacity 15271K, committed 15360K, reserved 1048576K
}
Event: 226.947 GC heap before
{Heap before GC invocations=33 (full 0):
 garbage-first heap   total 227328K, used 108278K [0x00000000a0000000, 0x0000000100000000)
  region size 1024K, 9 young (9216K), 1 survivors (1024K)
 Metaspace       used 109519K, capacity 112555K, committed 112764K, reserved 1146880K
  class space    used 14145K, capacity 15271K, committed 15360K, reserved 1048576K
}
Event: 226.954 GC heap after
{Heap after GC invocations=34 (full 0):
 garbage-first heap   total 227328K, used 102556K [0x00000000a0000000, 0x0000000100000000)
  region size 1024K, 1 young (1024K), 1 survivors (1024K)
 Metaspace       used 109519K, capacity 112555K, committed 112764K, reserved 1146880K
  class space    used 14145K, capacity 15271K, committed 15360K, reserved 1048576K
}
Event: 548.104 GC heap before
{Heap before GC invocations=35 (full 0):
 garbage-first heap   total 227328K, used 192668K [0x00000000a0000000, 0x0000000100000000)
  region size 1024K, 69 young (70656K), 1 survivors (1024K)
 Metaspace       used 110079K, capacity 113091K, committed 113276K, reserved 1146880K
  class space    used 14155K, capacity 15285K, committed 15360K, reserved 1048576K
}
Event: 548.137 GC heap after
{Heap after GC invocations=36 (full 0):
 garbage-first heap   total 227328K, used 108577K [0x00000000a0000000, 0x0000000100000000)
  region size 1024K, 7 young (7168K), 7 survivors (7168K)
 Metaspace       used 110079K, capacity 113091K, committed 113276K, reserved 1146880K
  class space    used 14155K, capacity 15285K, committed 15360K, reserved 1048576K
}

