# JRE version: OpenJDK Runtime Environment (11.0.10) (build 11.0.10+0-b96-7249189)
# Java VM: OpenJDK 64-Bit Server VM (11.0.10+0-b96-7249189, mixed mode, tiered, compressed oops, g1 gc, windows-amd64)
Heap:
 garbage-first heap   total 225280K, used 136127K [0x00000000a0000000, 0x0000000100000000)
  region size 1024K, 24 young (24576K), 4 survivors (4096K)
 Metaspace       used 114974K, capacity 118103K, committed 118432K, reserved 1153024K
  class space    used 14444K, capacity 15626K, committed 15776K, reserved 1048576K
GC Heap History (20 events):
Event: 562.626 GC heap before
{Heap before GC invocations=34 (full 0):
 garbage-first heap   total 225280K, used 121126K [0x00000000a0000000, 0x0000000100000000)
  region size 1024K, 11 young (11264K), 10 survivors (10240K)
 Metaspace       used 110999K, capacity 114016K, committed 114592K, reserved 1148928K
  class space    used 14178K, capacity 15326K, committed 15520K, reserved 1048576K
}
Event: 562.653 GC heap after
{Heap after GC invocations=35 (full 0):
 garbage-first heap   total 225280K, used 115627K [0x00000000a0000000, 0x0000000100000000)
  region size 1024K, 1 young (1024K), 1 survivors (1024K)
 Metaspace       used 110999K, capacity 114016K, committed 114592K, reserved 1148928K
  class space    used 14178K, capacity 15326K, committed 15520K, reserved 1048576K
}
Event: 565.065 GC heap before
{Heap before GC invocations=35 (full 0):
 garbage-first heap   total 225280K, used 183211K [0x00000000a0000000, 0x0000000100000000)
  region size 1024K, 68 young (69632K), 1 survivors (1024K)
 Metaspace       used 111458K, capacity 114570K, committed 115104K, reserved 1148928K
  class space    used 14192K, capacity 15352K, committed 15520K, reserved 1048576K
}
Event: 565.093 GC heap after
{Heap after GC invocations=36 (full 0):
 garbage-first heap   total 225280K, used 124026K [0x00000000a0000000, 0x0000000100000000)
  region size 1024K, 9 young (9216K), 9 survivors (9216K)
 Metaspace       used 111458K, capacity 114570K, committed 115104K, reserved 1148928K
  class space    used 14192K, capacity 15352K, committed 15520K, reserved 1048576K
}
Event: 773.015 GC heap before
{Heap before GC invocations=37 (full 0):
 garbage-first heap   total 225280K, used 197754K [0x00000000a0000000, 0x0000000100000000)
  region size 1024K, 67 young (68608K), 9 survivors (9216K)
 Metaspace       used 112691K, capacity 115807K, committed 116256K, reserved 1150976K
  class space    used 14290K, capacity 15460K, committed 15648K, reserved 1048576K
}
Event: 773.048 GC heap after
{Heap after GC invocations=38 (full 0):
 garbage-first heap   total 225280K, used 125511K [0x00000000a0000000, 0x0000000100000000)
  region size 1024K, 6 young (6144K), 6 survivors (6144K)
 Metaspace       used 112691K, capacity 115807K, committed 116256K, reserved 1150976K
  class space    used 14290K, capacity 15460K, committed 15648K, reserved 1048576K
}
Event: 773.570 GC heap before
{Heap before GC invocations=38 (full 0):
 garbage-first heap   total 225280K, used 130631K [0x00000000a0000000, 0x0000000100000000)
  region size 1024K, 11 young (11264K), 6 survivors (6144K)
 Metaspace       used 112906K, capacity 116113K, committed 116512K, reserved 1150976K
  class space    used 14308K, capacity 15498K, committed 15648K, reserved 1048576K
}
Event: 773.632 GC heap after
{Heap after GC invocations=39 (full 0):
 garbage-first heap   total 225280K, used 116736K [0x00000000a0000000, 0x0000000100000000)
  region size 1024K, 1 young (1024K), 1 survivors (1024K)
 Metaspace       used 112906K, capacity 116113K, committed 116512K, reserved 1150976K
  class space    used 14308K, capacity 15498K, committed 15648K, reserved 1048576K
}
Event: 775.219 GC heap before
{Heap before GC invocations=39 (full 0):
 garbage-first heap   total 225280K, used 183296K [0x00000000a0000000, 0x0000000100000000)
  region size 1024K, 67 young (68608K), 1 survivors (1024K)
 Metaspace       used 113986K, capacity 117076K, committed 117408K, reserved 1150976K
  class space    used 14405K, capacity 15581K, committed 15776K, reserved 1048576K
}
Event: 775.257 GC heap after
{Heap after GC invocations=40 (full 0):
 garbage-first heap   total 225280K, used 128419K [0x00000000a0000000, 0x0000000100000000)
  region size 1024K, 9 young (9216K), 9 survivors (9216K)
 Metaspace       used 113986K, capacity 117076K, committed 117408K, reserved 1150976K
  class space    used 14405K, capacity 15581K, committed 15776K, reserved 1048576K
}
Event: 776.488 GC heap before
{Heap before GC invocations=41 (full 0):
 garbage-first heap   total 225280K, used 180643K [0x00000000a0000000, 0x0000000100000000)
  region size 1024K, 61 young (62464K), 9 survivors (9216K)
 Metaspace       used 114515K, capacity 117603K, committed 117920K, reserved 1150976K
  class space    used 14434K, capacity 15619K, committed 15776K, reserved 1048576K
}
Event: 776.523 GC heap after
{Heap after GC invocations=42 (full 0):
 garbage-first heap   total 225280K, used 131854K [0x00000000a0000000, 0x0000000100000000)
  region size 1024K, 6 young (6144K), 6 survivors (6144K)
 Metaspace       used 114515K, capacity 117603K, committed 117920K, reserved 1150976K
  class space    used 14434K, capacity 15619K, committed 15776K, reserved 1048576K
}
Event: 776.589 GC heap before
{Heap before GC invocations=42 (full 0):
 garbage-first heap   total 225280K, used 136974K [0x00000000a0000000, 0x0000000100000000)
  region size 1024K, 11 young (11264K), 6 survivors (6144K)
 Metaspace       used 114526K, capacity 117603K, committed 117920K, reserved 1150976K
  class space    used 14434K, capacity 15619K, committed 15776K, reserved 1048576K
}
Event: 776.616 GC heap after
{Heap after GC invocations=43 (full 0):
 garbage-first heap   total 225280K, used 115368K [0x00000000a0000000, 0x0000000100000000)
  region size 1024K, 1 young (1024K), 1 survivors (1024K)
 Metaspace       used 114526K, capacity 117603K, committed 117920K, reserved 1150976K
  class space    used 14434K, capacity 15619K, committed 15776K, reserved 1048576K
}
Event: 777.313 GC heap before
{Heap before GC invocations=43 (full 0):
 garbage-first heap   total 225280K, used 174760K [0x00000000a0000000, 0x0000000100000000)
  region size 1024K, 59 young (60416K), 1 survivors (1024K)
 Metaspace       used 114673K, capacity 117751K, committed 117920K, reserved 1150976K
  class space    used 14441K, capacity 15623K, committed 15776K, reserved 1048576K
}
Event: 777.328 GC heap after
{Heap after GC invocations=44 (full 0):
 garbage-first heap   total 225280K, used 116460K [0x00000000a0000000, 0x0000000100000000)
  region size 1024K, 3 young (3072K), 3 survivors (3072K)
 Metaspace       used 114673K, capacity 117751K, committed 117920K, reserved 1150976K
  class space    used 14441K, capacity 15623K, committed 15776K, reserved 1048576K
}
Event: 778.445 GC heap before
{Heap before GC invocations=45 (full 0):
 garbage-first heap   total 225280K, used 177900K [0x00000000a0000000, 0x0000000100000000)
  region size 1024K, 63 young (64512K), 3 survivors (3072K)
 Metaspace       used 114910K, capacity 118037K, committed 118432K, reserved 1153024K
  class space    used 14443K, capacity 15626K, committed 15776K, reserved 1048576K
}
Event: 778.456 GC heap after
{Heap after GC invocations=46 (full 0):
 garbage-first heap   total 225280K, used 115635K [0x00000000a0000000, 0x0000000100000000)
  region size 1024K, 2 young (2048K), 2 survivors (2048K)
 Metaspace       used 114910K, capacity 118037K, committed 118432K, reserved 1153024K
  class space    used 14443K, capacity 15626K, committed 15776K, reserved 1048576K
}
Event: 778.540 GC heap before
{Heap before GC invocations=46 (full 0):
 garbage-first heap   total 225280K, used 124851K [0x00000000a0000000, 0x0000000100000000)
  region size 1024K, 11 young (11264K), 2 survivors (2048K)
 Metaspace       used 114919K, capacity 118037K, committed 118432K, reserved 1153024K
  class space    used 14444K, capacity 15626K, committed 15776K, reserved 1048576K
}
Event: 778.553 GC heap after
{Heap after GC invocations=47 (full 0):
 garbage-first heap   total 225280K, used 115016K [0x00000000a0000000, 0x0000000100000000)
  region size 1024K, 1 young (1024K), 1 survivors (1024K)
 Metaspace       used 114919K, capacity 118037K, committed 118432K, reserved 1153024K
  class space    used 14444K, capacity 15626K, committed 15776K, reserved 1048576K
}

