# JRE version: OpenJDK Runtime Environment (11.0.10) (build 11.0.10+0-b96-7249189)
# Java VM: OpenJDK 64-Bit Server VM (11.0.10+0-b96-7249189, mixed mode, tiered, compressed oops, g1 gc, windows-amd64)
Heap:
 garbage-first heap   total 157696K, used 91136K [0x00000000a0000000, 0x0000000100000000)
  region size 1024K, 8 young (8192K), 7 survivors (7168K)
 Metaspace       used 81529K, capacity 83610K, committed 83624K, reserved 1122304K
  class space    used 10559K, capacity 11326K, committed 11340K, reserved 1048576K
GC Heap History (20 events):
Event: 19.820 GC heap before
{Heap before GC invocations=10 (full 0):
 garbage-first heap   total 131072K, used 94950K [0x00000000a0000000, 0x0000000100000000)
  region size 1024K, 74 young (75776K), 8 survivors (8192K)
 Metaspace       used 45955K, capacity 47206K, committed 47516K, reserved 1091584K
  class space    used 5875K, capacity 6294K, committed 6400K, reserved 1048576K
}
Event: 19.855 GC heap after
{Heap after GC invocations=11 (full 0):
 garbage-first heap   total 157696K, used 29642K [0x00000000a0000000, 0x0000000100000000)
  region size 1024K, 8 young (8192K), 8 survivors (8192K)
 Metaspace       used 45955K, capacity 47206K, committed 47516K, reserved 1091584K
  class space    used 5875K, capacity 6294K, committed 6400K, reserved 1048576K
}
Event: 39.040 GC heap before
{Heap before GC invocations=11 (full 0):
 garbage-first heap   total 157696K, used 114634K [0x00000000a0000000, 0x0000000100000000)
  region size 1024K, 88 young (90112K), 8 survivors (8192K)
 Metaspace       used 52308K, capacity 53702K, committed 53916K, reserved 1095680K
  class space    used 6648K, capacity 7142K, committed 7168K, reserved 1048576K
}
Event: 39.078 GC heap after
{Heap after GC invocations=12 (full 0):
 garbage-first heap   total 157696K, used 42734K [0x00000000a0000000, 0x0000000100000000)
  region size 1024K, 11 young (11264K), 11 survivors (11264K)
 Metaspace       used 52308K, capacity 53702K, committed 53916K, reserved 1095680K
  class space    used 6648K, capacity 7142K, committed 7168K, reserved 1048576K
}
Event: 41.931 GC heap before
{Heap before GC invocations=12 (full 0):
 garbage-first heap   total 157696K, used 81646K [0x00000000a0000000, 0x0000000100000000)
  region size 1024K, 50 young (51200K), 11 survivors (11264K)
 Metaspace       used 59014K, capacity 60584K, committed 60636K, reserved 1101824K
  class space    used 7465K, capacity 8046K, committed 8064K, reserved 1048576K
}
Event: 41.971 GC heap after
{Heap after GC invocations=13 (full 0):
 garbage-first heap   total 157696K, used 46046K [0x00000000a0000000, 0x0000000100000000)
  region size 1024K, 3 young (3072K), 3 survivors (3072K)
 Metaspace       used 59014K, capacity 60584K, committed 60636K, reserved 1101824K
  class space    used 7465K, capacity 8046K, committed 8064K, reserved 1048576K
}
Event: 44.141 GC heap before
{Heap before GC invocations=14 (full 0):
 garbage-first heap   total 157696K, used 105438K [0x00000000a0000000, 0x0000000100000000)
  region size 1024K, 61 young (62464K), 3 survivors (3072K)
 Metaspace       used 63182K, capacity 64834K, committed 65064K, reserved 1105920K
  class space    used 8022K, capacity 8617K, committed 8652K, reserved 1048576K
}
Event: 44.162 GC heap after
{Heap after GC invocations=15 (full 0):
 garbage-first heap   total 157696K, used 50766K [0x00000000a0000000, 0x0000000100000000)
  region size 1024K, 8 young (8192K), 8 survivors (8192K)
 Metaspace       used 63182K, capacity 64834K, committed 65064K, reserved 1105920K
  class space    used 8022K, capacity 8617K, committed 8652K, reserved 1048576K
}
Event: 45.928 GC heap before
{Heap before GC invocations=15 (full 0):
 garbage-first heap   total 157696K, used 110158K [0x00000000a0000000, 0x0000000100000000)
  region size 1024K, 66 young (67584K), 8 survivors (8192K)
 Metaspace       used 67980K, capacity 69727K, committed 69928K, reserved 1110016K
  class space    used 8789K, capacity 9388K, committed 9420K, reserved 1048576K
}
Event: 45.956 GC heap after
{Heap after GC invocations=16 (full 0):
 garbage-first heap   total 157696K, used 54681K [0x00000000a0000000, 0x0000000100000000)
  region size 1024K, 5 young (5120K), 5 survivors (5120K)
 Metaspace       used 67980K, capacity 69727K, committed 69928K, reserved 1110016K
  class space    used 8789K, capacity 9388K, committed 9420K, reserved 1048576K
}
Event: 47.592 GC heap before
{Heap before GC invocations=16 (full 0):
 garbage-first heap   total 157696K, used 114073K [0x00000000a0000000, 0x0000000100000000)
  region size 1024K, 63 young (64512K), 5 survivors (5120K)
 Metaspace       used 70186K, capacity 71998K, committed 72104K, reserved 1112064K
  class space    used 9111K, capacity 9758K, committed 9804K, reserved 1048576K
}
Event: 47.614 GC heap after
{Heap after GC invocations=17 (full 0):
 garbage-first heap   total 157696K, used 58460K [0x00000000a0000000, 0x0000000100000000)
  region size 1024K, 8 young (8192K), 8 survivors (8192K)
 Metaspace       used 70186K, capacity 71998K, committed 72104K, reserved 1112064K
  class space    used 9111K, capacity 9758K, committed 9804K, reserved 1048576K
}
Event: 50.355 GC heap before
{Heap before GC invocations=17 (full 0):
 garbage-first heap   total 157696K, used 117852K [0x00000000a0000000, 0x0000000100000000)
  region size 1024K, 66 young (67584K), 8 survivors (8192K)
 Metaspace       used 76217K, capacity 78135K, committed 78376K, reserved 1118208K
  class space    used 9937K, capacity 10630K, committed 10700K, reserved 1048576K
}
Event: 50.385 GC heap after
{Heap after GC invocations=18 (full 0):
 garbage-first heap   total 157696K, used 62935K [0x00000000a0000000, 0x0000000100000000)
  region size 1024K, 9 young (9216K), 9 survivors (9216K)
 Metaspace       used 76217K, capacity 78135K, committed 78376K, reserved 1118208K
  class space    used 9937K, capacity 10630K, committed 10700K, reserved 1048576K
}
Event: 57.500 GC heap before
{Heap before GC invocations=18 (full 0):
 garbage-first heap   total 157696K, used 120279K [0x00000000a0000000, 0x0000000100000000)
  region size 1024K, 66 young (67584K), 9 survivors (9216K)
 Metaspace       used 79084K, capacity 81151K, committed 81448K, reserved 1120256K
  class space    used 10344K, capacity 11118K, committed 11212K, reserved 1048576K
}
Event: 57.543 GC heap after
{Heap after GC invocations=19 (full 0):
 garbage-first heap   total 157696K, used 67640K [0x00000000a0000000, 0x0000000100000000)
  region size 1024K, 9 young (9216K), 9 survivors (9216K)
 Metaspace       used 79084K, capacity 81151K, committed 81448K, reserved 1120256K
  class space    used 10344K, capacity 11118K, committed 11212K, reserved 1048576K
}
Event: 61.193 GC heap before
{Heap before GC invocations=19 (full 0):
 garbage-first heap   total 157696K, used 123960K [0x00000000a0000000, 0x0000000100000000)
  region size 1024K, 63 young (64512K), 9 survivors (9216K)
 Metaspace       used 80409K, capacity 82522K, committed 82856K, reserved 1120256K
  class space    used 10443K, capacity 11219K, committed 11340K, reserved 1048576K
}
Event: 61.212 GC heap after
{Heap after GC invocations=20 (full 0):
 garbage-first heap   total 157696K, used 73492K [0x00000000a0000000, 0x0000000100000000)
  region size 1024K, 5 young (5120K), 5 survivors (5120K)
 Metaspace       used 80409K, capacity 82522K, committed 82856K, reserved 1120256K
  class space    used 10443K, capacity 11219K, committed 11340K, reserved 1048576K
}
Event: 62.171 GC heap before
{Heap before GC invocations=20 (full 0):
 garbage-first heap   total 157696K, used 103188K [0x00000000a0000000, 0x0000000100000000)
  region size 1024K, 34 young (34816K), 5 survivors (5120K)
 Metaspace       used 81506K, capacity 83604K, committed 83624K, reserved 1122304K
  class space    used 10555K, capacity 11324K, committed 11340K, reserved 1048576K
}
Event: 62.196 GC heap after
{Heap after GC invocations=21 (full 0):
 garbage-first heap   total 157696K, used 83968K [0x00000000a0000000, 0x0000000100000000)
  region size 1024K, 7 young (7168K), 7 survivors (7168K)
 Metaspace       used 81506K, capacity 83604K, committed 83624K, reserved 1122304K
  class space    used 10555K, capacity 11324K, committed 11340K, reserved 1048576K
}

