# JRE version: OpenJDK Runtime Environment (11.0.10) (build 11.0.10+0-b96-7249189)
# Java VM: OpenJDK 64-Bit Server VM (11.0.10+0-b96-7249189, mixed mode, tiered, compressed oops, g1 gc, windows-amd64)
Heap:
 garbage-first heap   total 189440K, used 134847K [0x00000000a0000000, 0x0000000100000000)
  region size 1024K, 48 young (49152K), 2 survivors (2048K)
 Metaspace       used 96426K, capacity 98443K, committed 99276K, reserved 1136640K
  class space    used 11677K, capacity 12272K, committed 12544K, reserved 1048576K
GC Heap History (20 events):
Event: 2309.500 GC heap before
{Heap before GC invocations=82 (full 0):
 garbage-first heap   total 157696K, used 95943K [0x00000000a0000000, 0x0000000100000000)
  region size 1024K, 7 young (7168K), 3 survivors (3072K)
 Metaspace       used 95362K, capacity 97333K, committed 98380K, reserved 1134592K
  class space    used 11548K, capacity 12167K, committed 12416K, reserved 1048576K
}
Event: 2309.509 GC heap after
{Heap after GC invocations=83 (full 0):
 garbage-first heap   total 157696K, used 90029K [0x00000000a0000000, 0x0000000100000000)
  region size 1024K, 1 young (1024K), 1 survivors (1024K)
 Metaspace       used 95362K, capacity 97333K, committed 98380K, reserved 1134592K
  class space    used 11548K, capacity 12167K, committed 12416K, reserved 1048576K
}
Event: 2309.616 GC heap before
{Heap before GC invocations=83 (full 0):
 garbage-first heap   total 157696K, used 129965K [0x00000000a0000000, 0x0000000100000000)
  region size 1024K, 41 young (41984K), 1 survivors (1024K)
 Metaspace       used 95370K, capacity 97333K, committed 98380K, reserved 1134592K
  class space    used 11548K, capacity 12167K, committed 12416K, reserved 1048576K
}
Event: 2309.620 GC heap after
{Heap after GC invocations=84 (full 0):
 garbage-first heap   total 157696K, used 91788K [0x00000000a0000000, 0x0000000100000000)
  region size 1024K, 3 young (3072K), 3 survivors (3072K)
 Metaspace       used 95370K, capacity 97333K, committed 98380K, reserved 1134592K
  class space    used 11548K, capacity 12167K, committed 12416K, reserved 1048576K
}
Event: 2309.775 GC heap before
{Heap before GC invocations=84 (full 0):
 garbage-first heap   total 157696K, used 131724K [0x00000000a0000000, 0x0000000100000000)
  region size 1024K, 42 young (43008K), 3 survivors (3072K)
 Metaspace       used 95372K, capacity 97333K, committed 98380K, reserved 1134592K
  class space    used 11548K, capacity 12167K, committed 12416K, reserved 1048576K
}
Event: 2309.778 GC heap after
{Heap after GC invocations=85 (full 0):
 garbage-first heap   total 157696K, used 92101K [0x00000000a0000000, 0x0000000100000000)
  region size 1024K, 3 young (3072K), 3 survivors (3072K)
 Metaspace       used 95372K, capacity 97333K, committed 98380K, reserved 1134592K
  class space    used 11548K, capacity 12167K, committed 12416K, reserved 1048576K
}
Event: 2310.083 GC heap before
{Heap before GC invocations=86 (full 0):
 garbage-first heap   total 157696K, used 133061K [0x00000000a0000000, 0x0000000100000000)
  region size 1024K, 43 young (44032K), 3 survivors (3072K)
 Metaspace       used 95372K, capacity 97333K, committed 98380K, reserved 1134592K
  class space    used 11548K, capacity 12167K, committed 12416K, reserved 1048576K
}
Event: 2310.089 GC heap after
{Heap after GC invocations=87 (full 0):
 garbage-first heap   total 189440K, used 91345K [0x00000000a0000000, 0x0000000100000000)
  region size 1024K, 2 young (2048K), 2 survivors (2048K)
 Metaspace       used 95372K, capacity 97333K, committed 98380K, reserved 1134592K
  class space    used 11548K, capacity 12167K, committed 12416K, reserved 1048576K
}
Event: 2310.123 GC heap before
{Heap before GC invocations=87 (full 0):
 garbage-first heap   total 189440K, used 98513K [0x00000000a0000000, 0x0000000100000000)
  region size 1024K, 9 young (9216K), 2 survivors (2048K)
 Metaspace       used 95376K, capacity 97339K, committed 98380K, reserved 1134592K
  class space    used 11549K, capacity 12168K, committed 12416K, reserved 1048576K
}
Event: 2310.126 GC heap after
{Heap after GC invocations=88 (full 0):
 garbage-first heap   total 189440K, used 89284K [0x00000000a0000000, 0x0000000100000000)
  region size 1024K, 1 young (1024K), 1 survivors (1024K)
 Metaspace       used 95376K, capacity 97339K, committed 98380K, reserved 1134592K
  class space    used 11549K, capacity 12168K, committed 12416K, reserved 1048576K
}
Event: 2310.282 GC heap before
{Heap before GC invocations=88 (full 0):
 garbage-first heap   total 189440K, used 147652K [0x00000000a0000000, 0x0000000100000000)
  region size 1024K, 59 young (60416K), 1 survivors (1024K)
 Metaspace       used 95387K, capacity 97339K, committed 98380K, reserved 1134592K
  class space    used 11549K, capacity 12168K, committed 12416K, reserved 1048576K
}
Event: 2310.284 GC heap after
{Heap after GC invocations=89 (full 0):
 garbage-first heap   total 189440K, used 92228K [0x00000000a0000000, 0x0000000100000000)
  region size 1024K, 4 young (4096K), 4 survivors (4096K)
 Metaspace       used 95387K, capacity 97339K, committed 98380K, reserved 1134592K
  class space    used 11549K, capacity 12168K, committed 12416K, reserved 1048576K
}
Event: 2310.501 GC heap before
{Heap before GC invocations=89 (full 0):
 garbage-first heap   total 189440K, used 150596K [0x00000000a0000000, 0x0000000100000000)
  region size 1024K, 61 young (62464K), 4 survivors (4096K)
 Metaspace       used 95392K, capacity 97340K, committed 98380K, reserved 1134592K
  class space    used 11549K, capacity 12168K, committed 12416K, reserved 1048576K
}
Event: 2310.504 GC heap after
{Heap after GC invocations=90 (full 0):
 garbage-first heap   total 189440K, used 93010K [0x00000000a0000000, 0x0000000100000000)
  region size 1024K, 5 young (5120K), 5 survivors (5120K)
 Metaspace       used 95392K, capacity 97340K, committed 98380K, reserved 1134592K
  class space    used 11549K, capacity 12168K, committed 12416K, reserved 1048576K
}
Event: 2310.657 GC heap before
{Heap before GC invocations=91 (full 0):
 garbage-first heap   total 189440K, used 152402K [0x00000000a0000000, 0x0000000100000000)
  region size 1024K, 63 young (64512K), 5 survivors (5120K)
 Metaspace       used 95393K, capacity 97340K, committed 98380K, reserved 1134592K
  class space    used 11549K, capacity 12168K, committed 12416K, reserved 1048576K
}
Event: 2310.660 GC heap after
{Heap after GC invocations=92 (full 0):
 garbage-first heap   total 189440K, used 93937K [0x00000000a0000000, 0x0000000100000000)
  region size 1024K, 5 young (5120K), 5 survivors (5120K)
 Metaspace       used 95393K, capacity 97340K, committed 98380K, reserved 1134592K
  class space    used 11549K, capacity 12168K, committed 12416K, reserved 1048576K
}
Event: 2310.669 GC heap before
{Heap before GC invocations=92 (full 0):
 garbage-first heap   total 189440K, used 98033K [0x00000000a0000000, 0x0000000100000000)
  region size 1024K, 9 young (9216K), 5 survivors (5120K)
 Metaspace       used 95393K, capacity 97340K, committed 98380K, reserved 1134592K
  class space    used 11549K, capacity 12168K, committed 12416K, reserved 1048576K
}
Event: 2310.674 GC heap after
{Heap after GC invocations=93 (full 0):
 garbage-first heap   total 189440K, used 90461K [0x00000000a0000000, 0x0000000100000000)
  region size 1024K, 1 young (1024K), 1 survivors (1024K)
 Metaspace       used 95393K, capacity 97340K, committed 98380K, reserved 1134592K
  class space    used 11549K, capacity 12168K, committed 12416K, reserved 1048576K
}
Event: 2312.517 GC heap before
{Heap before GC invocations=93 (full 0):
 garbage-first heap   total 189440K, used 150877K [0x00000000a0000000, 0x0000000100000000)
  region size 1024K, 61 young (62464K), 1 survivors (1024K)
 Metaspace       used 95495K, capacity 97489K, committed 98380K, reserved 1134592K
  class space    used 11553K, capacity 12171K, committed 12416K, reserved 1048576K
}
Event: 2312.522 GC heap after
{Heap after GC invocations=94 (full 0):
 garbage-first heap   total 189440K, used 91550K [0x00000000a0000000, 0x0000000100000000)
  region size 1024K, 2 young (2048K), 2 survivors (2048K)
 Metaspace       used 95495K, capacity 97489K, committed 98380K, reserved 1134592K
  class space    used 11553K, capacity 12171K, committed 12416K, reserved 1048576K
}

