# JRE version: OpenJDK Runtime Environment (8.0_202-b03) (build 1.8.0_202-release-1483-b03)
# Java VM: OpenJDK 64-Bit Server VM (25.202-b03 mixed mode windows-amd64 compressed oops)
Heap:
 PSYoungGen      total 497152K, used 131087K [0x00000000e0000000, 0x00000000fff00000, 0x0000000100000000)
  eden space 470528K, 26% used [0x00000000e0000000,0x00000000e79d3dd8,0x00000000fcb80000)
  from space 26624K, 23% used [0x00000000fcb80000,0x00000000fd1b0000,0x00000000fe580000)
  to   space 26112K, 0% used [0x00000000fe580000,0x00000000fe580000,0x00000000fff00000)
 ParOldGen       total 290304K, used 230709K [0x00000000a0000000, 0x00000000b1b80000, 0x00000000e0000000)
  object space 290304K, 79% used [0x00000000a0000000,0x00000000ae14d420,0x00000000b1b80000)
 Metaspace       used 129547K, capacity 135981K, committed 136536K, reserved 1167360K
  class space    used 16441K, capacity 17637K, committed 17792K, reserved 1048576K
GC Heap History (10 events):
Event: 1275.475 GC heap before
{Heap before GC invocations=51 (full 6):
 PSYoungGen      total 495104K, used 486924K [0x00000000e0000000, 0x0000000100000000, 0x0000000100000000)
  eden space 468480K, 100% used [0x00000000e0000000,0x00000000fc980000,0x00000000fc980000)
  from space 26624K, 69% used [0x00000000fe480000,0x00000000ff6830c0,0x00000000ffe80000)
  to   space 27648K, 0% used [0x00000000fc980000,0x00000000fc980000,0x00000000fe480000)
 ParOldGen       total 290304K, used 175093K [0x00000000a0000000, 0x00000000b1b80000, 0x00000000e0000000)
  object space 290304K, 60% used [0x00000000a0000000,0x00000000aaafd700,0x00000000b1b80000)
 Metaspace       used 129520K, capacity 135981K, committed 136536K, reserved 1167360K
  class space    used 16441K, capacity 17637K, committed 17792K, reserved 1048576K
Event: 1275.538 GC heap after
Heap after GC invocations=51 (full 6):
 PSYoungGen      total 496128K, used 17761K [0x00000000e0000000, 0x0000000100000000, 0x0000000100000000)
  eden space 468480K, 0% used [0x00000000e0000000,0x00000000e0000000,0x00000000fc980000)
  from space 27648K, 64% used [0x00000000fc980000,0x00000000fdad8488,0x00000000fe480000)
  to   space 27648K, 0% used [0x00000000fe500000,0x00000000fe500000,0x0000000100000000)
 ParOldGen       total 290304K, used 191395K [0x00000000a0000000, 0x00000000b1b80000, 0x00000000e0000000)
  object space 290304K, 65% used [0x00000000a0000000,0x00000000abae8e78,0x00000000b1b80000)
 Metaspace       used 129520K, capacity 135981K, committed 136536K, reserved 1167360K
  class space    used 16441K, capacity 17637K, committed 17792K, reserved 1048576K
}
Event: 1276.866 GC heap before
{Heap before GC invocations=52 (full 6):
 PSYoungGen      total 496128K, used 486241K [0x00000000e0000000, 0x0000000100000000, 0x0000000100000000)
  eden space 468480K, 100% used [0x00000000e0000000,0x00000000fc980000,0x00000000fc980000)
  from space 27648K, 64% used [0x00000000fc980000,0x00000000fdad8488,0x00000000fe480000)
  to   space 27648K, 0% used [0x00000000fe500000,0x00000000fe500000,0x0000000100000000)
 ParOldGen       total 290304K, used 191395K [0x00000000a0000000, 0x00000000b1b80000, 0x00000000e0000000)
  object space 290304K, 65% used [0x00000000a0000000,0x00000000abae8e78,0x00000000b1b80000)
 Metaspace       used 129529K, capacity 135981K, committed 136536K, reserved 1167360K
  class space    used 16441K, capacity 17637K, committed 17792K, reserved 1048576K
Event: 1276.900 GC heap after
Heap after GC invocations=52 (full 6):
 PSYoungGen      total 495616K, used 15140K [0x00000000e0000000, 0x00000000fff00000, 0x0000000100000000)
  eden space 468992K, 0% used [0x00000000e0000000,0x00000000e0000000,0x00000000fca00000)
  from space 26624K, 56% used [0x00000000fe500000,0x00000000ff3c92c8,0x00000000fff00000)
  to   space 27136K, 0% used [0x00000000fca00000,0x00000000fca00000,0x00000000fe480000)
 ParOldGen       total 290304K, used 206233K [0x00000000a0000000, 0x00000000b1b80000, 0x00000000e0000000)
  object space 290304K, 71% used [0x00000000a0000000,0x00000000ac9667f8,0x00000000b1b80000)
 Metaspace       used 129529K, capacity 135981K, committed 136536K, reserved 1167360K
  class space    used 16441K, capacity 17637K, committed 17792K, reserved 1048576K
}
Event: 1278.179 GC heap before
{Heap before GC invocations=53 (full 6):
 PSYoungGen      total 495616K, used 484132K [0x00000000e0000000, 0x00000000fff00000, 0x0000000100000000)
  eden space 468992K, 100% used [0x00000000e0000000,0x00000000fca00000,0x00000000fca00000)
  from space 26624K, 56% used [0x00000000fe500000,0x00000000ff3c92c8,0x00000000fff00000)
  to   space 27136K, 0% used [0x00000000fca00000,0x00000000fca00000,0x00000000fe480000)
 ParOldGen       total 290304K, used 206233K [0x00000000a0000000, 0x00000000b1b80000, 0x00000000e0000000)
  object space 290304K, 71% used [0x00000000a0000000,0x00000000ac9667f8,0x00000000b1b80000)
 Metaspace       used 129542K, capacity 135981K, committed 136536K, reserved 1167360K
  class space    used 16441K, capacity 17637K, committed 17792K, reserved 1048576K
Event: 1278.217 GC heap after
Heap after GC invocations=53 (full 6):
 PSYoungGen      total 496128K, used 7680K [0x00000000e0000000, 0x00000000fff80000, 0x0000000100000000)
  eden space 468992K, 0% used [0x00000000e0000000,0x00000000e0000000,0x00000000fca00000)
  from space 27136K, 28% used [0x00000000fca00000,0x00000000fd180020,0x00000000fe480000)
  to   space 26624K, 0% used [0x00000000fe580000,0x00000000fe580000,0x00000000fff80000)
 ParOldGen       total 290304K, used 218727K [0x00000000a0000000, 0x00000000b1b80000, 0x00000000e0000000)
  object space 290304K, 75% used [0x00000000a0000000,0x00000000ad599dd0,0x00000000b1b80000)
 Metaspace       used 129542K, capacity 135981K, committed 136536K, reserved 1167360K
  class space    used 16441K, capacity 17637K, committed 17792K, reserved 1048576K
}
Event: 1279.031 GC heap before
{Heap before GC invocations=54 (full 6):
 PSYoungGen      total 496128K, used 476672K [0x00000000e0000000, 0x00000000fff80000, 0x0000000100000000)
  eden space 468992K, 100% used [0x00000000e0000000,0x00000000fca00000,0x00000000fca00000)
  from space 27136K, 28% used [0x00000000fca00000,0x00000000fd180020,0x00000000fe480000)
  to   space 26624K, 0% used [0x00000000fe580000,0x00000000fe580000,0x00000000fff80000)
 ParOldGen       total 290304K, used 218727K [0x00000000a0000000, 0x00000000b1b80000, 0x00000000e0000000)
  object space 290304K, 75% used [0x00000000a0000000,0x00000000ad599dd0,0x00000000b1b80000)
 Metaspace       used 129544K, capacity 135981K, committed 136536K, reserved 1167360K
  class space    used 16441K, capacity 17637K, committed 17792K, reserved 1048576K
Event: 1279.051 GC heap after
Heap after GC invocations=54 (full 6):
 PSYoungGen      total 497152K, used 4608K [0x00000000e0000000, 0x00000000fff80000, 0x0000000100000000)
  eden space 470528K, 0% used [0x00000000e0000000,0x00000000e0000000,0x00000000fcb80000)
  from space 26624K, 17% used [0x00000000fe580000,0x00000000fea00010,0x00000000fff80000)
  to   space 26624K, 0% used [0x00000000fcb80000,0x00000000fcb80000,0x00000000fe580000)
 ParOldGen       total 290304K, used 226160K [0x00000000a0000000, 0x00000000b1b80000, 0x00000000e0000000)
  object space 290304K, 77% used [0x00000000a0000000,0x00000000adcdc3d0,0x00000000b1b80000)
 Metaspace       used 129544K, capacity 135981K, committed 136536K, reserved 1167360K
  class space    used 16441K, capacity 17637K, committed 17792K, reserved 1048576K
}
Event: 1280.110 GC heap before
{Heap before GC invocations=55 (full 6):
 PSYoungGen      total 497152K, used 475136K [0x00000000e0000000, 0x00000000fff80000, 0x0000000100000000)
  eden space 470528K, 100% used [0x00000000e0000000,0x00000000fcb80000,0x00000000fcb80000)
  from space 26624K, 17% used [0x00000000fe580000,0x00000000fea00010,0x00000000fff80000)
  to   space 26624K, 0% used [0x00000000fcb80000,0x00000000fcb80000,0x00000000fe580000)
 ParOldGen       total 290304K, used 226160K [0x00000000a0000000, 0x00000000b1b80000, 0x00000000e0000000)
  object space 290304K, 77% used [0x00000000a0000000,0x00000000adcdc3d0,0x00000000b1b80000)
 Metaspace       used 129547K, capacity 135981K, committed 136536K, reserved 1167360K
  class space    used 16441K, capacity 17637K, committed 17792K, reserved 1048576K
Event: 1280.140 GC heap after
Heap after GC invocations=55 (full 6):
 PSYoungGen      total 497152K, used 6336K [0x00000000e0000000, 0x00000000fff00000, 0x0000000100000000)
  eden space 470528K, 0% used [0x00000000e0000000,0x00000000e0000000,0x00000000fcb80000)
  from space 26624K, 23% used [0x00000000fcb80000,0x00000000fd1b0000,0x00000000fe580000)
  to   space 26112K, 0% used [0x00000000fe580000,0x00000000fe580000,0x00000000fff00000)
 ParOldGen       total 290304K, used 230709K [0x00000000a0000000, 0x00000000b1b80000, 0x00000000e0000000)
  object space 290304K, 79% used [0x00000000a0000000,0x00000000ae14d420,0x00000000b1b80000)
 Metaspace       used 129547K, capacity 135981K, committed 136536K, reserved 1167360K
  class space    used 16441K, capacity 17637K, committed 17792K, reserved 1048576K
}

