# JRE version: OpenJDK Runtime Environment (11.0.10) (build 11.0.10+0-b96-7249189)
# Java VM: OpenJDK 64-Bit Server VM (11.0.10+0-b96-7249189, mixed mode, tiered, compressed oops, g1 gc, windows-amd64)
Heap:
 garbage-first heap   total 189440K, used 163317K [0x00000000a0000000, 0x0000000100000000)
  region size 1024K, 35 young (35840K), 3 survivors (3072K)
 Metaspace       used 107181K, capacity 110350K, committed 110424K, reserved 1144832K
  class space    used 13733K, capacity 14904K, committed 14976K, reserved 1048576K
GC Heap History (20 events):
Event: 28.525 GC heap before
{Heap before GC invocations=30 (full 0):
 garbage-first heap   total 157696K, used 131424K [0x00000000a0000000, 0x0000000100000000)
  region size 1024K, 42 young (43008K), 5 survivors (5120K)
 Metaspace       used 86007K, capacity 88432K, committed 88664K, reserved 1126400K
  class space    used 11277K, capacity 12112K, committed 12160K, reserved 1048576K
}
Event: 28.547 GC heap after
{Heap after GC invocations=31 (full 0):
 garbage-first heap   total 157696K, used 95875K [0x00000000a0000000, 0x0000000100000000)
  region size 1024K, 5 young (5120K), 5 survivors (5120K)
 Metaspace       used 86007K, capacity 88432K, committed 88664K, reserved 1126400K
  class space    used 11277K, capacity 12112K, committed 12160K, reserved 1048576K
}
Event: 29.644 GC heap before
{Heap before GC invocations=31 (full 0):
 garbage-first heap   total 157696K, used 120451K [0x00000000a0000000, 0x0000000100000000)
  region size 1024K, 31 young (31744K), 5 survivors (5120K)
 Metaspace       used 88630K, capacity 91064K, committed 91224K, reserved 1128448K
  class space    used 11575K, capacity 12410K, committed 12416K, reserved 1048576K
}
Event: 29.664 GC heap after
{Heap after GC invocations=32 (full 0):
 garbage-first heap   total 157696K, used 99703K [0x00000000a0000000, 0x0000000100000000)
  region size 1024K, 5 young (5120K), 5 survivors (5120K)
 Metaspace       used 88630K, capacity 91064K, committed 91224K, reserved 1128448K
  class space    used 11575K, capacity 12410K, committed 12416K, reserved 1048576K
}
Event: 31.072 GC heap before
{Heap before GC invocations=33 (full 0):
 garbage-first heap   total 157696K, used 133495K [0x00000000a0000000, 0x0000000100000000)
  region size 1024K, 37 young (37888K), 5 survivors (5120K)
 Metaspace       used 93667K, capacity 96180K, committed 96472K, reserved 1132544K
  class space    used 12177K, capacity 13018K, committed 13056K, reserved 1048576K
}
Event: 31.092 GC heap after
{Heap after GC invocations=34 (full 0):
 garbage-first heap   total 189440K, used 100789K [0x00000000a0000000, 0x0000000100000000)
  region size 1024K, 2 young (2048K), 2 survivors (2048K)
 Metaspace       used 93667K, capacity 96180K, committed 96472K, reserved 1132544K
  class space    used 12177K, capacity 13018K, committed 13056K, reserved 1048576K
}
Event: 33.093 GC heap before
{Heap before GC invocations=34 (full 0):
 garbage-first heap   total 189440K, used 143797K [0x00000000a0000000, 0x0000000100000000)
  region size 1024K, 45 young (46080K), 2 survivors (2048K)
 Metaspace       used 97008K, capacity 99731K, committed 99800K, reserved 1136640K
  class space    used 12595K, capacity 13526K, committed 13568K, reserved 1048576K
}
Event: 33.111 GC heap after
{Heap after GC invocations=35 (full 0):
 garbage-first heap   total 189440K, used 103797K [0x00000000a0000000, 0x0000000100000000)
  region size 1024K, 5 young (5120K), 5 survivors (5120K)
 Metaspace       used 97008K, capacity 99731K, committed 99800K, reserved 1136640K
  class space    used 12595K, capacity 13526K, committed 13568K, reserved 1048576K
}
Event: 34.709 GC heap before
{Heap before GC invocations=36 (full 0):
 garbage-first heap   total 189440K, used 146805K [0x00000000a0000000, 0x0000000100000000)
  region size 1024K, 48 young (49152K), 5 survivors (5120K)
 Metaspace       used 97362K, capacity 100038K, committed 100312K, reserved 1136640K
  class space    used 12600K, capacity 13531K, committed 13568K, reserved 1048576K
}
Event: 34.731 GC heap after
{Heap after GC invocations=37 (full 0):
 garbage-first heap   total 189440K, used 106474K [0x00000000a0000000, 0x0000000100000000)
  region size 1024K, 6 young (6144K), 6 survivors (6144K)
 Metaspace       used 97362K, capacity 100038K, committed 100312K, reserved 1136640K
  class space    used 12600K, capacity 13531K, committed 13568K, reserved 1048576K
}
Event: 36.875 GC heap before
{Heap before GC invocations=37 (full 0):
 garbage-first heap   total 189440K, used 149482K [0x00000000a0000000, 0x0000000100000000)
  region size 1024K, 49 young (50176K), 6 survivors (6144K)
 Metaspace       used 98182K, capacity 100841K, committed 100952K, reserved 1136640K
  class space    used 12664K, capacity 13616K, committed 13696K, reserved 1048576K
}
Event: 36.897 GC heap after
{Heap after GC invocations=38 (full 0):
 garbage-first heap   total 189440K, used 109106K [0x00000000a0000000, 0x0000000100000000)
  region size 1024K, 6 young (6144K), 6 survivors (6144K)
 Metaspace       used 98182K, capacity 100841K, committed 100952K, reserved 1136640K
  class space    used 12664K, capacity 13616K, committed 13696K, reserved 1048576K
}
Event: 39.226 GC heap before
{Heap before GC invocations=39 (full 0):
 garbage-first heap   total 189440K, used 152114K [0x00000000a0000000, 0x0000000100000000)
  region size 1024K, 49 young (50176K), 6 survivors (6144K)
 Metaspace       used 101815K, capacity 104763K, committed 104920K, reserved 1140736K
  class space    used 13159K, capacity 14245K, committed 14336K, reserved 1048576K
}
Event: 39.247 GC heap after
{Heap after GC invocations=40 (full 0):
 garbage-first heap   total 189440K, used 111944K [0x00000000a0000000, 0x0000000100000000)
  region size 1024K, 6 young (6144K), 6 survivors (6144K)
 Metaspace       used 101815K, capacity 104763K, committed 104920K, reserved 1140736K
  class space    used 13159K, capacity 14245K, committed 14336K, reserved 1048576K
}
Event: 421.855 GC heap before
{Heap before GC invocations=40 (full 0):
 garbage-first heap   total 189440K, used 155976K [0x00000000a0000000, 0x0000000100000000)
  region size 1024K, 49 young (50176K), 6 survivors (6144K)
 Metaspace       used 103471K, capacity 106601K, committed 106712K, reserved 1140736K
  class space    used 13341K, capacity 14509K, committed 14592K, reserved 1048576K
}
Event: 421.868 GC heap after
{Heap after GC invocations=41 (full 0):
 garbage-first heap   total 189440K, used 113882K [0x00000000a0000000, 0x0000000100000000)
  region size 1024K, 5 young (5120K), 5 survivors (5120K)
 Metaspace       used 103471K, capacity 106601K, committed 106712K, reserved 1140736K
  class space    used 13341K, capacity 14509K, committed 14592K, reserved 1048576K
}
Event: 423.771 GC heap before
{Heap before GC invocations=42 (full 0):
 garbage-first heap   total 189440K, used 157914K [0x00000000a0000000, 0x0000000100000000)
  region size 1024K, 48 young (49152K), 5 survivors (5120K)
 Metaspace       used 104823K, capacity 108030K, committed 108120K, reserved 1142784K
  class space    used 13508K, capacity 14699K, committed 14720K, reserved 1048576K
}
Event: 423.791 GC heap after
{Heap after GC invocations=43 (full 0):
 garbage-first heap   total 189440K, used 119310K [0x00000000a0000000, 0x0000000100000000)
  region size 1024K, 6 young (6144K), 6 survivors (6144K)
 Metaspace       used 104823K, capacity 108030K, committed 108120K, reserved 1142784K
  class space    used 13508K, capacity 14699K, committed 14720K, reserved 1048576K
}
Event: 424.879 GC heap before
{Heap before GC invocations=43 (full 0):
 garbage-first heap   total 189440K, used 156174K [0x00000000a0000000, 0x0000000100000000)
  region size 1024K, 44 young (45056K), 6 survivors (6144K)
 Metaspace       used 105880K, capacity 109162K, committed 109272K, reserved 1144832K
  class space    used 13603K, capacity 14792K, committed 14848K, reserved 1048576K
}
Event: 424.911 GC heap after
{Heap after GC invocations=44 (full 0):
 garbage-first heap   total 189440K, used 122357K [0x00000000a0000000, 0x0000000100000000)
  region size 1024K, 3 young (3072K), 3 survivors (3072K)
 Metaspace       used 105880K, capacity 109162K, committed 109272K, reserved 1144832K
  class space    used 13603K, capacity 14792K, committed 14848K, reserved 1048576K
}

