# JRE version: OpenJDK Runtime Environment (8.0_202-b03) (build 1.8.0_202-release-1483-b03)
# Java VM: OpenJDK 64-Bit Server VM (25.202-b03 mixed mode windows-amd64 compressed oops)
Heap:
 PSYoungGen      total 133632K, used 51384K [0x00000000e0000000, 0x00000000ea400000, 0x0000000100000000)
  eden space 116224K, 29% used [0x00000000e0000000,0x00000000e2132060,0x00000000e7180000)
  from space 17408K, 99% used [0x00000000e7180000,0x00000000e827c1d0,0x00000000e8280000)
  to   space 19968K, 0% used [0x00000000e9080000,0x00000000e9080000,0x00000000ea400000)
 ParOldGen       total 151552K, used 37009K [0x00000000a0000000, 0x00000000a9400000, 0x00000000e0000000)
  object space 151552K, 24% used [0x00000000a0000000,0x00000000a2424698,0x00000000a9400000)
 Metaspace       used 67475K, capacity 69494K, committed 69780K, reserved 1110016K
  class space    used 8826K, capacity 9316K, committed 9404K, reserved 1048576K
GC Heap History (10 events):
Event: 55.174 GC heap before
{Heap before GC invocations=16 (full 2):
 PSYoungGen      total 92160K, used 92156K [0x00000000e0000000, 0x00000000e7c00000, 0x0000000100000000)
  eden space 80384K, 100% used [0x00000000e0000000,0x00000000e4e80000,0x00000000e4e80000)
  from space 11776K, 99% used [0x00000000e4e80000,0x00000000e59ff298,0x00000000e5a00000)
  to   space 13824K, 0% used [0x00000000e6e80000,0x00000000e6e80000,0x00000000e7c00000)
 ParOldGen       total 99840K, used 18350K [0x00000000a0000000, 0x00000000a6180000, 0x00000000e0000000)
  object space 99840K, 18% used [0x00000000a0000000,0x00000000a11ebbb8,0x00000000a6180000)
 Metaspace       used 52167K, capacity 53556K, committed 53848K, reserved 1095680K
  class space    used 7073K, capacity 7441K, committed 7552K, reserved 1048576K
Event: 55.226 GC heap after
Heap after GC invocations=16 (full 2):
 PSYoungGen      total 111616K, used 13765K [0x00000000e0000000, 0x00000000e8200000, 0x0000000100000000)
  eden space 97792K, 0% used [0x00000000e0000000,0x00000000e0000000,0x00000000e5f80000)
  from space 13824K, 99% used [0x00000000e6e80000,0x00000000e7bf14b8,0x00000000e7c00000)
  to   space 15360K, 0% used [0x00000000e5f80000,0x00000000e5f80000,0x00000000e6e80000)
 ParOldGen       total 99840K, used 22154K [0x00000000a0000000, 0x00000000a6180000, 0x00000000e0000000)
  object space 99840K, 22% used [0x00000000a0000000,0x00000000a15a2bc0,0x00000000a6180000)
 Metaspace       used 52167K, capacity 53556K, committed 53848K, reserved 1095680K
  class space    used 7073K, capacity 7441K, committed 7552K, reserved 1048576K
}
Event: 65.883 GC heap before
{Heap before GC invocations=17 (full 2):
 PSYoungGen      total 111616K, used 88381K [0x00000000e0000000, 0x00000000e8200000, 0x0000000100000000)
  eden space 97792K, 76% used [0x00000000e0000000,0x00000000e48ddf98,0x00000000e5f80000)
  from space 13824K, 99% used [0x00000000e6e80000,0x00000000e7bf14b8,0x00000000e7c00000)
  to   space 15360K, 0% used [0x00000000e5f80000,0x00000000e5f80000,0x00000000e6e80000)
 ParOldGen       total 99840K, used 22154K [0x00000000a0000000, 0x00000000a6180000, 0x00000000e0000000)
  object space 99840K, 22% used [0x00000000a0000000,0x00000000a15a2bc0,0x00000000a6180000)
 Metaspace       used 57405K, capacity 58902K, committed 59028K, reserved 1099776K
  class space    used 7695K, capacity 8074K, committed 8124K, reserved 1048576K
Event: 65.933 GC heap after
Heap after GC invocations=17 (full 2):
 PSYoungGen      total 113152K, used 15340K [0x00000000e0000000, 0x00000000e9b00000, 0x0000000100000000)
  eden space 97792K, 0% used [0x00000000e0000000,0x00000000e0000000,0x00000000e5f80000)
  from space 15360K, 99% used [0x00000000e5f80000,0x00000000e6e7b270,0x00000000e6e80000)
  to   space 17920K, 0% used [0x00000000e8980000,0x00000000e8980000,0x00000000e9b00000)
 ParOldGen       total 99840K, used 24456K [0x00000000a0000000, 0x00000000a6180000, 0x00000000e0000000)
  object space 99840K, 24% used [0x00000000a0000000,0x00000000a17e2158,0x00000000a6180000)
 Metaspace       used 57405K, capacity 58902K, committed 59028K, reserved 1099776K
  class space    used 7695K, capacity 8074K, committed 8124K, reserved 1048576K
}
Event: 65.933 GC heap before
{Heap before GC invocations=18 (full 3):
 PSYoungGen      total 113152K, used 15340K [0x00000000e0000000, 0x00000000e9b00000, 0x0000000100000000)
  eden space 97792K, 0% used [0x00000000e0000000,0x00000000e0000000,0x00000000e5f80000)
  from space 15360K, 99% used [0x00000000e5f80000,0x00000000e6e7b270,0x00000000e6e80000)
  to   space 17920K, 0% used [0x00000000e8980000,0x00000000e8980000,0x00000000e9b00000)
 ParOldGen       total 99840K, used 24456K [0x00000000a0000000, 0x00000000a6180000, 0x00000000e0000000)
  object space 99840K, 24% used [0x00000000a0000000,0x00000000a17e2158,0x00000000a6180000)
 Metaspace       used 57405K, capacity 58902K, committed 59028K, reserved 1099776K
  class space    used 7695K, capacity 8074K, committed 8124K, reserved 1048576K
Event: 66.565 GC heap after
Heap after GC invocations=18 (full 3):
 PSYoungGen      total 113152K, used 0K [0x00000000e0000000, 0x00000000e9b00000, 0x0000000100000000)
  eden space 97792K, 0% used [0x00000000e0000000,0x00000000e0000000,0x00000000e5f80000)
  from space 15360K, 0% used [0x00000000e5f80000,0x00000000e5f80000,0x00000000e6e80000)
  to   space 17920K, 0% used [0x00000000e8980000,0x00000000e8980000,0x00000000e9b00000)
 ParOldGen       total 151552K, used 36554K [0x00000000a0000000, 0x00000000a9400000, 0x00000000e0000000)
  object space 151552K, 24% used [0x00000000a0000000,0x00000000a23b2be8,0x00000000a9400000)
 Metaspace       used 57405K, capacity 58902K, committed 59028K, reserved 1099776K
  class space    used 7695K, capacity 8074K, committed 8124K, reserved 1048576K
}
Event: 76.295 GC heap before
{Heap before GC invocations=19 (full 3):
 PSYoungGen      total 113152K, used 97792K [0x00000000e0000000, 0x00000000e9b00000, 0x0000000100000000)
  eden space 97792K, 100% used [0x00000000e0000000,0x00000000e5f80000,0x00000000e5f80000)
  from space 15360K, 0% used [0x00000000e5f80000,0x00000000e5f80000,0x00000000e6e80000)
  to   space 17920K, 0% used [0x00000000e8980000,0x00000000e8980000,0x00000000e9b00000)
 ParOldGen       total 151552K, used 36554K [0x00000000a0000000, 0x00000000a9400000, 0x00000000e0000000)
  object space 151552K, 24% used [0x00000000a0000000,0x00000000a23b2be8,0x00000000a9400000)
 Metaspace       used 61205K, capacity 62882K, committed 63124K, reserved 1103872K
  class space    used 8243K, capacity 8634K, committed 8636K, reserved 1048576K
Event: 76.320 GC heap after
Heap after GC invocations=19 (full 3):
 PSYoungGen      total 126464K, used 8293K [0x00000000e0000000, 0x00000000e9380000, 0x0000000100000000)
  eden space 116224K, 0% used [0x00000000e0000000,0x00000000e0000000,0x00000000e7180000)
  from space 10240K, 80% used [0x00000000e8980000,0x00000000e91997a0,0x00000000e9380000)
  to   space 17408K, 0% used [0x00000000e7180000,0x00000000e7180000,0x00000000e8280000)
 ParOldGen       total 151552K, used 36562K [0x00000000a0000000, 0x00000000a9400000, 0x00000000e0000000)
  object space 151552K, 24% used [0x00000000a0000000,0x00000000a23b4be8,0x00000000a9400000)
 Metaspace       used 61205K, capacity 62882K, committed 63124K, reserved 1103872K
  class space    used 8243K, capacity 8634K, committed 8636K, reserved 1048576K
}
Event: 371.094 GC heap before
{Heap before GC invocations=20 (full 3):
 PSYoungGen      total 126464K, used 124517K [0x00000000e0000000, 0x00000000e9380000, 0x0000000100000000)
  eden space 116224K, 100% used [0x00000000e0000000,0x00000000e7180000,0x00000000e7180000)
  from space 10240K, 80% used [0x00000000e8980000,0x00000000e91997a0,0x00000000e9380000)
  to   space 17408K, 0% used [0x00000000e7180000,0x00000000e7180000,0x00000000e8280000)
 ParOldGen       total 151552K, used 36562K [0x00000000a0000000, 0x00000000a9400000, 0x00000000e0000000)
  object space 151552K, 24% used [0x00000000a0000000,0x00000000a23b4be8,0x00000000a9400000)
 Metaspace       used 67299K, capacity 69418K, committed 69524K, reserved 1110016K
  class space    used 8826K, capacity 9316K, committed 9404K, reserved 1048576K
Event: 371.136 GC heap after
Heap after GC invocations=20 (full 3):
 PSYoungGen      total 133632K, used 17392K [0x00000000e0000000, 0x00000000ea400000, 0x0000000100000000)
  eden space 116224K, 0% used [0x00000000e0000000,0x00000000e0000000,0x00000000e7180000)
  from space 17408K, 99% used [0x00000000e7180000,0x00000000e827c1d0,0x00000000e8280000)
  to   space 19968K, 0% used [0x00000000e9080000,0x00000000e9080000,0x00000000ea400000)
 ParOldGen       total 151552K, used 37009K [0x00000000a0000000, 0x00000000a9400000, 0x00000000e0000000)
  object space 151552K, 24% used [0x00000000a0000000,0x00000000a2424698,0x00000000a9400000)
 Metaspace       used 67299K, capacity 69418K, committed 69524K, reserved 1110016K
  class space    used 8826K, capacity 9316K, committed 9404K, reserved 1048576K
}

