# JRE version: OpenJDK Runtime Environment (11.0.10) (build 11.0.10+0-b96-7249189)
# Java VM: OpenJDK 64-Bit Server VM (11.0.10+0-b96-7249189, mixed mode, tiered, compressed oops, g1 gc, windows-amd64)
Heap:
 garbage-first heap   total 187392K, used 123231K [0x00000000a0000000, 0x0000000100000000)
  region size 1024K, 60 young (61440K), 6 survivors (6144K)
 Metaspace       used 80082K, capacity 82310K, committed 82440K, reserved 1120256K
  class space    used 10411K, capacity 11197K, committed 11212K, reserved 1048576K
GC Heap History (20 events):
Event: 7.577 GC heap before
{Heap before GC invocations=7 (full 0):
 garbage-first heap   total 155648K, used 75647K [0x00000000a0000000, 0x0000000100000000)
  region size 1024K, 60 young (61440K), 3 survivors (3072K)
 Metaspace       used 34832K, capacity 35610K, committed 35708K, reserved 1081344K
  class space    used 4531K, capacity 4832K, committed 4864K, reserved 1048576K
}
Event: 7.592 GC heap after
{Heap after GC invocations=8 (full 0):
 garbage-first heap   total 155648K, used 22866K [0x00000000a0000000, 0x0000000100000000)
  region size 1024K, 8 young (8192K), 8 survivors (8192K)
 Metaspace       used 34832K, capacity 35610K, committed 35708K, reserved 1081344K
  class space    used 4531K, capacity 4832K, committed 4864K, reserved 1048576K
}
Event: 8.876 GC heap before
{Heap before GC invocations=9 (full 0):
 garbage-first heap   total 155648K, used 94546K [0x00000000a0000000, 0x0000000100000000)
  region size 1024K, 75 young (76800K), 8 survivors (8192K)
 Metaspace       used 41433K, capacity 42340K, committed 42364K, reserved 1085440K
  class space    used 5257K, capacity 5614K, committed 5632K, reserved 1048576K
}
Event: 8.893 GC heap after
{Heap after GC invocations=10 (full 0):
 garbage-first heap   total 155648K, used 26110K [0x00000000a0000000, 0x0000000100000000)
  region size 1024K, 8 young (8192K), 8 survivors (8192K)
 Metaspace       used 41433K, capacity 42340K, committed 42364K, reserved 1085440K
  class space    used 5257K, capacity 5614K, committed 5632K, reserved 1048576K
}
Event: 19.057 GC heap before
{Heap before GC invocations=10 (full 0):
 garbage-first heap   total 155648K, used 105982K [0x00000000a0000000, 0x0000000100000000)
  region size 1024K, 86 young (88064K), 8 survivors (8192K)
 Metaspace       used 46629K, capacity 47861K, committed 48124K, reserved 1091584K
  class space    used 5964K, capacity 6409K, committed 6528K, reserved 1048576K
}
Event: 19.115 GC heap after
{Heap after GC invocations=11 (full 0):
 garbage-first heap   total 155648K, used 29573K [0x00000000a0000000, 0x0000000100000000)
  region size 1024K, 8 young (8192K), 8 survivors (8192K)
 Metaspace       used 46629K, capacity 47861K, committed 48124K, reserved 1091584K
  class space    used 5964K, capacity 6409K, committed 6528K, reserved 1048576K
}
Event: 32.871 GC heap before
{Heap before GC invocations=11 (full 0):
 garbage-first heap   total 155648K, used 116613K [0x00000000a0000000, 0x0000000100000000)
  region size 1024K, 90 young (92160K), 8 survivors (8192K)
 Metaspace       used 54848K, capacity 56308K, committed 56572K, reserved 1097728K
  class space    used 6945K, capacity 7462K, committed 7552K, reserved 1048576K
}
Event: 32.936 GC heap after
{Heap after GC invocations=12 (full 0):
 garbage-first heap   total 187392K, used 42739K [0x00000000a0000000, 0x0000000100000000)
  region size 1024K, 12 young (12288K), 12 survivors (12288K)
 Metaspace       used 54848K, capacity 56308K, committed 56572K, reserved 1097728K
  class space    used 6945K, capacity 7462K, committed 7552K, reserved 1048576K
}
Event: 34.676 GC heap before
{Heap before GC invocations=12 (full 0):
 garbage-first heap   total 187392K, used 66291K [0x00000000a0000000, 0x0000000100000000)
  region size 1024K, 36 young (36864K), 12 survivors (12288K)
 Metaspace       used 58197K, capacity 59736K, committed 59900K, reserved 1101824K
  class space    used 7379K, capacity 7959K, committed 8064K, reserved 1048576K
}
Event: 34.699 GC heap after
{Heap after GC invocations=13 (full 0):
 garbage-first heap   total 187392K, used 45624K [0x00000000a0000000, 0x0000000100000000)
  region size 1024K, 3 young (3072K), 3 survivors (3072K)
 Metaspace       used 58197K, capacity 59736K, committed 59900K, reserved 1101824K
  class space    used 7379K, capacity 7959K, committed 8064K, reserved 1048576K
}
Event: 37.095 GC heap before
{Heap before GC invocations=14 (full 0):
 garbage-first heap   total 187392K, used 111160K [0x00000000a0000000, 0x0000000100000000)
  region size 1024K, 67 young (68608K), 3 survivors (3072K)
 Metaspace       used 63157K, capacity 64883K, committed 65160K, reserved 1105920K
  class space    used 8028K, capacity 8660K, committed 8780K, reserved 1048576K
}
Event: 37.112 GC heap after
{Heap after GC invocations=15 (full 0):
 garbage-first heap   total 187392K, used 50352K [0x00000000a0000000, 0x0000000100000000)
  region size 1024K, 8 young (8192K), 8 survivors (8192K)
 Metaspace       used 63157K, capacity 64883K, committed 65160K, reserved 1105920K
  class space    used 8028K, capacity 8660K, committed 8780K, reserved 1048576K
}
Event: 39.043 GC heap before
{Heap before GC invocations=16 (full 0):
 garbage-first heap   total 187392K, used 117936K [0x00000000a0000000, 0x0000000100000000)
  region size 1024K, 74 young (75776K), 8 survivors (8192K)
 Metaspace       used 68498K, capacity 70197K, committed 70536K, reserved 1110016K
  class space    used 8857K, capacity 9461K, committed 9548K, reserved 1048576K
}
Event: 39.067 GC heap after
{Heap after GC invocations=17 (full 0):
 garbage-first heap   total 187392K, used 55177K [0x00000000a0000000, 0x0000000100000000)
  region size 1024K, 5 young (5120K), 5 survivors (5120K)
 Metaspace       used 68498K, capacity 70197K, committed 70536K, reserved 1110016K
  class space    used 8857K, capacity 9461K, committed 9548K, reserved 1048576K
}
Event: 41.175 GC heap before
{Heap before GC invocations=17 (full 0):
 garbage-first heap   total 187392K, used 124809K [0x00000000a0000000, 0x0000000100000000)
  region size 1024K, 73 young (74752K), 5 survivors (5120K)
 Metaspace       used 72607K, capacity 74364K, committed 74504K, reserved 1114112K
  class space    used 9498K, capacity 10158K, committed 10188K, reserved 1048576K
}
Event: 41.223 GC heap after
{Heap after GC invocations=18 (full 0):
 garbage-first heap   total 187392K, used 59107K [0x00000000a0000000, 0x0000000100000000)
  region size 1024K, 9 young (9216K), 9 survivors (9216K)
 Metaspace       used 72607K, capacity 74364K, committed 74504K, reserved 1114112K
  class space    used 9498K, capacity 10158K, committed 10188K, reserved 1048576K
}
Event: 45.164 GC heap before
{Heap before GC invocations=18 (full 0):
 garbage-first heap   total 187392K, used 130787K [0x00000000a0000000, 0x0000000100000000)
  region size 1024K, 79 young (80896K), 9 survivors (9216K)
 Metaspace       used 78823K, capacity 80950K, committed 81160K, reserved 1120256K
  class space    used 10340K, capacity 11122K, committed 11212K, reserved 1048576K
}
Event: 45.231 GC heap after
{Heap after GC invocations=19 (full 0):
 garbage-first heap   total 187392K, used 65075K [0x00000000a0000000, 0x0000000100000000)
  region size 1024K, 10 young (10240K), 10 survivors (10240K)
 Metaspace       used 78823K, capacity 80950K, committed 81160K, reserved 1120256K
  class space    used 10340K, capacity 11122K, committed 11212K, reserved 1048576K
}
Event: 48.855 GC heap before
{Heap before GC invocations=19 (full 0):
 garbage-first heap   total 187392K, used 134707K [0x00000000a0000000, 0x0000000100000000)
  region size 1024K, 79 young (80896K), 10 survivors (10240K)
 Metaspace       used 79415K, capacity 81583K, committed 81672K, reserved 1120256K
  class space    used 10358K, capacity 11144K, committed 11212K, reserved 1048576K
}
Event: 48.886 GC heap after
{Heap after GC invocations=20 (full 0):
 garbage-first heap   total 187392K, used 69983K [0x00000000a0000000, 0x0000000100000000)
  region size 1024K, 6 young (6144K), 6 survivors (6144K)
 Metaspace       used 79415K, capacity 81583K, committed 81672K, reserved 1120256K
  class space    used 10358K, capacity 11144K, committed 11212K, reserved 1048576K
}

