# JRE version: OpenJDK Runtime Environment (11.0.10) (build 11.0.10+0-b96-7249189)
# Java VM: OpenJDK 64-Bit Server VM (11.0.10+0-b96-7249189, mixed mode, tiered, compressed oops, g1 gc, windows-amd64)
Heap:
 garbage-first heap   total 491520K, used 370197K [0x00000000a0000000, 0x0000000100000000)
  region size 1024K, 111 young (113664K), 13 survivors (13312K)
 Metaspace       used 151258K, capacity 155359K, committed 155836K, reserved 1185792K
  class space    used 18448K, capacity 19953K, committed 20096K, reserved 1048576K
GC Heap History (20 events):
Event: 7363.021 GC heap before
{Heap before GC invocations=288 (full 0):
 garbage-first heap   total 491520K, used 426204K [0x00000000a0000000, 0x0000000100000000)
  region size 1024K, 170 young (174080K), 2 survivors (2048K)
 Metaspace       used 151249K, capacity 155294K, committed 155836K, reserved 1185792K
  class space    used 18448K, capacity 19953K, committed 20096K, reserved 1048576K
}
Event: 7363.048 GC heap after
{Heap after GC invocations=289 (full 0):
 garbage-first heap   total 491520K, used 256235K [0x00000000a0000000, 0x0000000100000000)
  region size 1024K, 4 young (4096K), 4 survivors (4096K)
 Metaspace       used 151249K, capacity 155294K, committed 155836K, reserved 1185792K
  class space    used 18448K, capacity 19953K, committed 20096K, reserved 1048576K
}
Event: 7363.817 GC heap before
{Heap before GC invocations=289 (full 0):
 garbage-first heap   total 491520K, used 429291K [0x00000000a0000000, 0x0000000100000000)
  region size 1024K, 173 young (177152K), 4 survivors (4096K)
 Metaspace       used 151252K, capacity 155358K, committed 155836K, reserved 1185792K
  class space    used 18448K, capacity 19953K, committed 20096K, reserved 1048576K
}
Event: 7363.834 GC heap after
{Heap after GC invocations=290 (full 0):
 garbage-first heap   total 491520K, used 258950K [0x00000000a0000000, 0x0000000100000000)
  region size 1024K, 7 young (7168K), 7 survivors (7168K)
 Metaspace       used 151252K, capacity 155358K, committed 155836K, reserved 1185792K
  class space    used 18448K, capacity 19953K, committed 20096K, reserved 1048576K
}
Event: 7364.640 GC heap before
{Heap before GC invocations=290 (full 0):
 garbage-first heap   total 491520K, used 428934K [0x00000000a0000000, 0x0000000100000000)
  region size 1024K, 173 young (177152K), 7 survivors (7168K)
 Metaspace       used 151252K, capacity 155358K, committed 155836K, reserved 1185792K
  class space    used 18448K, capacity 19953K, committed 20096K, reserved 1048576K
}
Event: 7364.666 GC heap after
{Heap after GC invocations=291 (full 0):
 garbage-first heap   total 491520K, used 261869K [0x00000000a0000000, 0x0000000100000000)
  region size 1024K, 9 young (9216K), 9 survivors (9216K)
 Metaspace       used 151252K, capacity 155358K, committed 155836K, reserved 1185792K
  class space    used 18448K, capacity 19953K, committed 20096K, reserved 1048576K
}
Event: 7365.542 GC heap before
{Heap before GC invocations=291 (full 0):
 garbage-first heap   total 491520K, used 430829K [0x00000000a0000000, 0x0000000100000000)
  region size 1024K, 174 young (178176K), 9 survivors (9216K)
 Metaspace       used 151252K, capacity 155358K, committed 155836K, reserved 1185792K
  class space    used 18448K, capacity 19953K, committed 20096K, reserved 1048576K
}
Event: 7365.569 GC heap after
{Heap after GC invocations=292 (full 0):
 garbage-first heap   total 491520K, used 265348K [0x00000000a0000000, 0x0000000100000000)
  region size 1024K, 13 young (13312K), 13 survivors (13312K)
 Metaspace       used 151252K, capacity 155358K, committed 155836K, reserved 1185792K
  class space    used 18448K, capacity 19953K, committed 20096K, reserved 1048576K
}
Event: 7366.448 GC heap before
{Heap before GC invocations=293 (full 0):
 garbage-first heap   total 491520K, used 428164K [0x00000000a0000000, 0x0000000100000000)
  region size 1024K, 172 young (176128K), 13 survivors (13312K)
 Metaspace       used 151252K, capacity 155358K, committed 155836K, reserved 1185792K
  class space    used 18448K, capacity 19953K, committed 20096K, reserved 1048576K
}
Event: 7366.484 GC heap after
{Heap after GC invocations=294 (full 0):
 garbage-first heap   total 491520K, used 263174K [0x00000000a0000000, 0x0000000100000000)
  region size 1024K, 9 young (9216K), 9 survivors (9216K)
 Metaspace       used 151252K, capacity 155358K, committed 155836K, reserved 1185792K
  class space    used 18448K, capacity 19953K, committed 20096K, reserved 1048576K
}
Event: 7366.552 GC heap before
{Heap before GC invocations=294 (full 0):
 garbage-first heap   total 491520K, used 278534K [0x00000000a0000000, 0x0000000100000000)
  region size 1024K, 24 young (24576K), 9 survivors (9216K)
 Metaspace       used 151252K, capacity 155358K, committed 155836K, reserved 1185792K
  class space    used 18448K, capacity 19953K, committed 20096K, reserved 1048576K
}
Event: 7366.599 GC heap after
{Heap after GC invocations=295 (full 0):
 garbage-first heap   total 491520K, used 259480K [0x00000000a0000000, 0x0000000100000000)
  region size 1024K, 2 young (2048K), 2 survivors (2048K)
 Metaspace       used 151252K, capacity 155358K, committed 155836K, reserved 1185792K
  class space    used 18448K, capacity 19953K, committed 20096K, reserved 1048576K
}
Event: 7367.298 GC heap before
{Heap before GC invocations=295 (full 0):
 garbage-first heap   total 491520K, used 429464K [0x00000000a0000000, 0x0000000100000000)
  region size 1024K, 168 young (172032K), 2 survivors (2048K)
 Metaspace       used 151252K, capacity 155358K, committed 155836K, reserved 1185792K
  class space    used 18448K, capacity 19953K, committed 20096K, reserved 1048576K
}
Event: 7367.329 GC heap after
{Heap after GC invocations=296 (full 0):
 garbage-first heap   total 491520K, used 261296K [0x00000000a0000000, 0x0000000100000000)
  region size 1024K, 4 young (4096K), 4 survivors (4096K)
 Metaspace       used 151252K, capacity 155358K, committed 155836K, reserved 1185792K
  class space    used 18448K, capacity 19953K, committed 20096K, reserved 1048576K
}
Event: 7368.003 GC heap before
{Heap before GC invocations=296 (full 0):
 garbage-first heap   total 491520K, used 430256K [0x00000000a0000000, 0x0000000100000000)
  region size 1024K, 169 young (173056K), 4 survivors (4096K)
 Metaspace       used 151252K, capacity 155358K, committed 155836K, reserved 1185792K
  class space    used 18448K, capacity 19953K, committed 20096K, reserved 1048576K
}
Event: 7368.023 GC heap after
{Heap after GC invocations=297 (full 0):
 garbage-first heap   total 491520K, used 264037K [0x00000000a0000000, 0x0000000100000000)
  region size 1024K, 7 young (7168K), 7 survivors (7168K)
 Metaspace       used 151252K, capacity 155358K, committed 155836K, reserved 1185792K
  class space    used 18448K, capacity 19953K, committed 20096K, reserved 1048576K
}
Event: 7368.771 GC heap before
{Heap before GC invocations=297 (full 0):
 garbage-first heap   total 491520K, used 430949K [0x00000000a0000000, 0x0000000100000000)
  region size 1024K, 170 young (174080K), 7 survivors (7168K)
 Metaspace       used 151257K, capacity 155359K, committed 155836K, reserved 1185792K
  class space    used 18448K, capacity 19953K, committed 20096K, reserved 1048576K
}
Event: 7368.798 GC heap after
{Heap after GC invocations=298 (full 0):
 garbage-first heap   total 491520K, used 267797K [0x00000000a0000000, 0x0000000100000000)
  region size 1024K, 10 young (10240K), 10 survivors (10240K)
 Metaspace       used 151257K, capacity 155359K, committed 155836K, reserved 1185792K
  class space    used 18448K, capacity 19953K, committed 20096K, reserved 1048576K
}
Event: 7369.756 GC heap before
{Heap before GC invocations=298 (full 0):
 garbage-first heap   total 491520K, used 430613K [0x00000000a0000000, 0x0000000100000000)
  region size 1024K, 169 young (173056K), 10 survivors (10240K)
 Metaspace       used 151257K, capacity 155359K, committed 155836K, reserved 1185792K
  class space    used 18448K, capacity 19953K, committed 20096K, reserved 1048576K
}
Event: 7369.791 GC heap after
{Heap after GC invocations=299 (full 0):
 garbage-first heap   total 491520K, used 270869K [0x00000000a0000000, 0x0000000100000000)
  region size 1024K, 13 young (13312K), 13 survivors (13312K)
 Metaspace       used 151257K, capacity 155359K, committed 155836K, reserved 1185792K
  class space    used 18448K, capacity 19953K, committed 20096K, reserved 1048576K
}

