# JRE version: OpenJDK Runtime Environment (11.0.10) (build 11.0.10+0-b96-7249189)
# Java VM: OpenJDK 64-Bit Server VM (11.0.10+0-b96-7249189, mixed mode, tiered, compressed oops, g1 gc, windows-amd64)
Heap:
 garbage-first heap   total 187392K, used 109028K [0x00000000a0000000, 0x0000000100000000)
  region size 1024K, 2 young (2048K), 1 survivors (1024K)
 Metaspace       used 114664K, capacity 117660K, committed 118140K, reserved 1150976K
  class space    used 14531K, capacity 15663K, committed 15872K, reserved 1048576K
GC Heap History (20 events):
Event: 129.211 GC heap before
{Heap before GC invocations=56 (full 0):
 garbage-first heap   total 155648K, used 133642K [0x00000000a0000000, 0x0000000100000000)
  region size 1024K, 11 young (11264K), 2 survivors (2048K)
 Metaspace       used 109966K, capacity 112891K, committed 113020K, reserved 1146880K
  class space    used 13923K, capacity 15009K, committed 15104K, reserved 1048576K
}
Event: 129.220 GC heap after
{Heap after GC invocations=57 (full 0):
 garbage-first heap   total 155648K, used 127702K [0x00000000a0000000, 0x0000000100000000)
  region size 1024K, 2 young (2048K), 2 survivors (2048K)
 Metaspace       used 109966K, capacity 112891K, committed 113020K, reserved 1146880K
  class space    used 13923K, capacity 15009K, committed 15104K, reserved 1048576K
}
Event: 129.815 GC heap before
{Heap before GC invocations=57 (full 0):
 garbage-first heap   total 155648K, used 136918K [0x00000000a0000000, 0x0000000100000000)
  region size 1024K, 10 young (10240K), 2 survivors (2048K)
 Metaspace       used 110642K, capacity 113573K, committed 113788K, reserved 1148928K
  class space    used 13995K, capacity 15093K, committed 15104K, reserved 1048576K
}
Event: 129.824 GC heap after
{Heap after GC invocations=58 (full 0):
 garbage-first heap   total 155648K, used 127627K [0x00000000a0000000, 0x0000000100000000)
  region size 1024K, 2 young (2048K), 2 survivors (2048K)
 Metaspace       used 110642K, capacity 113573K, committed 113788K, reserved 1148928K
  class space    used 13995K, capacity 15093K, committed 15104K, reserved 1048576K
}
Event: 130.092 GC heap before
{Heap before GC invocations=58 (full 0):
 garbage-first heap   total 155648K, used 133771K [0x00000000a0000000, 0x0000000100000000)
  region size 1024K, 9 young (9216K), 2 survivors (2048K)
 Metaspace       used 111061K, capacity 113987K, committed 114172K, reserved 1148928K
  class space    used 14055K, capacity 15163K, committed 15232K, reserved 1048576K
}
Event: 130.102 GC heap after
{Heap after GC invocations=59 (full 0):
 garbage-first heap   total 155648K, used 130002K [0x00000000a0000000, 0x0000000100000000)
  region size 1024K, 2 young (2048K), 2 survivors (2048K)
 Metaspace       used 111061K, capacity 113987K, committed 114172K, reserved 1148928K
  class space    used 14055K, capacity 15163K, committed 15232K, reserved 1048576K
}
Event: 130.259 GC heap before
{Heap before GC invocations=59 (full 0):
 garbage-first heap   total 155648K, used 135122K [0x00000000a0000000, 0x0000000100000000)
  region size 1024K, 7 young (7168K), 2 survivors (2048K)
 Metaspace       used 111795K, capacity 114748K, committed 114940K, reserved 1148928K
  class space    used 14307K, capacity 15396K, committed 15488K, reserved 1048576K
}
Event: 130.269 GC heap after
{Heap after GC invocations=60 (full 0):
 garbage-first heap   total 187392K, used 130976K [0x00000000a0000000, 0x0000000100000000)
  region size 1024K, 1 young (1024K), 1 survivors (1024K)
 Metaspace       used 111795K, capacity 114748K, committed 114940K, reserved 1148928K
  class space    used 14307K, capacity 15396K, committed 15488K, reserved 1048576K
}
Event: 131.350 GC heap before
{Heap before GC invocations=60 (full 0):
 garbage-first heap   total 187392K, used 150432K [0x00000000a0000000, 0x0000000100000000)
  region size 1024K, 18 young (18432K), 1 survivors (1024K)
 Metaspace       used 112263K, capacity 115305K, committed 115452K, reserved 1148928K
  class space    used 14343K, capacity 15471K, committed 15488K, reserved 1048576K
}
Event: 131.366 GC heap after
{Heap after GC invocations=61 (full 0):
 garbage-first heap   total 187392K, used 137159K [0x00000000a0000000, 0x0000000100000000)
  region size 1024K, 3 young (3072K), 3 survivors (3072K)
 Metaspace       used 112263K, capacity 115305K, committed 115452K, reserved 1148928K
  class space    used 14343K, capacity 15471K, committed 15488K, reserved 1048576K
}
Event: 132.837 GC heap before
{Heap before GC invocations=61 (full 0):
 garbage-first heap   total 187392K, used 164807K [0x00000000a0000000, 0x0000000100000000)
  region size 1024K, 16 young (16384K), 3 survivors (3072K)
 Metaspace       used 113485K, capacity 116577K, committed 116732K, reserved 1150976K
  class space    used 14499K, capacity 15650K, committed 15744K, reserved 1048576K
}
Event: 132.856 GC heap after
{Heap after GC invocations=62 (full 0):
 garbage-first heap   total 187392K, used 149069K [0x00000000a0000000, 0x0000000100000000)
  region size 1024K, 2 young (2048K), 2 survivors (2048K)
 Metaspace       used 113485K, capacity 116577K, committed 116732K, reserved 1150976K
  class space    used 14499K, capacity 15650K, committed 15744K, reserved 1048576K
}
Event: 248.214 GC heap before
{Heap before GC invocations=63 (full 0):
 garbage-first heap   total 187392K, used 158285K [0x00000000a0000000, 0x0000000100000000)
  region size 1024K, 12 young (12288K), 2 survivors (2048K)
 Metaspace       used 113920K, capacity 116951K, committed 117372K, reserved 1150976K
  class space    used 14520K, capacity 15645K, committed 15872K, reserved 1048576K
}
Event: 248.227 GC heap after
{Heap after GC invocations=64 (full 0):
 garbage-first heap   total 187392K, used 133232K [0x00000000a0000000, 0x0000000100000000)
  region size 1024K, 1 young (1024K), 1 survivors (1024K)
 Metaspace       used 113920K, capacity 116951K, committed 117372K, reserved 1150976K
  class space    used 14520K, capacity 15645K, committed 15872K, reserved 1048576K
}
Event: 248.882 GC heap before
{Heap before GC invocations=64 (full 0):
 garbage-first heap   total 187392K, used 141424K [0x00000000a0000000, 0x0000000100000000)
  region size 1024K, 9 young (9216K), 1 survivors (1024K)
 Metaspace       used 114071K, capacity 117114K, committed 117628K, reserved 1150976K
  class space    used 14523K, capacity 15650K, committed 15872K, reserved 1048576K
}
Event: 248.894 GC heap after
{Heap after GC invocations=65 (full 0):
 garbage-first heap   total 187392K, used 113692K [0x00000000a0000000, 0x0000000100000000)
  region size 1024K, 2 young (2048K), 2 survivors (2048K)
 Metaspace       used 114071K, capacity 117114K, committed 117628K, reserved 1150976K
  class space    used 14523K, capacity 15650K, committed 15872K, reserved 1048576K
}
Event: 249.099 GC heap before
{Heap before GC invocations=65 (full 0):
 garbage-first heap   total 187392K, used 119836K [0x00000000a0000000, 0x0000000100000000)
  region size 1024K, 9 young (9216K), 2 survivors (2048K)
 Metaspace       used 114147K, capacity 117190K, committed 117628K, reserved 1150976K
  class space    used 14523K, capacity 15650K, committed 15872K, reserved 1048576K
}
Event: 249.110 GC heap after
{Heap after GC invocations=66 (full 0):
 garbage-first heap   total 187392K, used 106489K [0x00000000a0000000, 0x0000000100000000)
  region size 1024K, 1 young (1024K), 1 survivors (1024K)
 Metaspace       used 114147K, capacity 117190K, committed 117628K, reserved 1150976K
  class space    used 14523K, capacity 15650K, committed 15872K, reserved 1048576K
}
Event: 250.256 GC heap before
{Heap before GC invocations=66 (full 0):
 garbage-first heap   total 187392K, used 126969K [0x00000000a0000000, 0x0000000100000000)
  region size 1024K, 23 young (23552K), 1 survivors (1024K)
 Metaspace       used 114537K, capacity 117592K, committed 117884K, reserved 1150976K
  class space    used 14530K, capacity 15663K, committed 15872K, reserved 1048576K
}
Event: 250.284 GC heap after
{Heap after GC invocations=67 (full 0):
 garbage-first heap   total 187392K, used 109344K [0x00000000a0000000, 0x0000000100000000)
  region size 1024K, 4 young (4096K), 4 survivors (4096K)
 Metaspace       used 114537K, capacity 117592K, committed 117884K, reserved 1150976K
  class space    used 14530K, capacity 15663K, committed 15872K, reserved 1048576K
}

