# JRE version: OpenJDK Runtime Environment (11.0.10) (build 11.0.10+0-b96-7249189)
# Java VM: OpenJDK 64-Bit Server VM (11.0.10+0-b96-7249189, mixed mode, tiered, compressed oops, g1 gc, windows-amd64)
Heap:
 garbage-first heap   total 409600K, used 211624K [0x00000000a0000000, 0x0000000100000000)
  region size 1024K, 40 young (40960K), 15 survivors (15360K)
 Metaspace       used 124747K, capacity 129030K, committed 129288K, reserved 1161216K
  class space    used 15243K, capacity 16770K, committed 16844K, reserved 1048576K
GC Heap History (20 events):
Event: 18719.749 GC heap before
{Heap before GC invocations=336 (full 0):
 garbage-first heap   total 409600K, used 355472K [0x00000000a0000000, 0x0000000100000000)
  region size 1024K, 194 young (198656K), 12 survivors (12288K)
 Metaspace       used 124718K, capacity 128966K, committed 129288K, reserved 1161216K
  class space    used 15240K, capacity 16770K, committed 16844K, reserved 1048576K
}
Event: 18719.786 GC heap after
{Heap after GC invocations=337 (full 0):
 garbage-first heap   total 409600K, used 171664K [0x00000000a0000000, 0x0000000100000000)
  region size 1024K, 14 young (14336K), 14 survivors (14336K)
 Metaspace       used 124718K, capacity 128966K, committed 129288K, reserved 1161216K
  class space    used 15240K, capacity 16770K, committed 16844K, reserved 1048576K
}
Event: 18721.347 GC heap before
{Heap before GC invocations=338 (full 0):
 garbage-first heap   total 409600K, used 353936K [0x00000000a0000000, 0x0000000100000000)
  region size 1024K, 192 young (196608K), 14 survivors (14336K)
 Metaspace       used 124736K, capacity 129030K, committed 129288K, reserved 1161216K
  class space    used 15240K, capacity 16770K, committed 16844K, reserved 1048576K
}
Event: 18721.383 GC heap after
{Heap after GC invocations=339 (full 0):
 garbage-first heap   total 409600K, used 171749K [0x00000000a0000000, 0x0000000100000000)
  region size 1024K, 12 young (12288K), 12 survivors (12288K)
 Metaspace       used 124736K, capacity 129030K, committed 129288K, reserved 1161216K
  class space    used 15240K, capacity 16770K, committed 16844K, reserved 1048576K
}
Event: 18722.322 GC heap before
{Heap before GC invocations=339 (full 0):
 garbage-first heap   total 409600K, used 355045K [0x00000000a0000000, 0x0000000100000000)
  region size 1024K, 191 young (195584K), 12 survivors (12288K)
 Metaspace       used 124737K, capacity 129030K, committed 129288K, reserved 1161216K
  class space    used 15241K, capacity 16770K, committed 16844K, reserved 1048576K
}
Event: 18722.359 GC heap after
{Heap after GC invocations=340 (full 0):
 garbage-first heap   total 409600K, used 175333K [0x00000000a0000000, 0x0000000100000000)
  region size 1024K, 15 young (15360K), 15 survivors (15360K)
 Metaspace       used 124737K, capacity 129030K, committed 129288K, reserved 1161216K
  class space    used 15241K, capacity 16770K, committed 16844K, reserved 1048576K
}
Event: 18723.771 GC heap before
{Heap before GC invocations=341 (full 0):
 garbage-first heap   total 409600K, used 352485K [0x00000000a0000000, 0x0000000100000000)
  region size 1024K, 188 young (192512K), 15 survivors (15360K)
 Metaspace       used 124737K, capacity 129030K, committed 129288K, reserved 1161216K
  class space    used 15241K, capacity 16770K, committed 16844K, reserved 1048576K
}
Event: 18723.811 GC heap after
{Heap after GC invocations=342 (full 0):
 garbage-first heap   total 409600K, used 174730K [0x00000000a0000000, 0x0000000100000000)
  region size 1024K, 12 young (12288K), 12 survivors (12288K)
 Metaspace       used 124737K, capacity 129030K, committed 129288K, reserved 1161216K
  class space    used 15241K, capacity 16770K, committed 16844K, reserved 1048576K
}
Event: 18724.707 GC heap before
{Heap before GC invocations=342 (full 0):
 garbage-first heap   total 409600K, used 355978K [0x00000000a0000000, 0x0000000100000000)
  region size 1024K, 189 young (193536K), 12 survivors (12288K)
 Metaspace       used 124737K, capacity 129030K, committed 129288K, reserved 1161216K
  class space    used 15241K, capacity 16770K, committed 16844K, reserved 1048576K
}
Event: 18724.755 GC heap after
{Heap after GC invocations=343 (full 0):
 garbage-first heap   total 409600K, used 177802K [0x00000000a0000000, 0x0000000100000000)
  region size 1024K, 15 young (15360K), 15 survivors (15360K)
 Metaspace       used 124737K, capacity 129030K, committed 129288K, reserved 1161216K
  class space    used 15241K, capacity 16770K, committed 16844K, reserved 1048576K
}
Event: 18725.859 GC heap before
{Heap before GC invocations=343 (full 0):
 garbage-first heap   total 409600K, used 352906K [0x00000000a0000000, 0x0000000100000000)
  region size 1024K, 186 young (190464K), 15 survivors (15360K)
 Metaspace       used 124743K, capacity 129030K, committed 129288K, reserved 1161216K
  class space    used 15243K, capacity 16770K, committed 16844K, reserved 1048576K
}
Event: 18725.898 GC heap after
{Heap after GC invocations=344 (full 0):
 garbage-first heap   total 409600K, used 176761K [0x00000000a0000000, 0x0000000100000000)
  region size 1024K, 12 young (12288K), 12 survivors (12288K)
 Metaspace       used 124743K, capacity 129030K, committed 129288K, reserved 1161216K
  class space    used 15243K, capacity 16770K, committed 16844K, reserved 1048576K
}
Event: 18726.815 GC heap before
{Heap before GC invocations=345 (full 0):
 garbage-first heap   total 409600K, used 354937K [0x00000000a0000000, 0x0000000100000000)
  region size 1024K, 186 young (190464K), 12 survivors (12288K)
 Metaspace       used 124743K, capacity 129030K, committed 129288K, reserved 1161216K
  class space    used 15243K, capacity 16770K, committed 16844K, reserved 1048576K
}
Event: 18726.854 GC heap after
{Heap after GC invocations=346 (full 0):
 garbage-first heap   total 409600K, used 179833K [0x00000000a0000000, 0x0000000100000000)
  region size 1024K, 15 young (15360K), 15 survivors (15360K)
 Metaspace       used 124743K, capacity 129030K, committed 129288K, reserved 1161216K
  class space    used 15243K, capacity 16770K, committed 16844K, reserved 1048576K
}
Event: 18727.751 GC heap before
{Heap before GC invocations=346 (full 0):
 garbage-first heap   total 409600K, used 351865K [0x00000000a0000000, 0x0000000100000000)
  region size 1024K, 183 young (187392K), 15 survivors (15360K)
 Metaspace       used 124743K, capacity 129030K, committed 129288K, reserved 1161216K
  class space    used 15243K, capacity 16770K, committed 16844K, reserved 1048576K
}
Event: 18727.798 GC heap after
{Heap after GC invocations=347 (full 0):
 garbage-first heap   total 409600K, used 182972K [0x00000000a0000000, 0x0000000100000000)
  region size 1024K, 15 young (15360K), 15 survivors (15360K)
 Metaspace       used 124743K, capacity 129030K, committed 129288K, reserved 1161216K
  class space    used 15243K, capacity 16770K, committed 16844K, reserved 1048576K
}
Event: 18728.840 GC heap before
{Heap before GC invocations=347 (full 0):
 garbage-first heap   total 409600K, used 352956K [0x00000000a0000000, 0x0000000100000000)
  region size 1024K, 181 young (185344K), 15 survivors (15360K)
 Metaspace       used 124743K, capacity 129030K, committed 129288K, reserved 1161216K
  class space    used 15243K, capacity 16770K, committed 16844K, reserved 1048576K
}
Event: 18728.875 GC heap after
{Heap after GC invocations=348 (full 0):
 garbage-first heap   total 409600K, used 180627K [0x00000000a0000000, 0x0000000100000000)
  region size 1024K, 10 young (10240K), 10 survivors (10240K)
 Metaspace       used 124743K, capacity 129030K, committed 129288K, reserved 1161216K
  class space    used 15243K, capacity 16770K, committed 16844K, reserved 1048576K
}
Event: 18729.699 GC heap before
{Heap before GC invocations=349 (full 0):
 garbage-first heap   total 409600K, used 356755K [0x00000000a0000000, 0x0000000100000000)
  region size 1024K, 182 young (186368K), 10 survivors (10240K)
 Metaspace       used 124746K, capacity 129030K, committed 129288K, reserved 1161216K
  class space    used 15243K, capacity 16770K, committed 16844K, reserved 1048576K
}
Event: 18729.734 GC heap after
{Heap after GC invocations=350 (full 0):
 garbage-first heap   total 409600K, used 182675K [0x00000000a0000000, 0x0000000100000000)
  region size 1024K, 12 young (12288K), 12 survivors (12288K)
 Metaspace       used 124746K, capacity 129030K, committed 129288K, reserved 1161216K
  class space    used 15243K, capacity 16770K, committed 16844K, reserved 1048576K
}

