# JRE version: OpenJDK Runtime Environment (8.0_202-b03) (build 1.8.0_202-release-1483-b03)
# Java VM: OpenJDK 64-Bit Server VM (25.202-b03 mixed mode windows-amd64 compressed oops)
Heap:
 PSYoungGen      total 418816K, used 418793K [0x00000000e0000000, 0x0000000100000000, 0x0000000100000000)
  eden space 343040K, 100% used [0x00000000e0000000,0x00000000f4f00000,0x00000000f4f00000)
  from space 75776K, 99% used [0x00000000f4f00000,0x00000000f98fa450,0x00000000f9900000)
  to   space 105472K, 44% used [0x00000000f9900000,0x00000000fc7593d8,0x0000000100000000)
 ParOldGen       total 428544K, used 302267K [0x00000000a0000000, 0x00000000ba280000, 0x00000000e0000000)
  object space 428544K, 70% used [0x00000000a0000000,0x00000000b272ec28,0x00000000ba280000)
 Metaspace       used 91358K, capacity 96226K, committed 96296K, reserved 1132544K
  class space    used 11608K, capacity 12527K, committed 12584K, reserved 1048576K
GC Heap History (10 events):
Event: 761.626 GC heap after
Heap after GC invocations=63 (full 6):
 PSYoungGen      total 414208K, used 20982K [0x00000000e0000000, 0x00000000ff800000, 0x0000000100000000)
  eden space 321024K, 0% used [0x00000000e0000000,0x00000000e0000000,0x00000000f3980000)
  from space 93184K, 22% used [0x00000000f3980000,0x00000000f4dfd880,0x00000000f9480000)
  to   space 89088K, 0% used [0x00000000fa100000,0x00000000fa100000,0x00000000ff800000)
 ParOldGen       total 428544K, used 222157K [0x00000000a0000000, 0x00000000ba280000, 0x00000000e0000000)
  object space 428544K, 51% used [0x00000000a0000000,0x00000000ad8f3718,0x00000000ba280000)
 Metaspace       used 89060K, capacity 93122K, committed 93480K, reserved 1130496K
  class space    used 11387K, capacity 12209K, committed 12328K, reserved 1048576K
}
Event: 935.242 GC heap before
{Heap before GC invocations=64 (full 6):
 PSYoungGen      total 414208K, used 342006K [0x00000000e0000000, 0x00000000ff800000, 0x0000000100000000)
  eden space 321024K, 100% used [0x00000000e0000000,0x00000000f3980000,0x00000000f3980000)
  from space 93184K, 22% used [0x00000000f3980000,0x00000000f4dfd880,0x00000000f9480000)
  to   space 89088K, 0% used [0x00000000fa100000,0x00000000fa100000,0x00000000ff800000)
 ParOldGen       total 428544K, used 222157K [0x00000000a0000000, 0x00000000ba280000, 0x00000000e0000000)
  object space 428544K, 51% used [0x00000000a0000000,0x00000000ad8f3718,0x00000000ba280000)
 Metaspace       used 89953K, capacity 94094K, committed 94248K, reserved 1130496K
  class space    used 11452K, capacity 12287K, committed 12328K, reserved 1048576K
Event: 935.329 GC heap after
Heap after GC invocations=64 (full 6):
 PSYoungGen      total 411648K, used 35118K [0x00000000e0000000, 0x00000000fec80000, 0x0000000100000000)
  eden space 334336K, 0% used [0x00000000e0000000,0x00000000e0000000,0x00000000f4680000)
  from space 77312K, 45% used [0x00000000fa100000,0x00000000fc34b990,0x00000000fec80000)
  to   space 84992K, 0% used [0x00000000f4680000,0x00000000f4680000,0x00000000f9980000)
 ParOldGen       total 428544K, used 222165K [0x00000000a0000000, 0x00000000ba280000, 0x00000000e0000000)
  object space 428544K, 51% used [0x00000000a0000000,0x00000000ad8f5718,0x00000000ba280000)
 Metaspace       used 89953K, capacity 94094K, committed 94248K, reserved 1130496K
  class space    used 11452K, capacity 12287K, committed 12328K, reserved 1048576K
}
Event: 1294.986 GC heap before
{Heap before GC invocations=65 (full 6):
 PSYoungGen      total 411648K, used 369454K [0x00000000e0000000, 0x00000000fec80000, 0x0000000100000000)
  eden space 334336K, 100% used [0x00000000e0000000,0x00000000f4680000,0x00000000f4680000)
  from space 77312K, 45% used [0x00000000fa100000,0x00000000fc34b990,0x00000000fec80000)
  to   space 84992K, 0% used [0x00000000f4680000,0x00000000f4680000,0x00000000f9980000)
 ParOldGen       total 428544K, used 222165K [0x00000000a0000000, 0x00000000ba280000, 0x00000000e0000000)
  object space 428544K, 51% used [0x00000000a0000000,0x00000000ad8f5718,0x00000000ba280000)
 Metaspace       used 90889K, capacity 95594K, committed 95656K, reserved 1132544K
  class space    used 11562K, capacity 12443K, committed 12456K, reserved 1048576K
Event: 1295.060 GC heap after
Heap after GC invocations=65 (full 6):
 PSYoungGen      total 419328K, used 32081K [0x00000000e0000000, 0x00000000fec80000, 0x0000000100000000)
  eden space 334336K, 0% used [0x00000000e0000000,0x00000000e0000000,0x00000000f4680000)
  from space 84992K, 37% used [0x00000000f4680000,0x00000000f65d4790,0x00000000f9980000)
  to   space 79360K, 0% used [0x00000000f9f00000,0x00000000f9f00000,0x00000000fec80000)
 ParOldGen       total 428544K, used 222173K [0x00000000a0000000, 0x00000000ba280000, 0x00000000e0000000)
  object space 428544K, 51% used [0x00000000a0000000,0x00000000ad8f7718,0x00000000ba280000)
 Metaspace       used 90889K, capacity 95594K, committed 95656K, reserved 1132544K
  class space    used 11562K, capacity 12443K, committed 12456K, reserved 1048576K
}
Event: 1426.576 GC heap before
{Heap before GC invocations=66 (full 6):
 PSYoungGen      total 419328K, used 366417K [0x00000000e0000000, 0x00000000fec80000, 0x0000000100000000)
  eden space 334336K, 100% used [0x00000000e0000000,0x00000000f4680000,0x00000000f4680000)
  from space 84992K, 37% used [0x00000000f4680000,0x00000000f65d4790,0x00000000f9980000)
  to   space 79360K, 0% used [0x00000000f9f00000,0x00000000f9f00000,0x00000000fec80000)
 ParOldGen       total 428544K, used 222173K [0x00000000a0000000, 0x00000000ba280000, 0x00000000e0000000)
  object space 428544K, 51% used [0x00000000a0000000,0x00000000ad8f7718,0x00000000ba280000)
 Metaspace       used 91327K, capacity 96226K, committed 96296K, reserved 1132544K
  class space    used 11608K, capacity 12527K, committed 12584K, reserved 1048576K
Event: 1426.624 GC heap after
Heap after GC invocations=66 (full 6):
 PSYoungGen      total 412672K, used 26692K [0x00000000e0000000, 0x00000000fe300000, 0x0000000100000000)
  eden space 343040K, 0% used [0x00000000e0000000,0x00000000e0000000,0x00000000f4f00000)
  from space 69632K, 38% used [0x00000000f9f00000,0x00000000fb911210,0x00000000fe300000)
  to   space 75776K, 0% used [0x00000000f4f00000,0x00000000f4f00000,0x00000000f9900000)
 ParOldGen       total 428544K, used 222181K [0x00000000a0000000, 0x00000000ba280000, 0x00000000e0000000)
  object space 428544K, 51% used [0x00000000a0000000,0x00000000ad8f9718,0x00000000ba280000)
 Metaspace       used 91327K, capacity 96226K, committed 96296K, reserved 1132544K
  class space    used 11608K, capacity 12527K, committed 12584K, reserved 1048576K
}
Event: 1428.191 GC heap before
{Heap before GC invocations=67 (full 6):
 PSYoungGen      total 412672K, used 369732K [0x00000000e0000000, 0x00000000fe300000, 0x0000000100000000)
  eden space 343040K, 100% used [0x00000000e0000000,0x00000000f4f00000,0x00000000f4f00000)
  from space 69632K, 38% used [0x00000000f9f00000,0x00000000fb911210,0x00000000fe300000)
  to   space 75776K, 0% used [0x00000000f4f00000,0x00000000f4f00000,0x00000000f9900000)
 ParOldGen       total 428544K, used 222181K [0x00000000a0000000, 0x00000000ba280000, 0x00000000e0000000)
  object space 428544K, 51% used [0x00000000a0000000,0x00000000ad8f9718,0x00000000ba280000)
 Metaspace       used 91347K, capacity 96226K, committed 96296K, reserved 1132544K
  class space    used 11608K, capacity 12527K, committed 12584K, reserved 1048576K
Event: 1428.391 GC heap after
Heap after GC invocations=67 (full 6):
 PSYoungGen      total 418816K, used 75753K [0x00000000e0000000, 0x0000000100000000, 0x0000000100000000)
  eden space 343040K, 0% used [0x00000000e0000000,0x00000000e0000000,0x00000000f4f00000)
  from space 75776K, 99% used [0x00000000f4f00000,0x00000000f98fa450,0x00000000f9900000)
  to   space 105472K, 0% used [0x00000000f9900000,0x00000000f9900000,0x0000000100000000)
 ParOldGen       total 428544K, used 289892K [0x00000000a0000000, 0x00000000ba280000, 0x00000000e0000000)
  object space 428544K, 67% used [0x00000000a0000000,0x00000000b1b193a0,0x00000000ba280000)
 Metaspace       used 91347K, capacity 96226K, committed 96296K, reserved 1132544K
  class space    used 11608K, capacity 12527K, committed 12584K, reserved 1048576K
}
Event: 1430.526 GC heap before
{Heap before GC invocations=68 (full 6):
 PSYoungGen      total 418816K, used 418793K [0x00000000e0000000, 0x0000000100000000, 0x0000000100000000)
  eden space 343040K, 100% used [0x00000000e0000000,0x00000000f4f00000,0x00000000f4f00000)
  from space 75776K, 99% used [0x00000000f4f00000,0x00000000f98fa450,0x00000000f9900000)
  to   space 105472K, 0% used [0x00000000f9900000,0x00000000f9900000,0x0000000100000000)
 ParOldGen       total 428544K, used 289892K [0x00000000a0000000, 0x00000000ba280000, 0x00000000e0000000)
  object space 428544K, 67% used [0x00000000a0000000,0x00000000b1b193a0,0x00000000ba280000)
 Metaspace       used 91358K, capacity 96226K, committed 96296K, reserved 1132544K
  class space    used 11608K, capacity 12527K, committed 12584K, reserved 1048576K

