# JRE version: OpenJDK Runtime Environment (11.0.10) (build 11.0.10+0-b96-7249189)
# Java VM: OpenJDK 64-Bit Server VM (11.0.10+0-b96-7249189, mixed mode, tiered, compressed oops, g1 gc, windows-amd64)
Heap:
 garbage-first heap   total 187392K, used 106388K [0x00000000a0000000, 0x0000000100000000)
  region size 1024K, 9 young (9216K), 4 survivors (4096K)
 Metaspace       used 103349K, capacity 106457K, committed 106656K, reserved 1140736K
  class space    used 13572K, capacity 14773K, committed 14796K, reserved 1048576K
GC Heap History (20 events):
Event: 26.757 GC heap before
{Heap before GC invocations=15 (full 0):
 garbage-first heap   total 187392K, used 85198K [0x00000000a0000000, 0x0000000100000000)
  region size 1024K, 42 young (43008K), 12 survivors (12288K)
 Metaspace       used 69570K, capacity 71319K, committed 71372K, reserved 1112064K
  class space    used 9016K, capacity 9640K, committed 9676K, reserved 1048576K
}
Event: 26.784 GC heap after
{Heap after GC invocations=16 (full 0):
 garbage-first heap   total 187392K, used 58672K [0x00000000a0000000, 0x0000000100000000)
  region size 1024K, 9 young (9216K), 9 survivors (9216K)
 Metaspace       used 69570K, capacity 71319K, committed 71372K, reserved 1112064K
  class space    used 9016K, capacity 9640K, committed 9676K, reserved 1048576K
}
Event: 28.759 GC heap before
{Heap before GC invocations=17 (full 0):
 garbage-first heap   total 187392K, used 133424K [0x00000000a0000000, 0x0000000100000000)
  region size 1024K, 82 young (83968K), 9 survivors (9216K)
 Metaspace       used 76975K, capacity 78924K, committed 79136K, reserved 1118208K
  class space    used 10068K, capacity 10765K, committed 10828K, reserved 1048576K
}
Event: 28.784 GC heap after
{Heap after GC invocations=18 (full 0):
 garbage-first heap   total 187392K, used 63313K [0x00000000a0000000, 0x0000000100000000)
  region size 1024K, 8 young (8192K), 8 survivors (8192K)
 Metaspace       used 76975K, capacity 78924K, committed 79136K, reserved 1118208K
  class space    used 10068K, capacity 10765K, committed 10828K, reserved 1048576K
}
Event: 31.398 GC heap before
{Heap before GC invocations=19 (full 0):
 garbage-first heap   total 187392K, used 137041K [0x00000000a0000000, 0x0000000100000000)
  region size 1024K, 81 young (82944K), 8 survivors (8192K)
 Metaspace       used 79187K, capacity 81358K, committed 81568K, reserved 1120256K
  class space    used 10357K, capacity 11139K, committed 11212K, reserved 1048576K
}
Event: 31.462 GC heap after
{Heap after GC invocations=20 (full 0):
 garbage-first heap   total 187392K, used 68499K [0x00000000a0000000, 0x0000000100000000)
  region size 1024K, 11 young (11264K), 11 survivors (11264K)
 Metaspace       used 79187K, capacity 81358K, committed 81568K, reserved 1120256K
  class space    used 10357K, capacity 11139K, committed 11212K, reserved 1048576K
}
Event: 33.958 GC heap before
{Heap before GC invocations=20 (full 0):
 garbage-first heap   total 187392K, used 141203K [0x00000000a0000000, 0x0000000100000000)
  region size 1024K, 83 young (84992K), 11 survivors (11264K)
 Metaspace       used 79869K, capacity 82041K, committed 82080K, reserved 1120256K
  class space    used 10403K, capacity 11197K, committed 11212K, reserved 1048576K
}
Event: 33.987 GC heap after
{Heap after GC invocations=21 (full 0):
 garbage-first heap   total 187392K, used 73313K [0x00000000a0000000, 0x0000000100000000)
  region size 1024K, 11 young (11264K), 11 survivors (11264K)
 Metaspace       used 79869K, capacity 82041K, committed 82080K, reserved 1120256K
  class space    used 10403K, capacity 11197K, committed 11212K, reserved 1048576K
}
Event: 38.499 GC heap before
{Heap before GC invocations=21 (full 0):
 garbage-first heap   total 187392K, used 143969K [0x00000000a0000000, 0x0000000100000000)
  region size 1024K, 81 young (82944K), 11 survivors (11264K)
 Metaspace       used 85300K, capacity 87559K, committed 87712K, reserved 1124352K
  class space    used 11100K, capacity 11913K, committed 11980K, reserved 1048576K
}
Event: 38.529 GC heap after
{Heap after GC invocations=22 (full 0):
 garbage-first heap   total 187392K, used 81305K [0x00000000a0000000, 0x0000000100000000)
  region size 1024K, 11 young (11264K), 11 survivors (11264K)
 Metaspace       used 85300K, capacity 87559K, committed 87712K, reserved 1124352K
  class space    used 11100K, capacity 11913K, committed 11980K, reserved 1048576K
}
Event: 41.743 GC heap before
{Heap before GC invocations=22 (full 0):
 garbage-first heap   total 187392K, used 146841K [0x00000000a0000000, 0x0000000100000000)
  region size 1024K, 74 young (75776K), 11 survivors (11264K)
 Metaspace       used 89909K, capacity 92258K, committed 92320K, reserved 1128448K
  class space    used 11575K, capacity 12451K, committed 12492K, reserved 1048576K
}
Event: 41.790 GC heap after
{Heap after GC invocations=23 (full 0):
 garbage-first heap   total 187392K, used 95871K [0x00000000a0000000, 0x0000000100000000)
  region size 1024K, 10 young (10240K), 10 survivors (10240K)
 Metaspace       used 89909K, capacity 92258K, committed 92320K, reserved 1128448K
  class space    used 11575K, capacity 12451K, committed 12492K, reserved 1048576K
}
Event: 43.198 GC heap before
{Heap before GC invocations=23 (full 0):
 garbage-first heap   total 187392K, used 146047K [0x00000000a0000000, 0x0000000100000000)
  region size 1024K, 60 young (61440K), 10 survivors (10240K)
 Metaspace       used 90608K, capacity 92920K, committed 93088K, reserved 1130496K
  class space    used 11625K, capacity 12472K, committed 12492K, reserved 1048576K
}
Event: 43.220 GC heap after
{Heap after GC invocations=24 (full 0):
 garbage-first heap   total 187392K, used 96956K [0x00000000a0000000, 0x0000000100000000)
  region size 1024K, 5 young (5120K), 5 survivors (5120K)
 Metaspace       used 90608K, capacity 92920K, committed 93088K, reserved 1130496K
  class space    used 11625K, capacity 12472K, committed 12492K, reserved 1048576K
}
Event: 44.649 GC heap before
{Heap before GC invocations=25 (full 0):
 garbage-first heap   total 187392K, used 147132K [0x00000000a0000000, 0x0000000100000000)
  region size 1024K, 55 young (56320K), 5 survivors (5120K)
 Metaspace       used 90590K, capacity 92897K, committed 93088K, reserved 1130496K
  class space    used 11607K, capacity 12438K, committed 12492K, reserved 1048576K
}
Event: 44.664 GC heap after
{Heap after GC invocations=26 (full 0):
 garbage-first heap   total 187392K, used 99448K [0x00000000a0000000, 0x0000000100000000)
  region size 1024K, 3 young (3072K), 3 survivors (3072K)
 Metaspace       used 90590K, capacity 92897K, committed 93088K, reserved 1130496K
  class space    used 11607K, capacity 12438K, committed 12492K, reserved 1048576K
}
Event: 46.741 GC heap before
{Heap before GC invocations=26 (full 0):
 garbage-first heap   total 187392K, used 149624K [0x00000000a0000000, 0x0000000100000000)
  region size 1024K, 53 young (54272K), 3 survivors (3072K)
 Metaspace       used 99871K, capacity 102705K, committed 102944K, reserved 1138688K
  class space    used 13066K, capacity 14143K, committed 14156K, reserved 1048576K
}
Event: 46.756 GC heap after
{Heap after GC invocations=27 (full 0):
 garbage-first heap   total 187392K, used 101736K [0x00000000a0000000, 0x0000000100000000)
  region size 1024K, 5 young (5120K), 5 survivors (5120K)
 Metaspace       used 99871K, capacity 102705K, committed 102944K, reserved 1138688K
  class space    used 13066K, capacity 14143K, committed 14156K, reserved 1048576K
}
Event: 48.156 GC heap before
{Heap before GC invocations=28 (full 0):
 garbage-first heap   total 187392K, used 150888K [0x00000000a0000000, 0x0000000100000000)
  region size 1024K, 55 young (56320K), 5 survivors (5120K)
 Metaspace       used 102851K, capacity 105902K, committed 106016K, reserved 1140736K
  class space    used 13468K, capacity 14655K, committed 14668K, reserved 1048576K
}
Event: 48.171 GC heap after
{Heap after GC invocations=29 (full 0):
 garbage-first heap   total 187392K, used 101268K [0x00000000a0000000, 0x0000000100000000)
  region size 1024K, 4 young (4096K), 4 survivors (4096K)
 Metaspace       used 102851K, capacity 105902K, committed 106016K, reserved 1140736K
  class space    used 13468K, capacity 14655K, committed 14668K, reserved 1048576K
}

