# JRE version: OpenJDK Runtime Environment (11.0.10) (build 11.0.10+0-b96-7249189)
# Java VM: OpenJDK 64-Bit Server VM (11.0.10+0-b96-7249189, mixed mode, tiered, compressed oops, g1 gc, windows-amd64)
Heap:
 garbage-first heap   total 192512K, used 139243K [0x00000000a0000000, 0x0000000100000000)
  region size 1024K, 26 young (26624K), 2 survivors (2048K)
 Metaspace       used 111540K, capacity 114641K, committed 114816K, reserved 1148928K
  class space    used 14186K, capacity 15349K, committed 15488K, reserved 1048576K
GC Heap History (20 events):
Event: 424.804 GC heap before
{Heap before GC invocations=43 (full 0):
 garbage-first heap   total 192512K, used 151763K [0x00000000a0000000, 0x0000000100000000)
  region size 1024K, 38 young (38912K), 2 survivors (2048K)
 Metaspace       used 110682K, capacity 113850K, committed 114048K, reserved 1148928K
  class space    used 14178K, capacity 15337K, committed 15488K, reserved 1048576K
}
Event: 424.818 GC heap after
{Heap after GC invocations=44 (full 0):
 garbage-first heap   total 192512K, used 118442K [0x00000000a0000000, 0x0000000100000000)
  region size 1024K, 5 young (5120K), 5 survivors (5120K)
 Metaspace       used 110682K, capacity 113850K, committed 114048K, reserved 1148928K
  class space    used 14178K, capacity 15337K, committed 15488K, reserved 1048576K
}
Event: 425.343 GC heap before
{Heap before GC invocations=44 (full 0):
 garbage-first heap   total 192512K, used 129706K [0x00000000a0000000, 0x0000000100000000)
  region size 1024K, 18 young (18432K), 5 survivors (5120K)
 Metaspace       used 110746K, capacity 113853K, committed 114048K, reserved 1148928K
  class space    used 14178K, capacity 15337K, committed 15488K, reserved 1048576K
}
Event: 425.383 GC heap after
{Heap after GC invocations=45 (full 0):
 garbage-first heap   total 192512K, used 120424K [0x00000000a0000000, 0x0000000100000000)
  region size 1024K, 2 young (2048K), 2 survivors (2048K)
 Metaspace       used 110746K, capacity 113853K, committed 114048K, reserved 1148928K
  class space    used 14178K, capacity 15337K, committed 15488K, reserved 1048576K
}
Event: 426.176 GC heap before
{Heap before GC invocations=46 (full 0):
 garbage-first heap   total 192512K, used 150120K [0x00000000a0000000, 0x0000000100000000)
  region size 1024K, 31 young (31744K), 2 survivors (2048K)
 Metaspace       used 110785K, capacity 113854K, committed 114048K, reserved 1148928K
  class space    used 14178K, capacity 15337K, committed 15488K, reserved 1048576K
}
Event: 426.195 GC heap after
{Heap after GC invocations=47 (full 0):
 garbage-first heap   total 192512K, used 129418K [0x00000000a0000000, 0x0000000100000000)
  region size 1024K, 4 young (4096K), 4 survivors (4096K)
 Metaspace       used 110785K, capacity 113854K, committed 114048K, reserved 1148928K
  class space    used 14178K, capacity 15337K, committed 15488K, reserved 1048576K
}
Event: 426.293 GC heap before
{Heap before GC invocations=47 (full 0):
 garbage-first heap   total 192512K, used 134538K [0x00000000a0000000, 0x0000000100000000)
  region size 1024K, 9 young (9216K), 4 survivors (4096K)
 Metaspace       used 110786K, capacity 113854K, committed 114048K, reserved 1148928K
  class space    used 14178K, capacity 15337K, committed 15488K, reserved 1048576K
}
Event: 426.310 GC heap after
{Heap after GC invocations=48 (full 0):
 garbage-first heap   total 192512K, used 117453K [0x00000000a0000000, 0x0000000100000000)
  region size 1024K, 2 young (2048K), 2 survivors (2048K)
 Metaspace       used 110786K, capacity 113854K, committed 114048K, reserved 1148928K
  class space    used 14178K, capacity 15337K, committed 15488K, reserved 1048576K
}
Event: 427.222 GC heap before
{Heap before GC invocations=48 (full 0):
 garbage-first heap   total 192512K, used 147149K [0x00000000a0000000, 0x0000000100000000)
  region size 1024K, 31 young (31744K), 2 survivors (2048K)
 Metaspace       used 110991K, capacity 114115K, committed 114304K, reserved 1148928K
  class space    used 14178K, capacity 15337K, committed 15488K, reserved 1048576K
}
Event: 427.235 GC heap after
{Heap after GC invocations=49 (full 0):
 garbage-first heap   total 192512K, used 121066K [0x00000000a0000000, 0x0000000100000000)
  region size 1024K, 4 young (4096K), 4 survivors (4096K)
 Metaspace       used 110991K, capacity 114115K, committed 114304K, reserved 1148928K
  class space    used 14178K, capacity 15337K, committed 15488K, reserved 1048576K
}
Event: 512.254 GC heap before
{Heap before GC invocations=50 (full 0):
 garbage-first heap   total 192512K, used 170218K [0x00000000a0000000, 0x0000000100000000)
  region size 1024K, 33 young (33792K), 4 survivors (4096K)
 Metaspace       used 111226K, capacity 114430K, committed 114816K, reserved 1148928K
  class space    used 14185K, capacity 15349K, committed 15488K, reserved 1048576K
}
Event: 512.283 GC heap after
{Heap after GC invocations=51 (full 0):
 garbage-first heap   total 192512K, used 121257K [0x00000000a0000000, 0x0000000100000000)
  region size 1024K, 3 young (3072K), 3 survivors (3072K)
 Metaspace       used 111226K, capacity 114430K, committed 114816K, reserved 1148928K
  class space    used 14185K, capacity 15349K, committed 15488K, reserved 1048576K
}
Event: 512.464 GC heap before
{Heap before GC invocations=51 (full 0):
 garbage-first heap   total 192512K, used 127401K [0x00000000a0000000, 0x0000000100000000)
  region size 1024K, 9 young (9216K), 3 survivors (3072K)
 Metaspace       used 111230K, capacity 114431K, committed 114816K, reserved 1148928K
  class space    used 14185K, capacity 15349K, committed 15488K, reserved 1048576K
}
Event: 512.491 GC heap after
{Heap after GC invocations=52 (full 0):
 garbage-first heap   total 192512K, used 113561K [0x00000000a0000000, 0x0000000100000000)
  region size 1024K, 1 young (1024K), 1 survivors (1024K)
 Metaspace       used 111230K, capacity 114431K, committed 114816K, reserved 1148928K
  class space    used 14185K, capacity 15349K, committed 15488K, reserved 1048576K
}
Event: 513.932 GC heap before
{Heap before GC invocations=52 (full 0):
 garbage-first heap   total 192512K, used 147353K [0x00000000a0000000, 0x0000000100000000)
  region size 1024K, 34 young (34816K), 1 survivors (1024K)
 Metaspace       used 111397K, capacity 114507K, committed 114816K, reserved 1148928K
  class space    used 14185K, capacity 15349K, committed 15488K, reserved 1048576K
}
Event: 513.966 GC heap after
{Heap after GC invocations=53 (full 0):
 garbage-first heap   total 192512K, used 117457K [0x00000000a0000000, 0x0000000100000000)
  region size 1024K, 5 young (5120K), 5 survivors (5120K)
 Metaspace       used 111397K, capacity 114507K, committed 114816K, reserved 1148928K
  class space    used 14185K, capacity 15349K, committed 15488K, reserved 1048576K
}
Event: 516.123 GC heap before
{Heap before GC invocations=54 (full 0):
 garbage-first heap   total 192512K, used 148177K [0x00000000a0000000, 0x0000000100000000)
  region size 1024K, 37 young (37888K), 5 survivors (5120K)
 Metaspace       used 111464K, capacity 114575K, committed 114816K, reserved 1148928K
  class space    used 14186K, capacity 15349K, committed 15488K, reserved 1048576K
}
Event: 516.143 GC heap after
{Heap after GC invocations=55 (full 0):
 garbage-first heap   total 192512K, used 124820K [0x00000000a0000000, 0x0000000100000000)
  region size 1024K, 5 young (5120K), 5 survivors (5120K)
 Metaspace       used 111464K, capacity 114575K, committed 114816K, reserved 1148928K
  class space    used 14186K, capacity 15349K, committed 15488K, reserved 1048576K
}
Event: 516.236 GC heap before
{Heap before GC invocations=55 (full 0):
 garbage-first heap   total 192512K, used 128916K [0x00000000a0000000, 0x0000000100000000)
  region size 1024K, 9 young (9216K), 5 survivors (5120K)
 Metaspace       used 111464K, capacity 114575K, committed 114816K, reserved 1148928K
  class space    used 14186K, capacity 15349K, committed 15488K, reserved 1048576K
}
Event: 516.256 GC heap after
{Heap after GC invocations=56 (full 0):
 garbage-first heap   total 192512K, used 115691K [0x00000000a0000000, 0x0000000100000000)
  region size 1024K, 2 young (2048K), 2 survivors (2048K)
 Metaspace       used 111464K, capacity 114575K, committed 114816K, reserved 1148928K
  class space    used 14186K, capacity 15349K, committed 15488K, reserved 1048576K
}

