# JRE version: OpenJDK Runtime Environment (11.0.10) (build 11.0.10+0-b96-7249189)
# Java VM: OpenJDK 64-Bit Server VM (11.0.10+0-b96-7249189, mixed mode, tiered, compressed oops, g1 gc, windows-amd64)
Heap:
 garbage-first heap   total 155648K, used 120319K [0x00000000a0000000, 0x0000000100000000)
  region size 1024K, 17 young (17408K), 3 survivors (3072K)
 Metaspace       used 109448K, capacity 112485K, committed 112768K, reserved 1146880K
  class space    used 14211K, capacity 15387K, committed 15488K, reserved 1048576K
GC Heap History (20 events):
Event: 76.382 GC heap before
{Heap before GC invocations=49 (full 0):
 garbage-first heap   total 155648K, used 98277K [0x00000000a0000000, 0x0000000100000000)
  region size 1024K, 7 young (7168K), 3 survivors (3072K)
 Metaspace       used 98371K, capacity 101135K, committed 101248K, reserved 1136640K
  class space    used 12793K, capacity 13844K, committed 13952K, reserved 1048576K
}
Event: 76.393 GC heap after
{Heap after GC invocations=50 (full 0):
 garbage-first heap   total 155648K, used 94478K [0x00000000a0000000, 0x0000000100000000)
  region size 1024K, 1 young (1024K), 1 survivors (1024K)
 Metaspace       used 98371K, capacity 101135K, committed 101248K, reserved 1136640K
  class space    used 12793K, capacity 13844K, committed 13952K, reserved 1048576K
}
Event: 77.190 GC heap before
{Heap before GC invocations=50 (full 0):
 garbage-first heap   total 155648K, used 122126K [0x00000000a0000000, 0x0000000100000000)
  region size 1024K, 28 young (28672K), 1 survivors (1024K)
 Metaspace       used 101954K, capacity 104968K, committed 105216K, reserved 1140736K
  class space    used 13353K, capacity 14498K, committed 14592K, reserved 1048576K
}
Event: 77.197 GC heap after
{Heap after GC invocations=51 (full 0):
 garbage-first heap   total 155648K, used 95816K [0x00000000a0000000, 0x0000000100000000)
  region size 1024K, 2 young (2048K), 2 survivors (2048K)
 Metaspace       used 101954K, capacity 104968K, committed 105216K, reserved 1140736K
  class space    used 13353K, capacity 14498K, committed 14592K, reserved 1048576K
}
Event: 78.938 GC heap before
{Heap before GC invocations=52 (full 0):
 garbage-first heap   total 155648K, used 123464K [0x00000000a0000000, 0x0000000100000000)
  region size 1024K, 30 young (30720K), 2 survivors (2048K)
 Metaspace       used 102808K, capacity 105773K, committed 106112K, reserved 1140736K
  class space    used 13437K, capacity 14588K, committed 14720K, reserved 1048576K
}
Event: 78.956 GC heap after
{Heap after GC invocations=53 (full 0):
 garbage-first heap   total 155648K, used 96367K [0x00000000a0000000, 0x0000000100000000)
  region size 1024K, 3 young (3072K), 3 survivors (3072K)
 Metaspace       used 102808K, capacity 105773K, committed 106112K, reserved 1140736K
  class space    used 13437K, capacity 14588K, committed 14720K, reserved 1048576K
}
Event: 80.755 GC heap before
{Heap before GC invocations=53 (full 0):
 garbage-first heap   total 155648K, used 125039K [0x00000000a0000000, 0x0000000100000000)
  region size 1024K, 32 young (32768K), 3 survivors (3072K)
 Metaspace       used 104932K, capacity 107933K, committed 108288K, reserved 1142784K
  class space    used 13762K, capacity 14900K, committed 15104K, reserved 1048576K
}
Event: 80.763 GC heap after
{Heap after GC invocations=54 (full 0):
 garbage-first heap   total 155648K, used 96756K [0x00000000a0000000, 0x0000000100000000)
  region size 1024K, 3 young (3072K), 3 survivors (3072K)
 Metaspace       used 104932K, capacity 107933K, committed 108288K, reserved 1142784K
  class space    used 13762K, capacity 14900K, committed 15104K, reserved 1048576K
}
Event: 82.106 GC heap before
{Heap before GC invocations=54 (full 0):
 garbage-first heap   total 155648K, used 126452K [0x00000000a0000000, 0x0000000100000000)
  region size 1024K, 33 young (33792K), 3 survivors (3072K)
 Metaspace       used 106909K, capacity 109902K, committed 110208K, reserved 1144832K
  class space    used 13986K, capacity 15139K, committed 15232K, reserved 1048576K
}
Event: 82.116 GC heap after
{Heap after GC invocations=55 (full 0):
 garbage-first heap   total 155648K, used 98801K [0x00000000a0000000, 0x0000000100000000)
  region size 1024K, 5 young (5120K), 5 survivors (5120K)
 Metaspace       used 106909K, capacity 109902K, committed 110208K, reserved 1144832K
  class space    used 13986K, capacity 15139K, committed 15232K, reserved 1048576K
}
Event: 83.506 GC heap before
{Heap before GC invocations=55 (full 0):
 garbage-first heap   total 155648K, used 120305K [0x00000000a0000000, 0x0000000100000000)
  region size 1024K, 14 young (14336K), 5 survivors (5120K)
 Metaspace       used 107860K, capacity 110953K, committed 111104K, reserved 1144832K
  class space    used 14118K, capacity 15299K, committed 15360K, reserved 1048576K
}
Event: 83.518 GC heap after
{Heap after GC invocations=56 (full 0):
 garbage-first heap   total 155648K, used 110214K [0x00000000a0000000, 0x0000000100000000)
  region size 1024K, 4 young (4096K), 4 survivors (4096K)
 Metaspace       used 107860K, capacity 110953K, committed 111104K, reserved 1144832K
  class space    used 14118K, capacity 15299K, committed 15360K, reserved 1048576K
}
Event: 679.744 GC heap before
{Heap before GC invocations=57 (full 0):
 garbage-first heap   total 155648K, used 136838K [0x00000000a0000000, 0x0000000100000000)
  region size 1024K, 23 young (23552K), 4 survivors (4096K)
 Metaspace       used 108597K, capacity 111698K, committed 112000K, reserved 1146880K
  class space    used 14195K, capacity 15365K, committed 15488K, reserved 1048576K
}
Event: 679.761 GC heap after
{Heap after GC invocations=58 (full 0):
 garbage-first heap   total 155648K, used 99865K [0x00000000a0000000, 0x0000000100000000)
  region size 1024K, 1 young (1024K), 1 survivors (1024K)
 Metaspace       used 108597K, capacity 111698K, committed 112000K, reserved 1146880K
  class space    used 14195K, capacity 15365K, committed 15488K, reserved 1048576K
}
Event: 972.711 GC heap before
{Heap before GC invocations=58 (full 0):
 garbage-first heap   total 155648K, used 106009K [0x00000000a0000000, 0x0000000100000000)
  region size 1024K, 7 young (7168K), 1 survivors (1024K)
 Metaspace       used 108688K, capacity 111782K, committed 112000K, reserved 1146880K
  class space    used 14198K, capacity 15369K, committed 15488K, reserved 1048576K
}
Event: 972.717 GC heap after
{Heap after GC invocations=59 (full 0):
 garbage-first heap   total 155648K, used 99251K [0x00000000a0000000, 0x0000000100000000)
  region size 1024K, 1 young (1024K), 1 survivors (1024K)
 Metaspace       used 108688K, capacity 111782K, committed 112000K, reserved 1146880K
  class space    used 14198K, capacity 15369K, committed 15488K, reserved 1048576K
}
Event: 976.745 GC heap before
{Heap before GC invocations=59 (full 0):
 garbage-first heap   total 155648K, used 126899K [0x00000000a0000000, 0x0000000100000000)
  region size 1024K, 29 young (29696K), 1 survivors (1024K)
 Metaspace       used 109177K, capacity 112345K, committed 112512K, reserved 1146880K
  class space    used 14207K, capacity 15386K, committed 15488K, reserved 1048576K
}
Event: 976.755 GC heap after
{Heap after GC invocations=60 (full 0):
 garbage-first heap   total 155648K, used 103130K [0x00000000a0000000, 0x0000000100000000)
  region size 1024K, 4 young (4096K), 4 survivors (4096K)
 Metaspace       used 109177K, capacity 112345K, committed 112512K, reserved 1146880K
  class space    used 14207K, capacity 15386K, committed 15488K, reserved 1048576K
}
Event: 977.889 GC heap before
{Heap before GC invocations=60 (full 0):
 garbage-first heap   total 155648K, used 127706K [0x00000000a0000000, 0x0000000100000000)
  region size 1024K, 29 young (29696K), 4 survivors (4096K)
 Metaspace       used 109405K, capacity 112485K, committed 112768K, reserved 1146880K
  class space    used 14211K, capacity 15387K, committed 15488K, reserved 1048576K
}
Event: 977.906 GC heap after
{Heap after GC invocations=61 (full 0):
 garbage-first heap   total 155648K, used 105983K [0x00000000a0000000, 0x0000000100000000)
  region size 1024K, 3 young (3072K), 3 survivors (3072K)
 Metaspace       used 109405K, capacity 112485K, committed 112768K, reserved 1146880K
  class space    used 14211K, capacity 15387K, committed 15488K, reserved 1048576K
}

