# JRE version: OpenJDK Runtime Environment (8.0_202-b03) (build 1.8.0_202-release-1483-b03)
# Java VM: OpenJDK 64-Bit Server VM (25.202-b03 mixed mode windows-amd64 compressed oops)
Heap:
 PSYoungGen      total 365056K, used 87252K [0x00000000e0000000, 0x00000000fb580000, 0x0000000100000000)
  eden space 289792K, 24% used [0x00000000e0000000,0x00000000e4547f60,0x00000000f1b00000)
  from space 75264K, 21% used [0x00000000f1b00000,0x00000000f2aed248,0x00000000f6480000)
  to   space 72704K, 0% used [0x00000000f6e80000,0x00000000f6e80000,0x00000000fb580000)
 ParOldGen       total 327680K, used 211675K [0x00000000a0000000, 0x00000000b4000000, 0x00000000e0000000)
  object space 327680K, 64% used [0x00000000a0000000,0x00000000aceb6c18,0x00000000b4000000)
 Metaspace       used 89081K, capacity 92788K, committed 93016K, reserved 1130496K
  class space    used 11382K, capacity 12141K, committed 12160K, reserved 1048576K
GC Heap History (10 events):
Event: 158.577 GC heap before
{Heap before GC invocations=27 (full 4):
 PSYoungGen      total 321024K, used 258705K [0x00000000e0000000, 0x00000000f9000000, 0x0000000100000000)
  eden space 248832K, 98% used [0x00000000e0000000,0x00000000eefbbdf0,0x00000000ef300000)
  from space 72192K, 18% used [0x00000000f4980000,0x00000000f56687d0,0x00000000f9000000)
  to   space 80384K, 0% used [0x00000000ef300000,0x00000000ef300000,0x00000000f4180000)
 ParOldGen       total 327680K, used 211643K [0x00000000a0000000, 0x00000000b4000000, 0x00000000e0000000)
  object space 327680K, 64% used [0x00000000a0000000,0x00000000aceaec18,0x00000000b4000000)
 Metaspace       used 84504K, capacity 87694K, committed 87896K, reserved 1126400K
  class space    used 10909K, capacity 11594K, committed 11648K, reserved 1048576K
Event: 158.597 GC heap after
Heap after GC invocations=27 (full 4):
 PSYoungGen      total 329216K, used 46882K [0x00000000e0000000, 0x00000000fb300000, 0x0000000100000000)
  eden space 248832K, 0% used [0x00000000e0000000,0x00000000e0000000,0x00000000ef300000)
  from space 80384K, 58% used [0x00000000ef300000,0x00000000f20c88e8,0x00000000f4180000)
  to   space 82432K, 0% used [0x00000000f6280000,0x00000000f6280000,0x00000000fb300000)
 ParOldGen       total 327680K, used 211651K [0x00000000a0000000, 0x00000000b4000000, 0x00000000e0000000)
  object space 327680K, 64% used [0x00000000a0000000,0x00000000aceb0c18,0x00000000b4000000)
 Metaspace       used 84504K, capacity 87694K, committed 87896K, reserved 1126400K
  class space    used 10909K, capacity 11594K, committed 11648K, reserved 1048576K
}
Event: 257.843 GC heap before
{Heap before GC invocations=28 (full 4):
 PSYoungGen      total 329216K, used 295714K [0x00000000e0000000, 0x00000000fb300000, 0x0000000100000000)
  eden space 248832K, 100% used [0x00000000e0000000,0x00000000ef300000,0x00000000ef300000)
  from space 80384K, 58% used [0x00000000ef300000,0x00000000f20c88e8,0x00000000f4180000)
  to   space 82432K, 0% used [0x00000000f6280000,0x00000000f6280000,0x00000000fb300000)
 ParOldGen       total 327680K, used 211651K [0x00000000a0000000, 0x00000000b4000000, 0x00000000e0000000)
  object space 327680K, 64% used [0x00000000a0000000,0x00000000aceb0c18,0x00000000b4000000)
 Metaspace       used 86796K, capacity 90196K, committed 90328K, reserved 1128448K
  class space    used 11251K, capacity 11969K, committed 12032K, reserved 1048576K
Event: 257.887 GC heap after
Heap after GC invocations=28 (full 4):
 PSYoungGen      total 342528K, used 24215K [0x00000000e0000000, 0x00000000fa480000, 0x0000000100000000)
  eden space 274944K, 0% used [0x00000000e0000000,0x00000000e0000000,0x00000000f0c80000)
  from space 67584K, 35% used [0x00000000f6280000,0x00000000f7a25c70,0x00000000fa480000)
  to   space 77824K, 0% used [0x00000000f0c80000,0x00000000f0c80000,0x00000000f5880000)
 ParOldGen       total 327680K, used 211659K [0x00000000a0000000, 0x00000000b4000000, 0x00000000e0000000)
  object space 327680K, 64% used [0x00000000a0000000,0x00000000aceb2c18,0x00000000b4000000)
 Metaspace       used 86796K, capacity 90196K, committed 90328K, reserved 1128448K
  class space    used 11251K, capacity 11969K, committed 12032K, reserved 1048576K
}
Event: 675.104 GC heap before
{Heap before GC invocations=29 (full 4):
 PSYoungGen      total 342528K, used 299159K [0x00000000e0000000, 0x00000000fa480000, 0x0000000100000000)
  eden space 274944K, 100% used [0x00000000e0000000,0x00000000f0c80000,0x00000000f0c80000)
  from space 67584K, 35% used [0x00000000f6280000,0x00000000f7a25c70,0x00000000fa480000)
  to   space 77824K, 0% used [0x00000000f0c80000,0x00000000f0c80000,0x00000000f5880000)
 ParOldGen       total 327680K, used 211659K [0x00000000a0000000, 0x00000000b4000000, 0x00000000e0000000)
  object space 327680K, 64% used [0x00000000a0000000,0x00000000aceb2c18,0x00000000b4000000)
 Metaspace       used 87902K, capacity 91438K, committed 91736K, reserved 1128448K
  class space    used 11341K, capacity 12082K, committed 12160K, reserved 1048576K
Event: 675.136 GC heap after
Heap after GC invocations=29 (full 4):
 PSYoungGen      total 352768K, used 22998K [0x00000000e0000000, 0x00000000fad80000, 0x0000000100000000)
  eden space 274944K, 0% used [0x00000000e0000000,0x00000000e0000000,0x00000000f0c80000)
  from space 77824K, 29% used [0x00000000f0c80000,0x00000000f22f5840,0x00000000f5880000)
  to   space 73728K, 0% used [0x00000000f6580000,0x00000000f6580000,0x00000000fad80000)
 ParOldGen       total 327680K, used 211667K [0x00000000a0000000, 0x00000000b4000000, 0x00000000e0000000)
  object space 327680K, 64% used [0x00000000a0000000,0x00000000aceb4c18,0x00000000b4000000)
 Metaspace       used 87902K, capacity 91438K, committed 91736K, reserved 1128448K
  class space    used 11341K, capacity 12082K, committed 12160K, reserved 1048576K
}
Event: 705.233 GC heap before
{Heap before GC invocations=30 (full 4):
 PSYoungGen      total 352768K, used 297942K [0x00000000e0000000, 0x00000000fad80000, 0x0000000100000000)
  eden space 274944K, 100% used [0x00000000e0000000,0x00000000f0c80000,0x00000000f0c80000)
  from space 77824K, 29% used [0x00000000f0c80000,0x00000000f22f5840,0x00000000f5880000)
  to   space 73728K, 0% used [0x00000000f6580000,0x00000000f6580000,0x00000000fad80000)
 ParOldGen       total 327680K, used 211667K [0x00000000a0000000, 0x00000000b4000000, 0x00000000e0000000)
  object space 327680K, 64% used [0x00000000a0000000,0x00000000aceb4c18,0x00000000b4000000)
 Metaspace       used 88610K, capacity 92168K, committed 92248K, reserved 1130496K
  class space    used 11372K, capacity 12125K, committed 12160K, reserved 1048576K
Event: 705.318 GC heap after
Heap after GC invocations=30 (full 4):
 PSYoungGen      total 363520K, used 43414K [0x00000000e0000000, 0x00000000fae00000, 0x0000000100000000)
  eden space 289792K, 0% used [0x00000000e0000000,0x00000000e0000000,0x00000000f1b00000)
  from space 73728K, 58% used [0x00000000f6580000,0x00000000f8fe5858,0x00000000fad80000)
  to   space 75264K, 0% used [0x00000000f1b00000,0x00000000f1b00000,0x00000000f6480000)
 ParOldGen       total 327680K, used 211667K [0x00000000a0000000, 0x00000000b4000000, 0x00000000e0000000)
  object space 327680K, 64% used [0x00000000a0000000,0x00000000aceb4c18,0x00000000b4000000)
 Metaspace       used 88610K, capacity 92168K, committed 92248K, reserved 1130496K
  class space    used 11372K, capacity 12125K, committed 12160K, reserved 1048576K
}
Event: 789.382 GC heap before
{Heap before GC invocations=31 (full 4):
 PSYoungGen      total 363520K, used 333206K [0x00000000e0000000, 0x00000000fae00000, 0x0000000100000000)
  eden space 289792K, 100% used [0x00000000e0000000,0x00000000f1b00000,0x00000000f1b00000)
  from space 73728K, 58% used [0x00000000f6580000,0x00000000f8fe5858,0x00000000fad80000)
  to   space 75264K, 0% used [0x00000000f1b00000,0x00000000f1b00000,0x00000000f6480000)
 ParOldGen       total 327680K, used 211667K [0x00000000a0000000, 0x00000000b4000000, 0x00000000e0000000)
  object space 327680K, 64% used [0x00000000a0000000,0x00000000aceb4c18,0x00000000b4000000)
 Metaspace       used 89003K, capacity 92596K, committed 92760K, reserved 1130496K
  class space    used 11381K, capacity 12141K, committed 12160K, reserved 1048576K
Event: 789.418 GC heap after
Heap after GC invocations=31 (full 4):
 PSYoungGen      total 365056K, used 16308K [0x00000000e0000000, 0x00000000fb580000, 0x0000000100000000)
  eden space 289792K, 0% used [0x00000000e0000000,0x00000000e0000000,0x00000000f1b00000)
  from space 75264K, 21% used [0x00000000f1b00000,0x00000000f2aed248,0x00000000f6480000)
  to   space 72704K, 0% used [0x00000000f6e80000,0x00000000f6e80000,0x00000000fb580000)
 ParOldGen       total 327680K, used 211675K [0x00000000a0000000, 0x00000000b4000000, 0x00000000e0000000)
  object space 327680K, 64% used [0x00000000a0000000,0x00000000aceb6c18,0x00000000b4000000)
 Metaspace       used 89003K, capacity 92596K, committed 92760K, reserved 1130496K
  class space    used 11381K, capacity 12141K, committed 12160K, reserved 1048576K
}

