# JRE version: OpenJDK Runtime Environment (11.0.10) (build 11.0.10+0-b96-7249189)
# Java VM: OpenJDK 64-Bit Server VM (11.0.10+0-b96-7249189, mixed mode, tiered, compressed oops, g1 gc, windows-amd64)
Heap:
 garbage-first heap   total 155648K, used 127197K [0x00000000a0000000, 0x0000000100000000)
  region size 1024K, 20 young (20480K), 3 survivors (3072K)
 Metaspace       used 109891K, capacity 113017K, committed 113288K, reserved 1146880K
  class space    used 14151K, capacity 15313K, committed 15436K, reserved 1048576K
GC Heap History (20 events):
Event: 467.010 GC heap after
{Heap after GC invocations=58 (full 0):
 garbage-first heap   total 155648K, used 114021K [0x00000000a0000000, 0x0000000100000000)
  region size 1024K, 2 young (2048K), 2 survivors (2048K)
 Metaspace       used 108961K, capacity 111990K, committed 112136K, reserved 1146880K
  class space    used 14119K, capacity 15256K, committed 15308K, reserved 1048576K
}
Event: 467.189 GC heap before
{Heap before GC invocations=58 (full 0):
 garbage-first heap   total 155648K, used 119141K [0x00000000a0000000, 0x0000000100000000)
  region size 1024K, 7 young (7168K), 2 survivors (2048K)
 Metaspace       used 108999K, capacity 112022K, committed 112136K, reserved 1146880K
  class space    used 14124K, capacity 15265K, committed 15308K, reserved 1048576K
}
Event: 467.202 GC heap after
{Heap after GC invocations=59 (full 0):
 garbage-first heap   total 155648K, used 114388K [0x00000000a0000000, 0x0000000100000000)
  region size 1024K, 1 young (1024K), 1 survivors (1024K)
 Metaspace       used 108999K, capacity 112022K, committed 112136K, reserved 1146880K
  class space    used 14124K, capacity 15265K, committed 15308K, reserved 1048576K
}
Event: 468.057 GC heap before
{Heap before GC invocations=59 (full 0):
 garbage-first heap   total 155648K, used 128724K [0x00000000a0000000, 0x0000000100000000)
  region size 1024K, 16 young (16384K), 1 survivors (1024K)
 Metaspace       used 109299K, capacity 112340K, committed 112392K, reserved 1146880K
  class space    used 14133K, capacity 15281K, committed 15308K, reserved 1048576K
}
Event: 468.068 GC heap after
{Heap after GC invocations=60 (full 0):
 garbage-first heap   total 155648K, used 115316K [0x00000000a0000000, 0x0000000100000000)
  region size 1024K, 2 young (2048K), 2 survivors (2048K)
 Metaspace       used 109299K, capacity 112340K, committed 112392K, reserved 1146880K
  class space    used 14133K, capacity 15281K, committed 15308K, reserved 1048576K
}
Event: 646.585 GC heap before
{Heap before GC invocations=61 (full 0):
 garbage-first heap   total 155648K, used 151156K [0x00000000a0000000, 0x0000000100000000)
  region size 1024K, 17 young (17408K), 2 survivors (2048K)
 Metaspace       used 109479K, capacity 112552K, committed 112648K, reserved 1146880K
  class space    used 14143K, capacity 15300K, committed 15308K, reserved 1048576K
}
Event: 646.591 GC heap after
{Heap after GC invocations=62 (full 0):
 garbage-first heap   total 155648K, used 114454K [0x00000000a0000000, 0x0000000100000000)
  region size 1024K, 2 young (2048K), 2 survivors (2048K)
 Metaspace       used 109479K, capacity 112552K, committed 112648K, reserved 1146880K
  class space    used 14143K, capacity 15300K, committed 15308K, reserved 1048576K
}
Event: 646.714 GC heap before
{Heap before GC invocations=62 (full 0):
 garbage-first heap   total 155648K, used 118550K [0x00000000a0000000, 0x0000000100000000)
  region size 1024K, 7 young (7168K), 2 survivors (2048K)
 Metaspace       used 109481K, capacity 112552K, committed 112648K, reserved 1146880K
  class space    used 14143K, capacity 15300K, committed 15308K, reserved 1048576K
}
Event: 646.729 GC heap after
{Heap after GC invocations=63 (full 0):
 garbage-first heap   total 155648K, used 100295K [0x00000000a0000000, 0x0000000100000000)
  region size 1024K, 1 young (1024K), 1 survivors (1024K)
 Metaspace       used 109481K, capacity 112552K, committed 112648K, reserved 1146880K
  class space    used 14143K, capacity 15300K, committed 15308K, reserved 1048576K
}
Event: 646.855 GC heap before
{Heap before GC invocations=63 (full 0):
 garbage-first heap   total 155648K, used 105415K [0x00000000a0000000, 0x0000000100000000)
  region size 1024K, 7 young (7168K), 1 survivors (1024K)
 Metaspace       used 109491K, capacity 112552K, committed 112648K, reserved 1146880K
  class space    used 14143K, capacity 15300K, committed 15308K, reserved 1048576K
}
Event: 646.869 GC heap after
{Heap after GC invocations=64 (full 0):
 garbage-first heap   total 155648K, used 100401K [0x00000000a0000000, 0x0000000100000000)
  region size 1024K, 1 young (1024K), 1 survivors (1024K)
 Metaspace       used 109491K, capacity 112552K, committed 112648K, reserved 1146880K
  class space    used 14143K, capacity 15300K, committed 15308K, reserved 1048576K
}
Event: 647.571 GC heap before
{Heap before GC invocations=64 (full 0):
 garbage-first heap   total 155648K, used 120881K [0x00000000a0000000, 0x0000000100000000)
  region size 1024K, 22 young (22528K), 1 survivors (1024K)
 Metaspace       used 109699K, capacity 112875K, committed 113032K, reserved 1146880K
  class space    used 14149K, capacity 15311K, committed 15436K, reserved 1048576K
}
Event: 647.586 GC heap after
{Heap after GC invocations=65 (full 0):
 garbage-first heap   total 155648K, used 103341K [0x00000000a0000000, 0x0000000100000000)
  region size 1024K, 3 young (3072K), 3 survivors (3072K)
 Metaspace       used 109699K, capacity 112875K, committed 113032K, reserved 1146880K
  class space    used 14149K, capacity 15311K, committed 15436K, reserved 1048576K
}
Event: 648.834 GC heap before
{Heap before GC invocations=66 (full 0):
 garbage-first heap   total 155648K, used 125869K [0x00000000a0000000, 0x0000000100000000)
  region size 1024K, 24 young (24576K), 3 survivors (3072K)
 Metaspace       used 109790K, capacity 112947K, committed 113288K, reserved 1146880K
  class space    used 14151K, capacity 15313K, committed 15436K, reserved 1048576K
}
Event: 648.849 GC heap after
{Heap after GC invocations=67 (full 0):
 garbage-first heap   total 155648K, used 109062K [0x00000000a0000000, 0x0000000100000000)
  region size 1024K, 3 young (3072K), 3 survivors (3072K)
 Metaspace       used 109790K, capacity 112947K, committed 113288K, reserved 1146880K
  class space    used 14151K, capacity 15313K, committed 15436K, reserved 1048576K
}
Event: 648.876 GC heap before
{Heap before GC invocations=67 (full 0):
 garbage-first heap   total 155648K, used 113158K [0x00000000a0000000, 0x0000000100000000)
  region size 1024K, 7 young (7168K), 3 survivors (3072K)
 Metaspace       used 109790K, capacity 112947K, committed 113288K, reserved 1146880K
  class space    used 14151K, capacity 15313K, committed 15436K, reserved 1048576K
}
Event: 648.909 GC heap after
{Heap after GC invocations=68 (full 0):
 garbage-first heap   total 155648K, used 103894K [0x00000000a0000000, 0x0000000100000000)
  region size 1024K, 1 young (1024K), 1 survivors (1024K)
 Metaspace       used 109790K, capacity 112947K, committed 113288K, reserved 1146880K
  class space    used 14151K, capacity 15313K, committed 15436K, reserved 1048576K
}
Event: 649.851 GC heap before
{Heap before GC invocations=68 (full 0):
 garbage-first heap   total 155648K, used 124374K [0x00000000a0000000, 0x0000000100000000)
  region size 1024K, 21 young (21504K), 1 survivors (1024K)
 Metaspace       used 109826K, capacity 112950K, committed 113288K, reserved 1146880K
  class space    used 14151K, capacity 15313K, committed 15436K, reserved 1048576K
}
Event: 649.871 GC heap after
{Heap after GC invocations=69 (full 0):
 garbage-first heap   total 155648K, used 109789K [0x00000000a0000000, 0x0000000100000000)
  region size 1024K, 3 young (3072K), 3 survivors (3072K)
 Metaspace       used 109826K, capacity 112950K, committed 113288K, reserved 1146880K
  class space    used 14151K, capacity 15313K, committed 15436K, reserved 1048576K
}
Event: 651.309 GC heap before
{Heap before GC invocations=70 (full 0):
 garbage-first heap   total 155648K, used 127197K [0x00000000a0000000, 0x0000000100000000)
  region size 1024K, 20 young (20480K), 3 survivors (3072K)
 Metaspace       used 109891K, capacity 113017K, committed 113288K, reserved 1146880K
  class space    used 14151K, capacity 15313K, committed 15436K, reserved 1048576K
}

