# JRE version: OpenJDK Runtime Environment (8.0_202-b03) (build 1.8.0_202-release-1483-b03)
# Java VM: OpenJDK 64-Bit Server VM (25.202-b03 mixed mode windows-amd64 compressed oops)
Heap:
 PSYoungGen      total 419840K, used 201391K [0x00000000e0000000, 0x00000000ffb00000, 0x0000000100000000)
  eden space 345600K, 45% used [0x00000000e0000000,0x00000000e9953310,0x00000000f5180000)
  from space 74240K, 59% used [0x00000000f9b80000,0x00000000fc6d8b88,0x00000000fe400000)
  to   space 75776K, 0% used [0x00000000f5180000,0x00000000f5180000,0x00000000f9b80000)
 ParOldGen       total 327168K, used 225993K [0x00000000a0000000, 0x00000000b3f80000, 0x00000000e0000000)
  object space 327168K, 69% used [0x00000000a0000000,0x00000000adcb2668,0x00000000b3f80000)
 Metaspace       used 85295K, capacity 87940K, committed 88212K, reserved 1126400K
  class space    used 11001K, capacity 11591K, committed 11708K, reserved 1048576K
GC Heap History (10 events):
Event: 726.820 GC heap before
{Heap before GC invocations=16 (full 3):
 PSYoungGen      total 260608K, used 260593K [0x00000000e0000000, 0x00000000f1d00000, 0x0000000100000000)
  eden space 238592K, 100% used [0x00000000e0000000,0x00000000ee900000,0x00000000ee900000)
  from space 22016K, 99% used [0x00000000f0580000,0x00000000f1afc530,0x00000000f1b00000)
  to   space 26624K, 0% used [0x00000000ee900000,0x00000000ee900000,0x00000000f0300000)
 ParOldGen       total 143872K, used 44826K [0x00000000a0000000, 0x00000000a8c80000, 0x00000000e0000000)
  object space 143872K, 31% used [0x00000000a0000000,0x00000000a2bc6908,0x00000000a8c80000)
 Metaspace       used 76600K, capacity 78708K, committed 78996K, reserved 1118208K
  class space    used 9895K, capacity 10425K, committed 10428K, reserved 1048576K
Event: 726.908 GC heap after
Heap after GC invocations=16 (full 3):
 PSYoungGen      total 265216K, used 18924K [0x00000000e0000000, 0x00000000f5000000, 0x0000000100000000)
  eden space 238592K, 0% used [0x00000000e0000000,0x00000000e0000000,0x00000000ee900000)
  from space 26624K, 71% used [0x00000000ee900000,0x00000000efb7b200,0x00000000f0300000)
  to   space 27136K, 0% used [0x00000000f3580000,0x00000000f3580000,0x00000000f5000000)
 ParOldGen       total 143872K, used 64565K [0x00000000a0000000, 0x00000000a8c80000, 0x00000000e0000000)
  object space 143872K, 44% used [0x00000000a0000000,0x00000000a3f0d458,0x00000000a8c80000)
 Metaspace       used 76600K, capacity 78708K, committed 78996K, reserved 1118208K
  class space    used 9895K, capacity 10425K, committed 10428K, reserved 1048576K
}
Event: 736.030 GC heap before
{Heap before GC invocations=17 (full 3):
 PSYoungGen      total 265216K, used 257516K [0x00000000e0000000, 0x00000000f5000000, 0x0000000100000000)
  eden space 238592K, 100% used [0x00000000e0000000,0x00000000ee900000,0x00000000ee900000)
  from space 26624K, 71% used [0x00000000ee900000,0x00000000efb7b200,0x00000000f0300000)
  to   space 27136K, 0% used [0x00000000f3580000,0x00000000f3580000,0x00000000f5000000)
 ParOldGen       total 143872K, used 64565K [0x00000000a0000000, 0x00000000a8c80000, 0x00000000e0000000)
  object space 143872K, 44% used [0x00000000a0000000,0x00000000a3f0d458,0x00000000a8c80000)
 Metaspace       used 82410K, capacity 84896K, committed 85140K, reserved 1122304K
  class space    used 10794K, capacity 11357K, committed 11452K, reserved 1048576K
Event: 736.316 GC heap after
Heap after GC invocations=17 (full 3):
 PSYoungGen      total 277504K, used 27125K [0x00000000e0000000, 0x00000000fb200000, 0x0000000100000000)
  eden space 250368K, 0% used [0x00000000e0000000,0x00000000e0000000,0x00000000ef480000)
  from space 27136K, 99% used [0x00000000f3580000,0x00000000f4ffd750,0x00000000f5000000)
  to   space 66560K, 0% used [0x00000000ef480000,0x00000000ef480000,0x00000000f3580000)
 ParOldGen       total 160768K, used 160040K [0x00000000a0000000, 0x00000000a9d00000, 0x00000000e0000000)
  object space 160768K, 99% used [0x00000000a0000000,0x00000000a9c4a280,0x00000000a9d00000)
 Metaspace       used 82410K, capacity 84896K, committed 85140K, reserved 1122304K
  class space    used 10794K, capacity 11357K, committed 11452K, reserved 1048576K
}
Event: 736.316 GC heap before
{Heap before GC invocations=18 (full 4):
 PSYoungGen      total 277504K, used 27125K [0x00000000e0000000, 0x00000000fb200000, 0x0000000100000000)
  eden space 250368K, 0% used [0x00000000e0000000,0x00000000e0000000,0x00000000ef480000)
  from space 27136K, 99% used [0x00000000f3580000,0x00000000f4ffd750,0x00000000f5000000)
  to   space 66560K, 0% used [0x00000000ef480000,0x00000000ef480000,0x00000000f3580000)
 ParOldGen       total 160768K, used 160040K [0x00000000a0000000, 0x00000000a9d00000, 0x00000000e0000000)
  object space 160768K, 99% used [0x00000000a0000000,0x00000000a9c4a280,0x00000000a9d00000)
 Metaspace       used 82410K, capacity 84896K, committed 85140K, reserved 1122304K
  class space    used 10794K, capacity 11357K, committed 11452K, reserved 1048576K
Event: 737.759 GC heap after
Heap after GC invocations=18 (full 4):
 PSYoungGen      total 277504K, used 12216K [0x00000000e0000000, 0x00000000fb200000, 0x0000000100000000)
  eden space 250368K, 0% used [0x00000000e0000000,0x00000000e0000000,0x00000000ef480000)
  from space 27136K, 45% used [0x00000000f3580000,0x00000000f416e140,0x00000000f5000000)
  to   space 66560K, 0% used [0x00000000ef480000,0x00000000ef480000,0x00000000f3580000)
 ParOldGen       total 327168K, used 160655K [0x00000000a0000000, 0x00000000b3f80000, 0x00000000e0000000)
  object space 327168K, 49% used [0x00000000a0000000,0x00000000a9ce3c88,0x00000000b3f80000)
 Metaspace       used 82345K, capacity 84706K, committed 85140K, reserved 1122304K
  class space    used 10773K, capacity 11320K, committed 11452K, reserved 1048576K
}
Event: 741.583 GC heap before
{Heap before GC invocations=19 (full 4):
 PSYoungGen      total 277504K, used 262426K [0x00000000e0000000, 0x00000000fb200000, 0x0000000100000000)
  eden space 250368K, 99% used [0x00000000e0000000,0x00000000ef4588b0,0x00000000ef480000)
  from space 27136K, 45% used [0x00000000f3580000,0x00000000f416e140,0x00000000f5000000)
  to   space 66560K, 0% used [0x00000000ef480000,0x00000000ef480000,0x00000000f3580000)
 ParOldGen       total 327168K, used 160655K [0x00000000a0000000, 0x00000000b3f80000, 0x00000000e0000000)
  object space 327168K, 49% used [0x00000000a0000000,0x00000000a9ce3c88,0x00000000b3f80000)
 Metaspace       used 85011K, capacity 87744K, committed 87956K, reserved 1126400K
  class space    used 10999K, capacity 11591K, committed 11708K, reserved 1048576K
Event: 741.762 GC heap after
Heap after GC invocations=19 (full 4):
 PSYoungGen      total 316928K, used 57257K [0x00000000e0000000, 0x00000000fe400000, 0x0000000100000000)
  eden space 250368K, 0% used [0x00000000e0000000,0x00000000e0000000,0x00000000ef480000)
  from space 66560K, 86% used [0x00000000ef480000,0x00000000f2c6a528,0x00000000f3580000)
  to   space 74240K, 0% used [0x00000000f9b80000,0x00000000f9b80000,0x00000000fe400000)
 ParOldGen       total 327168K, used 172828K [0x00000000a0000000, 0x00000000b3f80000, 0x00000000e0000000)
  object space 327168K, 52% used [0x00000000a0000000,0x00000000aa8c73d8,0x00000000b3f80000)
 Metaspace       used 85011K, capacity 87744K, committed 87956K, reserved 1126400K
  class space    used 10999K, capacity 11591K, committed 11708K, reserved 1048576K
}
Event: 743.587 GC heap before
{Heap before GC invocations=20 (full 4):
 PSYoungGen      total 316928K, used 307625K [0x00000000e0000000, 0x00000000fe400000, 0x0000000100000000)
  eden space 250368K, 100% used [0x00000000e0000000,0x00000000ef480000,0x00000000ef480000)
  from space 66560K, 86% used [0x00000000ef480000,0x00000000f2c6a528,0x00000000f3580000)
  to   space 74240K, 0% used [0x00000000f9b80000,0x00000000f9b80000,0x00000000fe400000)
 ParOldGen       total 327168K, used 172828K [0x00000000a0000000, 0x00000000b3f80000, 0x00000000e0000000)
  object space 327168K, 52% used [0x00000000a0000000,0x00000000aa8c73d8,0x00000000b3f80000)
 Metaspace       used 85166K, capacity 87876K, committed 88212K, reserved 1126400K
  class space    used 11000K, capacity 11591K, committed 11708K, reserved 1048576K
Event: 743.757 GC heap after
Heap after GC invocations=20 (full 4):
 PSYoungGen      total 419840K, used 44386K [0x00000000e0000000, 0x00000000ffb00000, 0x0000000100000000)
  eden space 345600K, 0% used [0x00000000e0000000,0x00000000e0000000,0x00000000f5180000)
  from space 74240K, 59% used [0x00000000f9b80000,0x00000000fc6d8b88,0x00000000fe400000)
  to   space 75776K, 0% used [0x00000000f5180000,0x00000000f5180000,0x00000000f9b80000)
 ParOldGen       total 327168K, used 225993K [0x00000000a0000000, 0x00000000b3f80000, 0x00000000e0000000)
  object space 327168K, 69% used [0x00000000a0000000,0x00000000adcb2668,0x00000000b3f80000)
 Metaspace       used 85166K, capacity 87876K, committed 88212K, reserved 1126400K
  class space    used 11000K, capacity 11591K, committed 11708K, reserved 1048576K
}

