# JRE version: OpenJDK Runtime Environment (11.0.10) (build 11.0.10+0-b96-7249189)
# Java VM: OpenJDK 64-Bit Server VM (11.0.10+0-b96-7249189, mixed mode, tiered, compressed oops, g1 gc, windows-amd64)
Heap:
 garbage-first heap   total 189440K, used 110064K [0x00000000a0000000, 0x0000000100000000)
  region size 1024K, 11 young (11264K), 4 survivors (4096K)
 Metaspace       used 90506K, capacity 93078K, committed 93296K, reserved 1130496K
  class space    used 11467K, capacity 12356K, committed 12364K, reserved 1048576K
GC Heap History (20 events):
Event: 114.418 GC heap before
{Heap before GC invocations=24 (full 0):
 garbage-first heap   total 189440K, used 129975K [0x00000000a0000000, 0x0000000100000000)
  region size 1024K, 46 young (47104K), 7 survivors (7168K)
 Metaspace       used 88064K, capacity 90381K, committed 90480K, reserved 1128448K
  class space    used 11232K, capacity 12078K, committed 12108K, reserved 1048576K
}
Event: 114.447 GC heap after
{Heap after GC invocations=25 (full 0):
 garbage-first heap   total 189440K, used 96060K [0x00000000a0000000, 0x0000000100000000)
  region size 1024K, 5 young (5120K), 5 survivors (5120K)
 Metaspace       used 88064K, capacity 90381K, committed 90480K, reserved 1128448K
  class space    used 11232K, capacity 12078K, committed 12108K, reserved 1048576K
}
Event: 115.655 GC heap before
{Heap before GC invocations=26 (full 0):
 garbage-first heap   total 189440K, used 144188K [0x00000000a0000000, 0x0000000100000000)
  region size 1024K, 57 young (58368K), 5 survivors (5120K)
 Metaspace       used 88199K, capacity 90628K, committed 90736K, reserved 1128448K
  class space    used 11231K, capacity 12066K, committed 12108K, reserved 1048576K
}
Event: 115.709 GC heap after
{Heap after GC invocations=27 (full 0):
 garbage-first heap   total 189440K, used 95232K [0x00000000a0000000, 0x0000000100000000)
  region size 1024K, 8 young (8192K), 8 survivors (8192K)
 Metaspace       used 88199K, capacity 90628K, committed 90736K, reserved 1128448K
  class space    used 11231K, capacity 12066K, committed 12108K, reserved 1048576K
}
Event: 115.757 GC heap before
{Heap before GC invocations=27 (full 0):
 garbage-first heap   total 189440K, used 96256K [0x00000000a0000000, 0x0000000100000000)
  region size 1024K, 9 young (9216K), 8 survivors (8192K)
 Metaspace       used 88209K, capacity 90628K, committed 90736K, reserved 1128448K
  class space    used 11232K, capacity 12066K, committed 12108K, reserved 1048576K
}
Event: 115.778 GC heap after
{Heap after GC invocations=28 (full 0):
 garbage-first heap   total 189440K, used 92057K [0x00000000a0000000, 0x0000000100000000)
  region size 1024K, 2 young (2048K), 2 survivors (2048K)
 Metaspace       used 88209K, capacity 90628K, committed 90736K, reserved 1128448K
  class space    used 11232K, capacity 12066K, committed 12108K, reserved 1048576K
}
Event: 117.050 GC heap before
{Heap before GC invocations=28 (full 0):
 garbage-first heap   total 189440K, used 144281K [0x00000000a0000000, 0x0000000100000000)
  region size 1024K, 54 young (55296K), 2 survivors (2048K)
 Metaspace       used 89194K, capacity 91641K, committed 91760K, reserved 1128448K
  class space    used 11353K, capacity 12253K, committed 12364K, reserved 1048576K
}
Event: 117.077 GC heap after
{Heap after GC invocations=29 (full 0):
 garbage-first heap   total 189440K, used 97848K [0x00000000a0000000, 0x0000000100000000)
  region size 1024K, 7 young (7168K), 7 survivors (7168K)
 Metaspace       used 89194K, capacity 91641K, committed 91760K, reserved 1128448K
  class space    used 11353K, capacity 12253K, committed 12364K, reserved 1048576K
}
Event: 118.478 GC heap before
{Heap before GC invocations=30 (full 0):
 garbage-first heap   total 189440K, used 148024K [0x00000000a0000000, 0x0000000100000000)
  region size 1024K, 57 young (58368K), 7 survivors (7168K)
 Metaspace       used 89372K, capacity 91866K, committed 92016K, reserved 1128448K
  class space    used 11365K, capacity 12262K, committed 12364K, reserved 1048576K
}
Event: 118.499 GC heap after
{Heap after GC invocations=31 (full 0):
 garbage-first heap   total 189440K, used 97432K [0x00000000a0000000, 0x0000000100000000)
  region size 1024K, 5 young (5120K), 5 survivors (5120K)
 Metaspace       used 89372K, capacity 91866K, committed 92016K, reserved 1128448K
  class space    used 11365K, capacity 12262K, committed 12364K, reserved 1048576K
}
Event: 118.601 GC heap before
{Heap before GC invocations=31 (full 0):
 garbage-first heap   total 189440K, used 100504K [0x00000000a0000000, 0x0000000100000000)
  region size 1024K, 9 young (9216K), 5 survivors (5120K)
 Metaspace       used 89376K, capacity 91866K, committed 92016K, reserved 1128448K
  class space    used 11365K, capacity 12262K, committed 12364K, reserved 1048576K
}
Event: 118.616 GC heap after
{Heap after GC invocations=32 (full 0):
 garbage-first heap   total 189440K, used 93130K [0x00000000a0000000, 0x0000000100000000)
  region size 1024K, 1 young (1024K), 1 survivors (1024K)
 Metaspace       used 89376K, capacity 91866K, committed 92016K, reserved 1128448K
  class space    used 11365K, capacity 12262K, committed 12364K, reserved 1048576K
}
Event: 119.831 GC heap before
{Heap before GC invocations=32 (full 0):
 garbage-first heap   total 189440K, used 147402K [0x00000000a0000000, 0x0000000100000000)
  region size 1024K, 55 young (56320K), 1 survivors (1024K)
 Metaspace       used 89444K, capacity 91939K, committed 92272K, reserved 1130496K
  class space    used 11375K, capacity 12264K, committed 12364K, reserved 1048576K
}
Event: 119.846 GC heap after
{Heap after GC invocations=33 (full 0):
 garbage-first heap   total 189440K, used 98072K [0x00000000a0000000, 0x0000000100000000)
  region size 1024K, 6 young (6144K), 6 survivors (6144K)
 Metaspace       used 89444K, capacity 91939K, committed 92272K, reserved 1130496K
  class space    used 11375K, capacity 12264K, committed 12364K, reserved 1048576K
}
Event: 121.460 GC heap before
{Heap before GC invocations=34 (full 0):
 garbage-first heap   total 189440K, used 151320K [0x00000000a0000000, 0x0000000100000000)
  region size 1024K, 58 young (59392K), 6 survivors (6144K)
 Metaspace       used 89852K, capacity 92363K, committed 92528K, reserved 1130496K
  class space    used 11432K, capacity 12319K, committed 12364K, reserved 1048576K
}
Event: 121.486 GC heap after
{Heap after GC invocations=35 (full 0):
 garbage-first heap   total 189440K, used 102527K [0x00000000a0000000, 0x0000000100000000)
  region size 1024K, 5 young (5120K), 5 survivors (5120K)
 Metaspace       used 89852K, capacity 92363K, committed 92528K, reserved 1130496K
  class space    used 11432K, capacity 12319K, committed 12364K, reserved 1048576K
}
Event: 121.512 GC heap before
{Heap before GC invocations=35 (full 0):
 garbage-first heap   total 189440K, used 106623K [0x00000000a0000000, 0x0000000100000000)
  region size 1024K, 9 young (9216K), 5 survivors (5120K)
 Metaspace       used 89855K, capacity 92363K, committed 92528K, reserved 1130496K
  class space    used 11432K, capacity 12319K, committed 12364K, reserved 1048576K
}
Event: 121.531 GC heap after
{Heap after GC invocations=36 (full 0):
 garbage-first heap   total 189440K, used 101664K [0x00000000a0000000, 0x0000000100000000)
  region size 1024K, 1 young (1024K), 1 survivors (1024K)
 Metaspace       used 89855K, capacity 92363K, committed 92528K, reserved 1130496K
  class space    used 11432K, capacity 12319K, committed 12364K, reserved 1048576K
}
Event: 144.155 GC heap before
{Heap before GC invocations=36 (full 0):
 garbage-first heap   total 189440K, used 154912K [0x00000000a0000000, 0x0000000100000000)
  region size 1024K, 51 young (52224K), 1 survivors (1024K)
 Metaspace       used 90291K, capacity 92780K, committed 93040K, reserved 1130496K
  class space    used 11464K, capacity 12351K, committed 12364K, reserved 1048576K
}
Event: 144.178 GC heap after
{Heap after GC invocations=37 (full 0):
 garbage-first heap   total 189440K, used 103920K [0x00000000a0000000, 0x0000000100000000)
  region size 1024K, 4 young (4096K), 4 survivors (4096K)
 Metaspace       used 90291K, capacity 92780K, committed 93040K, reserved 1130496K
  class space    used 11464K, capacity 12351K, committed 12364K, reserved 1048576K
}

