# JRE version: OpenJDK Runtime Environment (11.0.10) (build 11.0.10+0-b96-7249189)
# Java VM: OpenJDK 64-Bit Server VM (11.0.10+0-b96-7249189, mixed mode, tiered, compressed oops, g1 gc, windows-amd64)
Heap:
 garbage-first heap   total 157696K, used 115891K [0x00000000a0000000, 0x0000000100000000)
  region size 1024K, 30 young (30720K), 1 survivors (1024K)
 Metaspace       used 115481K, capacity 118839K, committed 119816K, reserved 1153024K
  class space    used 14303K, capacity 15563K, committed 15820K, reserved 1048576K
GC Heap History (20 events):
Event: 2338.978 GC heap before
{Heap before GC invocations=145 (full 0):
 garbage-first heap   total 157696K, used 126484K [0x00000000a0000000, 0x0000000100000000)
  region size 1024K, 25 young (25600K), 1 survivors (1024K)
 Metaspace       used 115795K, capacity 119497K, committed 119816K, reserved 1153024K
  class space    used 14386K, capacity 15708K, committed 15820K, reserved 1048576K
}
Event: 2338.995 GC heap after
{Heap after GC invocations=146 (full 0):
 garbage-first heap   total 157696K, used 110227K [0x00000000a0000000, 0x0000000100000000)
  region size 1024K, 4 young (4096K), 4 survivors (4096K)
 Metaspace       used 115795K, capacity 119497K, committed 119816K, reserved 1153024K
  class space    used 14386K, capacity 15708K, committed 15820K, reserved 1048576K
}
Event: 2339.419 GC heap before
{Heap before GC invocations=146 (full 0):
 garbage-first heap   total 157696K, used 129683K [0x00000000a0000000, 0x0000000100000000)
  region size 1024K, 23 young (23552K), 4 survivors (4096K)
 Metaspace       used 115808K, capacity 119562K, committed 119816K, reserved 1153024K
  class space    used 14386K, capacity 15708K, committed 15820K, reserved 1048576K
}
Event: 2339.437 GC heap after
{Heap after GC invocations=147 (full 0):
 garbage-first heap   total 157696K, used 114054K [0x00000000a0000000, 0x0000000100000000)
  region size 1024K, 3 young (3072K), 3 survivors (3072K)
 Metaspace       used 115808K, capacity 119562K, committed 119816K, reserved 1153024K
  class space    used 14386K, capacity 15708K, committed 15820K, reserved 1048576K
}
Event: 2340.070 GC heap before
{Heap before GC invocations=148 (full 0):
 garbage-first heap   total 157696K, used 129414K [0x00000000a0000000, 0x0000000100000000)
  region size 1024K, 19 young (19456K), 3 survivors (3072K)
 Metaspace       used 115819K, capacity 119562K, committed 119816K, reserved 1153024K
  class space    used 14386K, capacity 15708K, committed 15820K, reserved 1048576K
}
Event: 2340.090 GC heap after
{Heap after GC invocations=149 (full 0):
 garbage-first heap   total 157696K, used 115783K [0x00000000a0000000, 0x0000000100000000)
  region size 1024K, 2 young (2048K), 2 survivors (2048K)
 Metaspace       used 115819K, capacity 119562K, committed 119816K, reserved 1153024K
  class space    used 14386K, capacity 15708K, committed 15820K, reserved 1048576K
}
Event: 2340.145 GC heap before
{Heap before GC invocations=149 (full 0):
 garbage-first heap   total 157696K, used 120903K [0x00000000a0000000, 0x0000000100000000)
  region size 1024K, 7 young (7168K), 2 survivors (2048K)
 Metaspace       used 115824K, capacity 119562K, committed 119816K, reserved 1153024K
  class space    used 14386K, capacity 15708K, committed 15820K, reserved 1048576K
}
Event: 2340.185 GC heap after
{Heap after GC invocations=150 (full 0):
 garbage-first heap   total 157696K, used 107703K [0x00000000a0000000, 0x0000000100000000)
  region size 1024K, 1 young (1024K), 1 survivors (1024K)
 Metaspace       used 115824K, capacity 119562K, committed 119816K, reserved 1153024K
  class space    used 14386K, capacity 15708K, committed 15820K, reserved 1048576K
}
Event: 2340.848 GC heap before
{Heap before GC invocations=150 (full 0):
 garbage-first heap   total 157696K, used 126135K [0x00000000a0000000, 0x0000000100000000)
  region size 1024K, 20 young (20480K), 1 survivors (1024K)
 Metaspace       used 115858K, capacity 119565K, committed 119816K, reserved 1153024K
  class space    used 14386K, capacity 15708K, committed 15820K, reserved 1048576K
}
Event: 2340.857 GC heap after
{Heap after GC invocations=151 (full 0):
 garbage-first heap   total 157696K, used 107074K [0x00000000a0000000, 0x0000000100000000)
  region size 1024K, 1 young (1024K), 1 survivors (1024K)
 Metaspace       used 115858K, capacity 119565K, committed 119816K, reserved 1153024K
  class space    used 14386K, capacity 15708K, committed 15820K, reserved 1048576K
}
Event: 2912.148 GC heap before
{Heap before GC invocations=152 (full 0):
 garbage-first heap   total 157696K, used 149058K [0x00000000a0000000, 0x0000000100000000)
  region size 1024K, 21 young (21504K), 1 survivors (1024K)
 Metaspace       used 115890K, capacity 119565K, committed 119816K, reserved 1153024K
  class space    used 14386K, capacity 15708K, committed 15820K, reserved 1048576K
}
Event: 2912.158 GC heap after
{Heap after GC invocations=153 (full 0):
 garbage-first heap   total 157696K, used 106992K [0x00000000a0000000, 0x0000000100000000)
  region size 1024K, 1 young (1024K), 1 survivors (1024K)
 Metaspace       used 115890K, capacity 119565K, committed 119816K, reserved 1153024K
  class space    used 14386K, capacity 15708K, committed 15820K, reserved 1048576K
}
Event: 3187.150 GC heap before
{Heap before GC invocations=153 (full 0):
 garbage-first heap   total 157696K, used 113136K [0x00000000a0000000, 0x0000000100000000)
  region size 1024K, 7 young (7168K), 1 survivors (1024K)
 Metaspace       used 115890K, capacity 119565K, committed 119816K, reserved 1153024K
  class space    used 14386K, capacity 15708K, committed 15820K, reserved 1048576K
}
Event: 3187.177 GC heap after
{Heap after GC invocations=154 (full 0):
 garbage-first heap   total 157696K, used 90947K [0x00000000a0000000, 0x0000000100000000)
  region size 1024K, 1 young (1024K), 1 survivors (1024K)
 Metaspace       used 115890K, capacity 119565K, committed 119816K, reserved 1153024K
  class space    used 14386K, capacity 15708K, committed 15820K, reserved 1048576K
}
Event: 4574.306 GC heap before
{Heap before GC invocations=154 (full 0):
 garbage-first heap   total 157696K, used 120643K [0x00000000a0000000, 0x0000000100000000)
  region size 1024K, 30 young (30720K), 1 survivors (1024K)
 Metaspace       used 115901K, capacity 119565K, committed 119816K, reserved 1153024K
  class space    used 14386K, capacity 15708K, committed 15820K, reserved 1048576K
}
Event: 4574.315 GC heap after
{Heap after GC invocations=155 (full 0):
 garbage-first heap   total 157696K, used 90923K [0x00000000a0000000, 0x0000000100000000)
  region size 1024K, 1 young (1024K), 1 survivors (1024K)
 Metaspace       used 115901K, capacity 119565K, committed 119816K, reserved 1153024K
  class space    used 14386K, capacity 15708K, committed 15820K, reserved 1048576K
}
Event: 6059.295 GC heap before
{Heap before GC invocations=156 (full 0):
 garbage-first heap   total 157696K, used 122667K [0x00000000a0000000, 0x0000000100000000)
  region size 1024K, 32 young (32768K), 1 survivors (1024K)
 Metaspace       used 115244K, capacity 118537K, committed 119816K, reserved 1153024K
  class space    used 14266K, capacity 15495K, committed 15820K, reserved 1048576K
}
Event: 6059.303 GC heap after
{Heap after GC invocations=157 (full 0):
 garbage-first heap   total 157696K, used 90903K [0x00000000a0000000, 0x0000000100000000)
  region size 1024K, 1 young (1024K), 1 survivors (1024K)
 Metaspace       used 115244K, capacity 118537K, committed 119816K, reserved 1153024K
  class space    used 14266K, capacity 15495K, committed 15820K, reserved 1048576K
}
Event: 6344.597 GC heap before
{Heap before GC invocations=157 (full 0):
 garbage-first heap   total 157696K, used 97047K [0x00000000a0000000, 0x0000000100000000)
  region size 1024K, 7 young (7168K), 1 survivors (1024K)
 Metaspace       used 115244K, capacity 118537K, committed 119816K, reserved 1153024K
  class space    used 14266K, capacity 15495K, committed 15820K, reserved 1048576K
}
Event: 6344.631 GC heap after
{Heap after GC invocations=158 (full 0):
 garbage-first heap   total 157696K, used 88243K [0x00000000a0000000, 0x0000000100000000)
  region size 1024K, 1 young (1024K), 1 survivors (1024K)
 Metaspace       used 115244K, capacity 118537K, committed 119816K, reserved 1153024K
  class space    used 14266K, capacity 15495K, committed 15820K, reserved 1048576K
}

