# JRE version: OpenJDK Runtime Environment (11.0.10) (build 11.0.10+0-b96-7249189)
# Java VM: OpenJDK 64-Bit Server VM (11.0.10+0-b96-7249189, mixed mode, tiered, compressed oops, g1 gc, windows-amd64)
Heap:
 garbage-first heap   total 189440K, used 111167K [0x00000000a0000000, 0x0000000100000000)
  region size 1024K, 9 young (9216K), 1 survivors (1024K)
 Metaspace       used 110582K, capacity 112937K, committed 113228K, reserved 1148928K
  class space    used 13648K, capacity 14388K, committed 14464K, reserved 1048576K
GC Heap History (20 events):
Event: 6642.600 GC heap before
{Heap before GC invocations=82 (full 0):
 garbage-first heap   total 131072K, used 112581K [0x00000000a0000000, 0x0000000100000000)
  region size 1024K, 6 young (6144K), 1 survivors (1024K)
 Metaspace       used 101850K, capacity 103903K, committed 104012K, reserved 1140736K
  class space    used 12443K, capacity 13090K, committed 13184K, reserved 1048576K
}
Event: 6642.613 GC heap after
{Heap after GC invocations=83 (full 0):
 garbage-first heap   total 157696K, used 108878K [0x00000000a0000000, 0x0000000100000000)
  region size 1024K, 1 young (1024K), 1 survivors (1024K)
 Metaspace       used 101850K, capacity 103903K, committed 104012K, reserved 1140736K
  class space    used 12443K, capacity 13090K, committed 13184K, reserved 1048576K
}
Event: 6642.849 GC heap before
{Heap before GC invocations=83 (full 0):
 garbage-first heap   total 157696K, used 115022K [0x00000000a0000000, 0x0000000100000000)
  region size 1024K, 7 young (7168K), 1 survivors (1024K)
 Metaspace       used 102448K, capacity 104536K, committed 104908K, reserved 1140736K
  class space    used 12511K, capacity 13174K, committed 13312K, reserved 1048576K
}
Event: 6642.859 GC heap after
{Heap after GC invocations=84 (full 0):
 garbage-first heap   total 157696K, used 109506K [0x00000000a0000000, 0x0000000100000000)
  region size 1024K, 1 young (1024K), 1 survivors (1024K)
 Metaspace       used 102448K, capacity 104536K, committed 104908K, reserved 1140736K
  class space    used 12511K, capacity 13174K, committed 13312K, reserved 1048576K
}
Event: 6643.390 GC heap before
{Heap before GC invocations=84 (full 0):
 garbage-first heap   total 157696K, used 122818K [0x00000000a0000000, 0x0000000100000000)
  region size 1024K, 14 young (14336K), 1 survivors (1024K)
 Metaspace       used 102774K, capacity 104887K, committed 105164K, reserved 1140736K
  class space    used 12520K, capacity 13180K, committed 13312K, reserved 1048576K
}
Event: 6643.400 GC heap after
{Heap after GC invocations=85 (full 0):
 garbage-first heap   total 157696K, used 110782K [0x00000000a0000000, 0x0000000100000000)
  region size 1024K, 2 young (2048K), 2 survivors (2048K)
 Metaspace       used 102774K, capacity 104887K, committed 105164K, reserved 1140736K
  class space    used 12520K, capacity 13180K, committed 13312K, reserved 1048576K
}
Event: 6644.643 GC heap before
{Heap before GC invocations=86 (full 0):
 garbage-first heap   total 157696K, used 124094K [0x00000000a0000000, 0x0000000100000000)
  region size 1024K, 16 young (16384K), 2 survivors (2048K)
 Metaspace       used 103231K, capacity 105394K, committed 105676K, reserved 1142784K
  class space    used 12551K, capacity 13256K, committed 13312K, reserved 1048576K
}
Event: 6644.658 GC heap after
{Heap after GC invocations=87 (full 0):
 garbage-first heap   total 157696K, used 111770K [0x00000000a0000000, 0x0000000100000000)
  region size 1024K, 2 young (2048K), 2 survivors (2048K)
 Metaspace       used 103231K, capacity 105394K, committed 105676K, reserved 1142784K
  class space    used 12551K, capacity 13256K, committed 13312K, reserved 1048576K
}
Event: 6645.018 GC heap before
{Heap before GC invocations=87 (full 0):
 garbage-first heap   total 157696K, used 125082K [0x00000000a0000000, 0x0000000100000000)
  region size 1024K, 16 young (16384K), 2 survivors (2048K)
 Metaspace       used 103248K, capacity 105394K, committed 105676K, reserved 1142784K
  class space    used 12553K, capacity 13256K, committed 13312K, reserved 1048576K
}
Event: 6645.031 GC heap after
{Heap after GC invocations=88 (full 0):
 garbage-first heap   total 157696K, used 112916K [0x00000000a0000000, 0x0000000100000000)
  region size 1024K, 2 young (2048K), 2 survivors (2048K)
 Metaspace       used 103248K, capacity 105394K, committed 105676K, reserved 1142784K
  class space    used 12553K, capacity 13256K, committed 13312K, reserved 1048576K
}
Event: 6645.812 GC heap before
{Heap before GC invocations=89 (full 0):
 garbage-first heap   total 157696K, used 126228K [0x00000000a0000000, 0x0000000100000000)
  region size 1024K, 17 young (17408K), 2 survivors (2048K)
 Metaspace       used 103269K, capacity 105458K, committed 105676K, reserved 1142784K
  class space    used 12554K, capacity 13256K, committed 13312K, reserved 1048576K
}
Event: 6645.829 GC heap after
{Heap after GC invocations=90 (full 0):
 garbage-first heap   total 157696K, used 113096K [0x00000000a0000000, 0x0000000100000000)
  region size 1024K, 3 young (3072K), 3 survivors (3072K)
 Metaspace       used 103269K, capacity 105458K, committed 105676K, reserved 1142784K
  class space    used 12554K, capacity 13256K, committed 13312K, reserved 1048576K
}
Event: 6645.955 GC heap before
{Heap before GC invocations=90 (full 0):
 garbage-first heap   total 157696K, used 117192K [0x00000000a0000000, 0x0000000100000000)
  region size 1024K, 7 young (7168K), 3 survivors (3072K)
 Metaspace       used 103269K, capacity 105458K, committed 105676K, reserved 1142784K
  class space    used 12554K, capacity 13256K, committed 13312K, reserved 1048576K
}
Event: 6645.978 GC heap after
{Heap after GC invocations=91 (full 0):
 garbage-first heap   total 157696K, used 108284K [0x00000000a0000000, 0x0000000100000000)
  region size 1024K, 1 young (1024K), 1 survivors (1024K)
 Metaspace       used 103269K, capacity 105458K, committed 105676K, reserved 1142784K
  class space    used 12554K, capacity 13256K, committed 13312K, reserved 1048576K
}
Event: 6646.440 GC heap before
{Heap before GC invocations=91 (full 0):
 garbage-first heap   total 157696K, used 124668K [0x00000000a0000000, 0x0000000100000000)
  region size 1024K, 18 young (18432K), 1 survivors (1024K)
 Metaspace       used 103275K, capacity 105458K, committed 105676K, reserved 1142784K
  class space    used 12554K, capacity 13256K, committed 13312K, reserved 1048576K
}
Event: 6646.454 GC heap after
{Heap after GC invocations=92 (full 0):
 garbage-first heap   total 189440K, used 109405K [0x00000000a0000000, 0x0000000100000000)
  region size 1024K, 2 young (2048K), 2 survivors (2048K)
 Metaspace       used 103275K, capacity 105458K, committed 105676K, reserved 1142784K
  class space    used 12554K, capacity 13256K, committed 13312K, reserved 1048576K
}
Event: 6648.178 GC heap before
{Heap before GC invocations=93 (full 0):
 garbage-first heap   total 189440K, used 139101K [0x00000000a0000000, 0x0000000100000000)
  region size 1024K, 32 young (32768K), 2 survivors (2048K)
 Metaspace       used 108980K, capacity 111278K, committed 111436K, reserved 1146880K
  class space    used 13416K, capacity 14117K, committed 14208K, reserved 1048576K
}
Event: 6648.194 GC heap after
{Heap after GC invocations=94 (full 0):
 garbage-first heap   total 189440K, used 110840K [0x00000000a0000000, 0x0000000100000000)
  region size 1024K, 3 young (3072K), 3 survivors (3072K)
 Metaspace       used 108980K, capacity 111278K, committed 111436K, reserved 1146880K
  class space    used 13416K, capacity 14117K, committed 14208K, reserved 1048576K
}
Event: 6648.538 GC heap before
{Heap before GC invocations=94 (full 0):
 garbage-first heap   total 189440K, used 115960K [0x00000000a0000000, 0x0000000100000000)
  region size 1024K, 9 young (9216K), 3 survivors (3072K)
 Metaspace       used 109692K, capacity 112026K, committed 112332K, reserved 1146880K
  class space    used 13527K, capacity 14256K, committed 14336K, reserved 1048576K
}
Event: 6648.550 GC heap after
{Heap after GC invocations=95 (full 0):
 garbage-first heap   total 189440K, used 105023K [0x00000000a0000000, 0x0000000100000000)
  region size 1024K, 1 young (1024K), 1 survivors (1024K)
 Metaspace       used 109692K, capacity 112026K, committed 112332K, reserved 1146880K
  class space    used 13527K, capacity 14256K, committed 14336K, reserved 1048576K
}

