# JRE version: OpenJDK Runtime Environment (8.0_202-b03) (build 1.8.0_202-release-1483-b03)
# Java VM: OpenJDK 64-Bit Server VM (25.202-b03 mixed mode windows-amd64 compressed oops)
Heap:
 PSYoungGen      total 366592K, used 195540K [0x00000000e0000000, 0x00000000fd080000, 0x0000000100000000)
  eden space 327680K, 56% used [0x00000000e0000000,0x00000000eb62bd38,0x00000000f4000000)
  from space 38912K, 23% used [0x00000000f4000000,0x00000000f48c93c0,0x00000000f6600000)
  to   space 37888K, 0% used [0x00000000fab80000,0x00000000fab80000,0x00000000fd080000)
 ParOldGen       total 229376K, used 98158K [0x00000000a0000000, 0x00000000ae000000, 0x00000000e0000000)
  object space 229376K, 42% used [0x00000000a0000000,0x00000000a5fdb948,0x00000000ae000000)
 Metaspace       used 85983K, capacity 89753K, committed 90112K, reserved 1128448K
  class space    used 11203K, capacity 11916K, committed 12032K, reserved 1048576K
GC Heap History (10 events):
Event: 1347.419 GC heap before
{Heap before GC invocations=25 (full 3):
 PSYoungGen      total 241664K, used 221725K [0x00000000e0000000, 0x00000000f4500000, 0x0000000100000000)
  eden space 200704K, 100% used [0x00000000e0000000,0x00000000ec400000,0x00000000ec400000)
  from space 40960K, 51% used [0x00000000ec400000,0x00000000ed8874c0,0x00000000eec00000)
  to   space 39424K, 0% used [0x00000000f1e80000,0x00000000f1e80000,0x00000000f4500000)
 ParOldGen       total 139776K, used 98449K [0x00000000a0000000, 0x00000000a8880000, 0x00000000e0000000)
  object space 139776K, 70% used [0x00000000a0000000,0x00000000a6024798,0x00000000a8880000)
 Metaspace       used 86001K, capacity 89951K, committed 90112K, reserved 1128448K
  class space    used 11233K, capacity 11973K, committed 12032K, reserved 1048576K
Event: 1347.491 GC heap after
Heap after GC invocations=25 (full 3):
 PSYoungGen      total 294400K, used 21593K [0x00000000e0000000, 0x00000000f4500000, 0x0000000100000000)
  eden space 254976K, 0% used [0x00000000e0000000,0x00000000e0000000,0x00000000ef900000)
  from space 39424K, 54% used [0x00000000f1e80000,0x00000000f33965e8,0x00000000f4500000)
  to   space 38400K, 0% used [0x00000000ef900000,0x00000000ef900000,0x00000000f1e80000)
 ParOldGen       total 139776K, used 108526K [0x00000000a0000000, 0x00000000a8880000, 0x00000000e0000000)
  object space 139776K, 77% used [0x00000000a0000000,0x00000000a69fbad0,0x00000000a8880000)
 Metaspace       used 86001K, capacity 89951K, committed 90112K, reserved 1128448K
  class space    used 11233K, capacity 11973K, committed 12032K, reserved 1048576K
}
Event: 1350.322 GC heap before
{Heap before GC invocations=26 (full 3):
 PSYoungGen      total 294400K, used 276569K [0x00000000e0000000, 0x00000000f4500000, 0x0000000100000000)
  eden space 254976K, 100% used [0x00000000e0000000,0x00000000ef900000,0x00000000ef900000)
  from space 39424K, 54% used [0x00000000f1e80000,0x00000000f33965e8,0x00000000f4500000)
  to   space 38400K, 0% used [0x00000000ef900000,0x00000000ef900000,0x00000000f1e80000)
 ParOldGen       total 139776K, used 108526K [0x00000000a0000000, 0x00000000a8880000, 0x00000000e0000000)
  object space 139776K, 77% used [0x00000000a0000000,0x00000000a69fbad0,0x00000000a8880000)
 Metaspace       used 86059K, capacity 90033K, committed 90112K, reserved 1128448K
  class space    used 11236K, capacity 11976K, committed 12032K, reserved 1048576K
Event: 1350.420 GC heap after
Heap after GC invocations=26 (full 3):
 PSYoungGen      total 293376K, used 3072K [0x00000000e0000000, 0x00000000f8c80000, 0x0000000100000000)
  eden space 254976K, 0% used [0x00000000e0000000,0x00000000e0000000,0x00000000ef900000)
  from space 38400K, 8% used [0x00000000ef900000,0x00000000efc00000,0x00000000f1e80000)
  to   space 39424K, 0% used [0x00000000f6600000,0x00000000f6600000,0x00000000f8c80000)
 ParOldGen       total 139776K, used 127584K [0x00000000a0000000, 0x00000000a8880000, 0x00000000e0000000)
  object space 139776K, 91% used [0x00000000a0000000,0x00000000a7c98390,0x00000000a8880000)
 Metaspace       used 86059K, capacity 90033K, committed 90112K, reserved 1128448K
  class space    used 11236K, capacity 11976K, committed 12032K, reserved 1048576K
}
Event: 1350.420 GC heap before
{Heap before GC invocations=27 (full 4):
 PSYoungGen      total 293376K, used 3072K [0x00000000e0000000, 0x00000000f8c80000, 0x0000000100000000)
  eden space 254976K, 0% used [0x00000000e0000000,0x00000000e0000000,0x00000000ef900000)
  from space 38400K, 8% used [0x00000000ef900000,0x00000000efc00000,0x00000000f1e80000)
  to   space 39424K, 0% used [0x00000000f6600000,0x00000000f6600000,0x00000000f8c80000)
 ParOldGen       total 139776K, used 127584K [0x00000000a0000000, 0x00000000a8880000, 0x00000000e0000000)
  object space 139776K, 91% used [0x00000000a0000000,0x00000000a7c98390,0x00000000a8880000)
 Metaspace       used 86059K, capacity 90033K, committed 90112K, reserved 1128448K
  class space    used 11236K, capacity 11976K, committed 12032K, reserved 1048576K
Event: 1351.331 GC heap after
Heap after GC invocations=27 (full 4):
 PSYoungGen      total 293376K, used 0K [0x00000000e0000000, 0x00000000f8c80000, 0x0000000100000000)
  eden space 254976K, 0% used [0x00000000e0000000,0x00000000e0000000,0x00000000ef900000)
  from space 38400K, 0% used [0x00000000ef900000,0x00000000ef900000,0x00000000f1e80000)
  to   space 39424K, 0% used [0x00000000f6600000,0x00000000f6600000,0x00000000f8c80000)
 ParOldGen       total 229376K, used 92606K [0x00000000a0000000, 0x00000000ae000000, 0x00000000e0000000)
  object space 229376K, 40% used [0x00000000a0000000,0x00000000a5a6f948,0x00000000ae000000)
 Metaspace       used 85949K, capacity 89735K, committed 90112K, reserved 1128448K
  class space    used 11200K, capacity 11911K, committed 12032K, reserved 1048576K
}
Event: 1352.972 GC heap before
{Heap before GC invocations=28 (full 4):
 PSYoungGen      total 293376K, used 254976K [0x00000000e0000000, 0x00000000f8c80000, 0x0000000100000000)
  eden space 254976K, 100% used [0x00000000e0000000,0x00000000ef900000,0x00000000ef900000)
  from space 38400K, 0% used [0x00000000ef900000,0x00000000ef900000,0x00000000f1e80000)
  to   space 39424K, 0% used [0x00000000f6600000,0x00000000f6600000,0x00000000f8c80000)
 ParOldGen       total 229376K, used 92606K [0x00000000a0000000, 0x00000000ae000000, 0x00000000e0000000)
  object space 229376K, 40% used [0x00000000a0000000,0x00000000a5a6f948,0x00000000ae000000)
 Metaspace       used 85952K, capacity 89735K, committed 90112K, reserved 1128448K
  class space    used 11200K, capacity 11911K, committed 12032K, reserved 1048576K
Event: 1353.003 GC heap after
Heap after GC invocations=28 (full 4):
 PSYoungGen      total 367104K, used 6016K [0x00000000e0000000, 0x00000000f8e00000, 0x0000000100000000)
  eden space 327680K, 0% used [0x00000000e0000000,0x00000000e0000000,0x00000000f4000000)
  from space 39424K, 15% used [0x00000000f6600000,0x00000000f6be0000,0x00000000f8c80000)
  to   space 38912K, 0% used [0x00000000f4000000,0x00000000f4000000,0x00000000f6600000)
 ParOldGen       total 229376K, used 92606K [0x00000000a0000000, 0x00000000ae000000, 0x00000000e0000000)
  object space 229376K, 40% used [0x00000000a0000000,0x00000000a5a6f948,0x00000000ae000000)
 Metaspace       used 85952K, capacity 89735K, committed 90112K, reserved 1128448K
  class space    used 11200K, capacity 11911K, committed 12032K, reserved 1048576K
}
Event: 1354.764 GC heap before
{Heap before GC invocations=29 (full 4):
 PSYoungGen      total 367104K, used 333696K [0x00000000e0000000, 0x00000000f8e00000, 0x0000000100000000)
  eden space 327680K, 100% used [0x00000000e0000000,0x00000000f4000000,0x00000000f4000000)
  from space 39424K, 15% used [0x00000000f6600000,0x00000000f6be0000,0x00000000f8c80000)
  to   space 38912K, 0% used [0x00000000f4000000,0x00000000f4000000,0x00000000f6600000)
 ParOldGen       total 229376K, used 92606K [0x00000000a0000000, 0x00000000ae000000, 0x00000000e0000000)
  object space 229376K, 40% used [0x00000000a0000000,0x00000000a5a6f948,0x00000000ae000000)
 Metaspace       used 85972K, capacity 89753K, committed 90112K, reserved 1128448K
  class space    used 11203K, capacity 11916K, committed 12032K, reserved 1048576K
Event: 1354.813 GC heap after
Heap after GC invocations=29 (full 4):
 PSYoungGen      total 366592K, used 8996K [0x00000000e0000000, 0x00000000fd080000, 0x0000000100000000)
  eden space 327680K, 0% used [0x00000000e0000000,0x00000000e0000000,0x00000000f4000000)
  from space 38912K, 23% used [0x00000000f4000000,0x00000000f48c93c0,0x00000000f6600000)
  to   space 37888K, 0% used [0x00000000fab80000,0x00000000fab80000,0x00000000fd080000)
 ParOldGen       total 229376K, used 98158K [0x00000000a0000000, 0x00000000ae000000, 0x00000000e0000000)
  object space 229376K, 42% used [0x00000000a0000000,0x00000000a5fdb948,0x00000000ae000000)
 Metaspace       used 85972K, capacity 89753K, committed 90112K, reserved 1128448K
  class space    used 11203K, capacity 11916K, committed 12032K, reserved 1048576K
}

