# JRE version: OpenJDK Runtime Environment (11.0.10) (build 11.0.10+0-b96-7249189)
# Java VM: OpenJDK 64-Bit Server VM (11.0.10+0-b96-7249189, mixed mode, tiered, compressed oops, g1 gc, windows-amd64)
Heap:
 garbage-first heap   total 187392K, used 87620K [0x00000000a0000000, 0x0000000100000000)
  region size 1024K, 34 young (34816K), 8 survivors (8192K)
 Metaspace       used 76779K, capacity 78704K, committed 78924K, reserved 1118208K
  class space    used 10016K, capacity 10716K, committed 10828K, reserved 1048576K
GC Heap History (20 events):
Event: 7.344 GC heap before
{Heap before GC invocations=7 (full 0):
 garbage-first heap   total 129024K, used 74259K [0x00000000a0000000, 0x0000000100000000)
  region size 1024K, 57 young (58368K), 3 survivors (3072K)
 Metaspace       used 33840K, capacity 34626K, committed 34944K, reserved 1079296K
  class space    used 4395K, capacity 4672K, committed 4736K, reserved 1048576K
}
Event: 7.355 GC heap after
{Heap after GC invocations=8 (full 0):
 garbage-first heap   total 129024K, used 21742K [0x00000000a0000000, 0x0000000100000000)
  region size 1024K, 6 young (6144K), 6 survivors (6144K)
 Metaspace       used 33840K, capacity 34626K, committed 34944K, reserved 1079296K
  class space    used 4395K, capacity 4672K, committed 4736K, reserved 1048576K
}
Event: 7.542 GC heap before
{Heap before GC invocations=8 (full 0):
 garbage-first heap   total 129024K, used 27886K [0x00000000a0000000, 0x0000000100000000)
  region size 1024K, 13 young (13312K), 6 survivors (6144K)
 Metaspace       used 35059K, capacity 35838K, committed 35840K, reserved 1081344K
  class space    used 4539K, capacity 4864K, committed 4864K, reserved 1048576K
}
Event: 7.555 GC heap after
{Heap after GC invocations=9 (full 0):
 garbage-first heap   total 129024K, used 22396K [0x00000000a0000000, 0x0000000100000000)
  region size 1024K, 4 young (4096K), 4 survivors (4096K)
 Metaspace       used 35059K, capacity 35838K, committed 35840K, reserved 1081344K
  class space    used 4539K, capacity 4864K, committed 4864K, reserved 1048576K
}
Event: 8.774 GC heap before
{Heap before GC invocations=10 (full 0):
 garbage-first heap   total 129024K, used 80764K [0x00000000a0000000, 0x0000000100000000)
  region size 1024K, 58 young (59392K), 4 survivors (4096K)
 Metaspace       used 39613K, capacity 40543K, committed 40780K, reserved 1085440K
  class space    used 5094K, capacity 5440K, committed 5452K, reserved 1048576K
}
Event: 8.795 GC heap after
{Heap after GC invocations=11 (full 0):
 garbage-first heap   total 129024K, used 26236K [0x00000000a0000000, 0x0000000100000000)
  region size 1024K, 8 young (8192K), 8 survivors (8192K)
 Metaspace       used 39613K, capacity 40543K, committed 40780K, reserved 1085440K
  class space    used 5094K, capacity 5440K, committed 5452K, reserved 1048576K
}
Event: 9.811 GC heap before
{Heap before GC invocations=12 (full 0):
 garbage-first heap   total 129024K, used 82556K [0x00000000a0000000, 0x0000000100000000)
  region size 1024K, 63 young (64512K), 8 survivors (8192K)
 Metaspace       used 44063K, capacity 45151K, committed 45260K, reserved 1089536K
  class space    used 5650K, capacity 5997K, committed 6092K, reserved 1048576K
}
Event: 9.831 GC heap after
{Heap after GC invocations=13 (full 0):
 garbage-first heap   total 155648K, used 28540K [0x00000000a0000000, 0x0000000100000000)
  region size 1024K, 7 young (7168K), 7 survivors (7168K)
 Metaspace       used 44063K, capacity 45151K, committed 45260K, reserved 1089536K
  class space    used 5650K, capacity 5997K, committed 6092K, reserved 1048576K
}
Event: 12.294 GC heap before
{Heap before GC invocations=13 (full 0):
 garbage-first heap   total 155648K, used 117628K [0x00000000a0000000, 0x0000000100000000)
  region size 1024K, 91 young (93184K), 7 survivors (7168K)
 Metaspace       used 49694K, capacity 51118K, committed 51404K, reserved 1093632K
  class space    used 6325K, capacity 6819K, committed 6860K, reserved 1048576K
}
Event: 12.320 GC heap after
{Heap after GC invocations=14 (full 0):
 garbage-first heap   total 155648K, used 41790K [0x00000000a0000000, 0x0000000100000000)
  region size 1024K, 12 young (12288K), 12 survivors (12288K)
 Metaspace       used 49694K, capacity 51118K, committed 51404K, reserved 1093632K
  class space    used 6325K, capacity 6819K, committed 6860K, reserved 1048576K
}
Event: 15.051 GC heap before
{Heap before GC invocations=14 (full 0):
 garbage-first heap   total 155648K, used 110398K [0x00000000a0000000, 0x0000000100000000)
  region size 1024K, 80 young (81920K), 12 survivors (12288K)
 Metaspace       used 59396K, capacity 60954K, committed 61132K, reserved 1101824K
  class space    used 7500K, capacity 8088K, committed 8140K, reserved 1048576K
}
Event: 15.081 GC heap after
{Heap after GC invocations=15 (full 0):
 garbage-first heap   total 155648K, used 47288K [0x00000000a0000000, 0x0000000100000000)
  region size 1024K, 5 young (5120K), 5 survivors (5120K)
 Metaspace       used 59396K, capacity 60954K, committed 61132K, reserved 1101824K
  class space    used 7500K, capacity 8088K, committed 8140K, reserved 1048576K
}
Event: 17.168 GC heap before
{Heap before GC invocations=15 (full 0):
 garbage-first heap   total 155648K, used 115896K [0x00000000a0000000, 0x0000000100000000)
  region size 1024K, 71 young (72704K), 5 survivors (5120K)
 Metaspace       used 63501K, capacity 65245K, committed 65356K, reserved 1105920K
  class space    used 8057K, capacity 8671K, committed 8780K, reserved 1048576K
}
Event: 17.187 GC heap after
{Heap after GC invocations=16 (full 0):
 garbage-first heap   total 155648K, used 52970K [0x00000000a0000000, 0x0000000100000000)
  region size 1024K, 9 young (9216K), 9 survivors (9216K)
 Metaspace       used 63501K, capacity 65245K, committed 65356K, reserved 1105920K
  class space    used 8057K, capacity 8671K, committed 8780K, reserved 1048576K
}
Event: 18.039 GC heap before
{Heap before GC invocations=16 (full 0):
 garbage-first heap   total 155648K, used 79594K [0x00000000a0000000, 0x0000000100000000)
  region size 1024K, 36 young (36864K), 9 survivors (9216K)
 Metaspace       used 66439K, capacity 68107K, committed 68180K, reserved 1107968K
  class space    used 8529K, capacity 9133K, committed 9164K, reserved 1048576K
}
Event: 18.071 GC heap after
{Heap after GC invocations=17 (full 0):
 garbage-first heap   total 155648K, used 55710K [0x00000000a0000000, 0x0000000100000000)
  region size 1024K, 3 young (3072K), 3 survivors (3072K)
 Metaspace       used 66439K, capacity 68107K, committed 68180K, reserved 1107968K
  class space    used 8529K, capacity 9133K, committed 9164K, reserved 1048576K
}
Event: 19.008 GC heap before
{Heap before GC invocations=18 (full 0):
 garbage-first heap   total 155648K, used 103838K [0x00000000a0000000, 0x0000000100000000)
  region size 1024K, 50 young (51200K), 3 survivors (3072K)
 Metaspace       used 69044K, capacity 70774K, committed 71116K, reserved 1110016K
  class space    used 8935K, capacity 9547K, committed 9676K, reserved 1048576K
}
Event: 19.023 GC heap after
{Heap after GC invocations=19 (full 0):
 garbage-first heap   total 187392K, used 58246K [0x00000000a0000000, 0x0000000100000000)
  region size 1024K, 5 young (5120K), 5 survivors (5120K)
 Metaspace       used 69044K, capacity 70774K, committed 71116K, reserved 1110016K
  class space    used 8935K, capacity 9547K, committed 9676K, reserved 1048576K
}
Event: 20.580 GC heap before
{Heap before GC invocations=20 (full 0):
 garbage-first heap   total 187392K, used 122758K [0x00000000a0000000, 0x0000000100000000)
  region size 1024K, 68 young (69632K), 5 survivors (5120K)
 Metaspace       used 75140K, capacity 77027K, committed 77388K, reserved 1116160K
  class space    used 9807K, capacity 10461K, committed 10572K, reserved 1048576K
}
Event: 20.598 GC heap after
{Heap after GC invocations=21 (full 0):
 garbage-first heap   total 187392K, used 62020K [0x00000000a0000000, 0x0000000100000000)
  region size 1024K, 8 young (8192K), 8 survivors (8192K)
 Metaspace       used 75140K, capacity 77027K, committed 77388K, reserved 1116160K
  class space    used 9807K, capacity 10461K, committed 10572K, reserved 1048576K
}

