# JRE version: OpenJDK Runtime Environment (11.0.10) (build 11.0.10+0-b96-7249189)
# Java VM: OpenJDK 64-Bit Server VM (11.0.10+0-b96-7249189, mixed mode, tiered, compressed oops, g1 gc, windows-amd64)
Heap:
 garbage-first heap   total 187392K, used 103732K [0x00000000a0000000, 0x0000000100000000)
  region size 1024K, 9 young (9216K), 3 survivors (3072K)
 Metaspace       used 90499K, capacity 92900K, committed 93052K, reserved 1130496K
  class space    used 11584K, capacity 12460K, committed 12544K, reserved 1048576K
GC Heap History (20 events):
Event: 13.967 GC heap before
{Heap before GC invocations=12 (full 0):
 garbage-first heap   total 155648K, used 108945K [0x00000000a0000000, 0x0000000100000000)
  region size 1024K, 66 young (67584K), 4 survivors (4096K)
 Metaspace       used 63223K, capacity 64926K, committed 65148K, reserved 1105920K
  class space    used 8027K, capacity 8654K, committed 8704K, reserved 1048576K
}
Event: 13.990 GC heap after
{Heap after GC invocations=13 (full 0):
 garbage-first heap   total 155648K, used 50155K [0x00000000a0000000, 0x0000000100000000)
  region size 1024K, 8 young (8192K), 8 survivors (8192K)
 Metaspace       used 63223K, capacity 64926K, committed 65148K, reserved 1105920K
  class space    used 8027K, capacity 8654K, committed 8704K, reserved 1048576K
}
Event: 15.467 GC heap before
{Heap before GC invocations=14 (full 0):
 garbage-first heap   total 155648K, used 113643K [0x00000000a0000000, 0x0000000100000000)
  region size 1024K, 70 young (71680K), 8 survivors (8192K)
 Metaspace       used 68496K, capacity 70253K, committed 70268K, reserved 1110016K
  class space    used 8857K, capacity 9460K, committed 9472K, reserved 1048576K
}
Event: 15.488 GC heap after
{Heap after GC invocations=15 (full 0):
 garbage-first heap   total 155648K, used 54693K [0x00000000a0000000, 0x0000000100000000)
  region size 1024K, 5 young (5120K), 5 survivors (5120K)
 Metaspace       used 68496K, capacity 70253K, committed 70268K, reserved 1110016K
  class space    used 8857K, capacity 9460K, committed 9472K, reserved 1048576K
}
Event: 16.326 GC heap before
{Heap before GC invocations=15 (full 0):
 garbage-first heap   total 155648K, used 117157K [0x00000000a0000000, 0x0000000100000000)
  region size 1024K, 66 young (67584K), 5 survivors (5120K)
 Metaspace       used 71361K, capacity 73138K, committed 73340K, reserved 1112064K
  class space    used 9277K, capacity 9951K, committed 9984K, reserved 1048576K
}
Event: 16.341 GC heap after
{Heap after GC invocations=16 (full 0):
 garbage-first heap   total 155648K, used 58106K [0x00000000a0000000, 0x0000000100000000)
  region size 1024K, 8 young (8192K), 8 survivors (8192K)
 Metaspace       used 71361K, capacity 73138K, committed 73340K, reserved 1112064K
  class space    used 9277K, capacity 9951K, committed 9984K, reserved 1048576K
}
Event: 17.705 GC heap before
{Heap before GC invocations=16 (full 0):
 garbage-first heap   total 155648K, used 119546K [0x00000000a0000000, 0x0000000100000000)
  region size 1024K, 68 young (69632K), 8 survivors (8192K)
 Metaspace       used 77179K, capacity 79239K, committed 79356K, reserved 1118208K
  class space    used 10098K, capacity 10804K, committed 10880K, reserved 1048576K
}
Event: 17.726 GC heap after
{Heap after GC invocations=17 (full 0):
 garbage-first heap   total 155648K, used 62765K [0x00000000a0000000, 0x0000000100000000)
  region size 1024K, 9 young (9216K), 9 survivors (9216K)
 Metaspace       used 77179K, capacity 79239K, committed 79356K, reserved 1118208K
  class space    used 10098K, capacity 10804K, committed 10880K, reserved 1048576K
}
Event: 19.260 GC heap before
{Heap before GC invocations=17 (full 0):
 garbage-first heap   total 155648K, used 121133K [0x00000000a0000000, 0x0000000100000000)
  region size 1024K, 67 young (68608K), 9 survivors (9216K)
 Metaspace       used 79154K, capacity 81319K, committed 81404K, reserved 1120256K
  class space    used 10352K, capacity 11109K, committed 11136K, reserved 1048576K
}
Event: 19.285 GC heap after
{Heap after GC invocations=18 (full 0):
 garbage-first heap   total 187392K, used 67133K [0x00000000a0000000, 0x0000000100000000)
  region size 1024K, 9 young (9216K), 9 survivors (9216K)
 Metaspace       used 79154K, capacity 81319K, committed 81404K, reserved 1120256K
  class space    used 10352K, capacity 11109K, committed 11136K, reserved 1048576K
}
Event: 20.540 GC heap before
{Heap before GC invocations=18 (full 0):
 garbage-first heap   total 187392K, used 137789K [0x00000000a0000000, 0x0000000100000000)
  region size 1024K, 79 young (80896K), 9 survivors (9216K)
 Metaspace       used 79752K, capacity 81899K, committed 82044K, reserved 1120256K
  class space    used 10393K, capacity 11198K, committed 11264K, reserved 1048576K
}
Event: 20.561 GC heap after
{Heap after GC invocations=19 (full 0):
 garbage-first heap   total 187392K, used 72477K [0x00000000a0000000, 0x0000000100000000)
  region size 1024K, 10 young (10240K), 10 survivors (10240K)
 Metaspace       used 79752K, capacity 81899K, committed 82044K, reserved 1120256K
  class space    used 10393K, capacity 11198K, committed 11264K, reserved 1048576K
}
Event: 22.202 GC heap before
{Heap before GC invocations=19 (full 0):
 garbage-first heap   total 187392K, used 142109K [0x00000000a0000000, 0x0000000100000000)
  region size 1024K, 79 young (80896K), 10 survivors (10240K)
 Metaspace       used 85482K, capacity 87676K, committed 87932K, reserved 1126400K
  class space    used 11093K, capacity 11931K, committed 12032K, reserved 1048576K
}
Event: 22.223 GC heap after
{Heap after GC invocations=20 (full 0):
 garbage-first heap   total 187392K, used 76443K [0x00000000a0000000, 0x0000000100000000)
  region size 1024K, 9 young (9216K), 9 survivors (9216K)
 Metaspace       used 85482K, capacity 87676K, committed 87932K, reserved 1126400K
  class space    used 11093K, capacity 11931K, committed 12032K, reserved 1048576K
}
Event: 24.305 GC heap before
{Heap before GC invocations=20 (full 0):
 garbage-first heap   total 187392K, used 149147K [0x00000000a0000000, 0x0000000100000000)
  region size 1024K, 78 young (79872K), 9 survivors (9216K)
 Metaspace       used 89695K, capacity 91987K, committed 92156K, reserved 1128448K
  class space    used 11514K, capacity 12402K, committed 12416K, reserved 1048576K
}
Event: 24.344 GC heap after
{Heap after GC invocations=21 (full 0):
 garbage-first heap   total 187392K, used 90712K [0x00000000a0000000, 0x0000000100000000)
  region size 1024K, 10 young (10240K), 10 survivors (10240K)
 Metaspace       used 89695K, capacity 91987K, committed 92156K, reserved 1128448K
  class space    used 11514K, capacity 12402K, committed 12416K, reserved 1048576K
}
Event: 25.583 GC heap before
{Heap before GC invocations=21 (full 0):
 garbage-first heap   total 187392K, used 149080K [0x00000000a0000000, 0x0000000100000000)
  region size 1024K, 68 young (69632K), 10 survivors (10240K)
 Metaspace       used 90386K, capacity 92754K, committed 93052K, reserved 1130496K
  class space    used 11578K, capacity 12458K, committed 12544K, reserved 1048576K
}
Event: 25.615 GC heap after
{Heap after GC invocations=22 (full 0):
 garbage-first heap   total 187392K, used 96256K [0x00000000a0000000, 0x0000000100000000)
  region size 1024K, 9 young (9216K), 9 survivors (9216K)
 Metaspace       used 90386K, capacity 92754K, committed 93052K, reserved 1130496K
  class space    used 11578K, capacity 12458K, committed 12544K, reserved 1048576K
}
Event: 26.778 GC heap before
{Heap before GC invocations=22 (full 0):
 garbage-first heap   total 187392K, used 148480K [0x00000000a0000000, 0x0000000100000000)
  region size 1024K, 61 young (62464K), 9 survivors (9216K)
 Metaspace       used 90445K, capacity 92826K, committed 93052K, reserved 1130496K
  class space    used 11579K, capacity 12458K, committed 12544K, reserved 1048576K
}
Event: 26.800 GC heap after
{Heap after GC invocations=23 (full 0):
 garbage-first heap   total 187392K, used 98612K [0x00000000a0000000, 0x0000000100000000)
  region size 1024K, 3 young (3072K), 3 survivors (3072K)
 Metaspace       used 90445K, capacity 92826K, committed 93052K, reserved 1130496K
  class space    used 11579K, capacity 12458K, committed 12544K, reserved 1048576K
}

