# JRE version: OpenJDK Runtime Environment (11.0.10) (build 11.0.10+0-b96-7249189)
# Java VM: OpenJDK 64-Bit Server VM (11.0.10+0-b96-7249189, mixed mode, tiered, compressed oops, g1 gc, windows-amd64)
Heap:
 garbage-first heap   total 189440K, used 151380K [0x00000000a0000000, 0x0000000100000000)
  region size 1024K, 31 young (31744K), 4 survivors (4096K)
 Metaspace       used 113077K, capacity 116031K, committed 116216K, reserved 1150976K
  class space    used 14237K, capacity 15343K, committed 15436K, reserved 1048576K
GC Heap History (20 events):
Event: 51.934 GC heap before
{Heap before GC invocations=38 (full 0):
 garbage-first heap   total 189440K, used 97620K [0x00000000a0000000, 0x0000000100000000)
  region size 1024K, 9 young (9216K), 8 survivors (8192K)
 Metaspace       used 92949K, capacity 95353K, committed 95608K, reserved 1132544K
  class space    used 11623K, capacity 12460K, committed 12492K, reserved 1048576K
}
Event: 51.954 GC heap after
{Heap after GC invocations=39 (full 0):
 garbage-first heap   total 189440K, used 96662K [0x00000000a0000000, 0x0000000100000000)
  region size 1024K, 1 young (1024K), 1 survivors (1024K)
 Metaspace       used 92949K, capacity 95353K, committed 95608K, reserved 1132544K
  class space    used 11623K, capacity 12460K, committed 12492K, reserved 1048576K
}
Event: 54.203 GC heap before
{Heap before GC invocations=39 (full 0):
 garbage-first heap   total 189440K, used 147862K [0x00000000a0000000, 0x0000000100000000)
  region size 1024K, 52 young (53248K), 1 survivors (1024K)
 Metaspace       used 93622K, capacity 95918K, committed 96248K, reserved 1132544K
  class space    used 11698K, capacity 12540K, committed 12620K, reserved 1048576K
}
Event: 54.223 GC heap after
{Heap after GC invocations=40 (full 0):
 garbage-first heap   total 189440K, used 96866K [0x00000000a0000000, 0x0000000100000000)
  region size 1024K, 2 young (2048K), 2 survivors (2048K)
 Metaspace       used 93622K, capacity 95918K, committed 96248K, reserved 1132544K
  class space    used 11698K, capacity 12540K, committed 12620K, reserved 1048576K
}
Event: 62.366 GC heap before
{Heap before GC invocations=41 (full 0):
 garbage-first heap   total 189440K, used 150114K [0x00000000a0000000, 0x0000000100000000)
  region size 1024K, 55 young (56320K), 2 survivors (2048K)
 Metaspace       used 99431K, capacity 101770K, committed 101880K, reserved 1138688K
  class space    used 12452K, capacity 13298K, committed 13388K, reserved 1048576K
}
Event: 62.400 GC heap after
{Heap after GC invocations=42 (full 0):
 garbage-first heap   total 189440K, used 105472K [0x00000000a0000000, 0x0000000100000000)
  region size 1024K, 7 young (7168K), 7 survivors (7168K)
 Metaspace       used 99431K, capacity 101770K, committed 101880K, reserved 1138688K
  class space    used 12452K, capacity 13298K, committed 13388K, reserved 1048576K
}
Event: 62.953 GC heap before
{Heap before GC invocations=42 (full 0):
 garbage-first heap   total 189440K, used 106496K [0x00000000a0000000, 0x0000000100000000)
  region size 1024K, 9 young (9216K), 7 survivors (7168K)
 Metaspace       used 99925K, capacity 102288K, committed 102392K, reserved 1138688K
  class space    used 12500K, capacity 13364K, committed 13388K, reserved 1048576K
}
Event: 62.971 GC heap after
{Heap after GC invocations=43 (full 0):
 garbage-first heap   total 189440K, used 104995K [0x00000000a0000000, 0x0000000100000000)
  region size 1024K, 1 young (1024K), 1 survivors (1024K)
 Metaspace       used 99925K, capacity 102288K, committed 102392K, reserved 1138688K
  class space    used 12500K, capacity 13364K, committed 13388K, reserved 1048576K
}
Event: 77.186 GC heap before
{Heap before GC invocations=43 (full 0):
 garbage-first heap   total 189440K, used 153123K [0x00000000a0000000, 0x0000000100000000)
  region size 1024K, 46 young (47104K), 1 survivors (1024K)
 Metaspace       used 101397K, capacity 103838K, committed 104056K, reserved 1140736K
  class space    used 12610K, capacity 13474K, committed 13516K, reserved 1048576K
}
Event: 77.205 GC heap after
{Heap after GC invocations=44 (full 0):
 garbage-first heap   total 189440K, used 118663K [0x00000000a0000000, 0x0000000100000000)
  region size 1024K, 6 young (6144K), 6 survivors (6144K)
 Metaspace       used 101397K, capacity 103838K, committed 104056K, reserved 1140736K
  class space    used 12610K, capacity 13474K, committed 13516K, reserved 1048576K
}
Event: 78.052 GC heap before
{Heap before GC invocations=44 (full 0):
 garbage-first heap   total 189440K, used 153479K [0x00000000a0000000, 0x0000000100000000)
  region size 1024K, 40 young (40960K), 6 survivors (6144K)
 Metaspace       used 103133K, capacity 105548K, committed 105848K, reserved 1140736K
  class space    used 12765K, capacity 13650K, committed 13772K, reserved 1048576K
}
Event: 78.074 GC heap after
{Heap after GC invocations=45 (full 0):
 garbage-first heap   total 189440K, used 121834K [0x00000000a0000000, 0x0000000100000000)
  region size 1024K, 3 young (3072K), 3 survivors (3072K)
 Metaspace       used 103133K, capacity 105548K, committed 105848K, reserved 1140736K
  class space    used 12765K, capacity 13650K, committed 13772K, reserved 1048576K
}
Event: 78.375 GC heap before
{Heap before GC invocations=45 (full 0):
 garbage-first heap   total 189440K, used 130026K [0x00000000a0000000, 0x0000000100000000)
  region size 1024K, 13 young (13312K), 3 survivors (3072K)
 Metaspace       used 103285K, capacity 105725K, committed 105848K, reserved 1140736K
  class space    used 12781K, capacity 13687K, committed 13772K, reserved 1048576K
}
Event: 78.389 GC heap after
{Heap after GC invocations=46 (full 0):
 garbage-first heap   total 189440K, used 121877K [0x00000000a0000000, 0x0000000100000000)
  region size 1024K, 3 young (3072K), 3 survivors (3072K)
 Metaspace       used 103285K, capacity 105725K, committed 105848K, reserved 1140736K
  class space    used 12781K, capacity 13687K, committed 13772K, reserved 1048576K
}
Event: 79.547 GC heap before
{Heap before GC invocations=47 (full 0):
 garbage-first heap   total 189440K, used 153621K [0x00000000a0000000, 0x0000000100000000)
  region size 1024K, 31 young (31744K), 3 survivors (3072K)
 Metaspace       used 106626K, capacity 109244K, committed 109432K, reserved 1144832K
  class space    used 13255K, capacity 14197K, committed 14284K, reserved 1048576K
}
Event: 79.560 GC heap after
{Heap after GC invocations=48 (full 0):
 garbage-first heap   total 189440K, used 124786K [0x00000000a0000000, 0x0000000100000000)
  region size 1024K, 4 young (4096K), 4 survivors (4096K)
 Metaspace       used 106626K, capacity 109244K, committed 109432K, reserved 1144832K
  class space    used 13255K, capacity 14197K, committed 14284K, reserved 1048576K
}
Event: 79.622 GC heap before
{Heap before GC invocations=48 (full 0):
 garbage-first heap   total 189440K, used 129906K [0x00000000a0000000, 0x0000000100000000)
  region size 1024K, 9 young (9216K), 4 survivors (4096K)
 Metaspace       used 106794K, capacity 109375K, committed 109688K, reserved 1144832K
  class space    used 13274K, capacity 14198K, committed 14284K, reserved 1048576K
}
Event: 79.650 GC heap after
{Heap after GC invocations=49 (full 0):
 garbage-first heap   total 189440K, used 118891K [0x00000000a0000000, 0x0000000100000000)
  region size 1024K, 2 young (2048K), 2 survivors (2048K)
 Metaspace       used 106794K, capacity 109375K, committed 109688K, reserved 1144832K
  class space    used 13274K, capacity 14198K, committed 14284K, reserved 1048576K
}
Event: 80.222 GC heap before
{Heap before GC invocations=49 (full 0):
 garbage-first heap   total 189440K, used 148587K [0x00000000a0000000, 0x0000000100000000)
  region size 1024K, 32 young (32768K), 2 survivors (2048K)
 Metaspace       used 110628K, capacity 113486K, committed 113784K, reserved 1148928K
  class space    used 13924K, capacity 14992K, committed 15052K, reserved 1048576K
}
Event: 80.240 GC heap after
{Heap after GC invocations=50 (full 0):
 garbage-first heap   total 189440K, used 124756K [0x00000000a0000000, 0x0000000100000000)
  region size 1024K, 4 young (4096K), 4 survivors (4096K)
 Metaspace       used 110628K, capacity 113486K, committed 113784K, reserved 1148928K
  class space    used 13924K, capacity 14992K, committed 15052K, reserved 1048576K
}

