# JRE version: OpenJDK Runtime Environment (11.0.10) (build 11.0.10+0-b96-7249189)
# Java VM: OpenJDK 64-Bit Server VM (11.0.10+0-b96-7249189, mixed mode, tiered, compressed oops, g1 gc, windows-amd64)
Heap:
 garbage-first heap   total 131072K, used 95483K [0x00000000a0000000, 0x0000000100000000)
  region size 1024K, 14 young (14336K), 4 survivors (4096K)
 Metaspace       used 82353K, capacity 84676K, committed 84776K, reserved 1122304K
  class space    used 10586K, capacity 11420K, committed 11468K, reserved 1048576K
GC Heap History (20 events):
Event: 103.317 GC heap before
{Heap before GC invocations=21 (full 0):
 garbage-first heap   total 131072K, used 105472K [0x00000000a0000000, 0x0000000100000000)
  region size 1024K, 49 young (50176K), 7 survivors (7168K)
 Metaspace       used 78951K, capacity 81078K, committed 81192K, reserved 1120256K
  class space    used 10344K, capacity 11119K, committed 11212K, reserved 1048576K
}
Event: 103.361 GC heap after
{Heap after GC invocations=22 (full 0):
 garbage-first heap   total 131072K, used 65520K [0x00000000a0000000, 0x0000000100000000)
  region size 1024K, 6 young (6144K), 6 survivors (6144K)
 Metaspace       used 78951K, capacity 81078K, committed 81192K, reserved 1120256K
  class space    used 10344K, capacity 11119K, committed 11212K, reserved 1048576K
}
Event: 110.628 GC heap before
{Heap before GC invocations=22 (full 0):
 garbage-first heap   total 131072K, used 106480K [0x00000000a0000000, 0x0000000100000000)
  region size 1024K, 47 young (48128K), 6 survivors (6144K)
 Metaspace       used 79353K, capacity 81525K, committed 81704K, reserved 1120256K
  class space    used 10351K, capacity 11128K, committed 11212K, reserved 1048576K
}
Event: 110.652 GC heap after
{Heap after GC invocations=23 (full 0):
 garbage-first heap   total 131072K, used 68735K [0x00000000a0000000, 0x0000000100000000)
  region size 1024K, 4 young (4096K), 4 survivors (4096K)
 Metaspace       used 79353K, capacity 81525K, committed 81704K, reserved 1120256K
  class space    used 10351K, capacity 11128K, committed 11212K, reserved 1048576K
}
Event: 116.971 GC heap before
{Heap before GC invocations=24 (full 0):
 garbage-first heap   total 131072K, used 107647K [0x00000000a0000000, 0x0000000100000000)
  region size 1024K, 43 young (44032K), 4 survivors (4096K)
 Metaspace       used 79733K, capacity 81942K, committed 82216K, reserved 1120256K
  class space    used 10381K, capacity 11171K, committed 11212K, reserved 1048576K
}
Event: 117.003 GC heap after
{Heap after GC invocations=25 (full 0):
 garbage-first heap   total 131072K, used 71347K [0x00000000a0000000, 0x0000000100000000)
  region size 1024K, 6 young (6144K), 6 survivors (6144K)
 Metaspace       used 79733K, capacity 81942K, committed 82216K, reserved 1120256K
  class space    used 10381K, capacity 11171K, committed 11212K, reserved 1048576K
}
Event: 124.383 GC heap before
{Heap before GC invocations=25 (full 0):
 garbage-first heap   total 131072K, used 108211K [0x00000000a0000000, 0x0000000100000000)
  region size 1024K, 43 young (44032K), 6 survivors (6144K)
 Metaspace       used 79862K, capacity 82038K, committed 82216K, reserved 1120256K
  class space    used 10388K, capacity 11175K, committed 11212K, reserved 1048576K
}
Event: 124.438 GC heap after
{Heap after GC invocations=26 (full 0):
 garbage-first heap   total 131072K, used 73965K [0x00000000a0000000, 0x0000000100000000)
  region size 1024K, 3 young (3072K), 3 survivors (3072K)
 Metaspace       used 79862K, capacity 82038K, committed 82216K, reserved 1120256K
  class space    used 10388K, capacity 11175K, committed 11212K, reserved 1048576K
}
Event: 132.859 GC heap before
{Heap before GC invocations=27 (full 0):
 garbage-first heap   total 131072K, used 108781K [0x00000000a0000000, 0x0000000100000000)
  region size 1024K, 38 young (38912K), 3 survivors (3072K)
 Metaspace       used 80468K, capacity 82640K, committed 82856K, reserved 1120256K
  class space    used 10432K, capacity 11229K, committed 11340K, reserved 1048576K
}
Event: 132.871 GC heap after
{Heap after GC invocations=28 (full 0):
 garbage-first heap   total 131072K, used 76720K [0x00000000a0000000, 0x0000000100000000)
  region size 1024K, 5 young (5120K), 5 survivors (5120K)
 Metaspace       used 80468K, capacity 82640K, committed 82856K, reserved 1120256K
  class space    used 10432K, capacity 11229K, committed 11340K, reserved 1048576K
}
Event: 135.021 GC heap before
{Heap before GC invocations=28 (full 0):
 garbage-first heap   total 131072K, used 109488K [0x00000000a0000000, 0x0000000100000000)
  region size 1024K, 38 young (38912K), 5 survivors (5120K)
 Metaspace       used 80486K, capacity 82640K, committed 82856K, reserved 1120256K
  class space    used 10432K, capacity 11229K, committed 11340K, reserved 1048576K
}
Event: 135.034 GC heap after
{Heap after GC invocations=29 (full 0):
 garbage-first heap   total 131072K, used 78948K [0x00000000a0000000, 0x0000000100000000)
  region size 1024K, 3 young (3072K), 3 survivors (3072K)
 Metaspace       used 80486K, capacity 82640K, committed 82856K, reserved 1120256K
  class space    used 10432K, capacity 11229K, committed 11340K, reserved 1048576K
}
Event: 137.935 GC heap before
{Heap before GC invocations=30 (full 0):
 garbage-first heap   total 131072K, used 109668K [0x00000000a0000000, 0x0000000100000000)
  region size 1024K, 34 young (34816K), 3 survivors (3072K)
 Metaspace       used 80535K, capacity 82709K, committed 82856K, reserved 1120256K
  class space    used 10432K, capacity 11227K, committed 11340K, reserved 1048576K
}
Event: 137.960 GC heap after
{Heap after GC invocations=31 (full 0):
 garbage-first heap   total 131072K, used 80388K [0x00000000a0000000, 0x0000000100000000)
  region size 1024K, 4 young (4096K), 4 survivors (4096K)
 Metaspace       used 80535K, capacity 82709K, committed 82856K, reserved 1120256K
  class space    used 10432K, capacity 11227K, committed 11340K, reserved 1048576K
}
Event: 141.159 GC heap before
{Heap before GC invocations=31 (full 0):
 garbage-first heap   total 131072K, used 110084K [0x00000000a0000000, 0x0000000100000000)
  region size 1024K, 34 young (34816K), 4 survivors (4096K)
 Metaspace       used 80586K, capacity 82717K, committed 82856K, reserved 1120256K
  class space    used 10433K, capacity 11229K, committed 11340K, reserved 1048576K
}
Event: 141.177 GC heap after
{Heap after GC invocations=32 (full 0):
 garbage-first heap   total 131072K, used 81838K [0x00000000a0000000, 0x0000000100000000)
  region size 1024K, 4 young (4096K), 4 survivors (4096K)
 Metaspace       used 80586K, capacity 82717K, committed 82856K, reserved 1120256K
  class space    used 10433K, capacity 11229K, committed 11340K, reserved 1048576K
}
Event: 625.736 GC heap before
{Heap before GC invocations=33 (full 0):
 garbage-first heap   total 131072K, used 110510K [0x00000000a0000000, 0x0000000100000000)
  region size 1024K, 33 young (33792K), 4 survivors (4096K)
 Metaspace       used 81764K, capacity 84086K, committed 84264K, reserved 1122304K
  class space    used 10575K, capacity 11401K, committed 11468K, reserved 1048576K
}
Event: 625.763 GC heap after
{Heap after GC invocations=34 (full 0):
 garbage-first heap   total 131072K, used 82851K [0x00000000a0000000, 0x0000000100000000)
  region size 1024K, 3 young (3072K), 3 survivors (3072K)
 Metaspace       used 81764K, capacity 84086K, committed 84264K, reserved 1122304K
  class space    used 10575K, capacity 11401K, committed 11468K, reserved 1048576K
}
Event: 679.220 GC heap before
{Heap before GC invocations=34 (full 0):
 garbage-first heap   total 131072K, used 111523K [0x00000000a0000000, 0x0000000100000000)
  region size 1024K, 31 young (31744K), 3 survivors (3072K)
 Metaspace       used 82266K, capacity 84605K, committed 84776K, reserved 1122304K
  class space    used 10586K, capacity 11420K, committed 11468K, reserved 1048576K
}
Event: 679.235 GC heap after
{Heap after GC invocations=35 (full 0):
 garbage-first heap   total 131072K, used 86267K [0x00000000a0000000, 0x0000000100000000)
  region size 1024K, 4 young (4096K), 4 survivors (4096K)
 Metaspace       used 82266K, capacity 84605K, committed 84776K, reserved 1122304K
  class space    used 10586K, capacity 11420K, committed 11468K, reserved 1048576K
}

