# JRE version: OpenJDK Runtime Environment (8.0_202-b03) (build 1.8.0_202-release-1483-b03)
# Java VM: OpenJDK 64-Bit Server VM (25.202-b03 mixed mode windows-amd64 compressed oops)
Heap:
 PSYoungGen      total 327680K, used 303759K [0x00000000e0000000, 0x00000000f9500000, 0x0000000100000000)
  eden space 278016K, 98% used [0x00000000e0000000,0x00000000f0b63a88,0x00000000f0f80000)
  from space 49664K, 60% used [0x00000000f0f80000,0x00000000f2cc0240,0x00000000f4000000)
  to   space 50688K, 0% used [0x00000000f6380000,0x00000000f6380000,0x00000000f9500000)
 ParOldGen       total 329728K, used 197006K [0x00000000a0000000, 0x00000000b4200000, 0x00000000e0000000)
  object space 329728K, 59% used [0x00000000a0000000,0x00000000ac063ad8,0x00000000b4200000)
 Metaspace       used 86273K, capacity 89506K, committed 89688K, reserved 1126400K
  class space    used 11206K, capacity 11832K, committed 11904K, reserved 1048576K
GC Heap History (10 events):
Event: 166.724 GC heap before
{Heap before GC invocations=19 (full 3):
 PSYoungGen      total 268288K, used 268282K [0x00000000e0000000, 0x00000000f6e80000, 0x0000000100000000)
  eden space 242176K, 100% used [0x00000000e0000000,0x00000000eec80000,0x00000000eec80000)
  from space 26112K, 99% used [0x00000000eec80000,0x00000000f05feae8,0x00000000f0600000)
  to   space 44544K, 0% used [0x00000000f4300000,0x00000000f4300000,0x00000000f6e80000)
 ParOldGen       total 118784K, used 76697K [0x00000000a0000000, 0x00000000a7400000, 0x00000000e0000000)
  object space 118784K, 64% used [0x00000000a0000000,0x00000000a4ae64e8,0x00000000a7400000)
 Metaspace       used 78143K, capacity 80494K, committed 80728K, reserved 1120256K
  class space    used 10236K, capacity 10808K, committed 10880K, reserved 1048576K
Event: 167.258 GC heap after
Heap after GC invocations=19 (full 3):
 PSYoungGen      total 268288K, used 268282K [0x00000000e0000000, 0x00000000f6e80000, 0x0000000100000000)
  eden space 242176K, 100% used [0x00000000e0000000,0x00000000eec80000,0x00000000eec80000)
  from space 26112K, 99% used [0x00000000eec80000,0x00000000f05feae8,0x00000000f0600000)
  to   space 44544K, 99% used [0x00000000f4300000,0x00000000f6e7ce58,0x00000000f6e80000)
 ParOldGen       total 161792K, used 161474K [0x00000000a0000000, 0x00000000a9e00000, 0x00000000e0000000)
  object space 161792K, 99% used [0x00000000a0000000,0x00000000a9db0b88,0x00000000a9e00000)
 Metaspace       used 78143K, capacity 80494K, committed 80728K, reserved 1120256K
  class space    used 10236K, capacity 10808K, committed 10880K, reserved 1048576K
}
Event: 167.258 GC heap before
{Heap before GC invocations=20 (full 4):
 PSYoungGen      total 268288K, used 268282K [0x00000000e0000000, 0x00000000f6e80000, 0x0000000100000000)
  eden space 242176K, 100% used [0x00000000e0000000,0x00000000eec80000,0x00000000eec80000)
  from space 26112K, 99% used [0x00000000eec80000,0x00000000f05feae8,0x00000000f0600000)
  to   space 44544K, 99% used [0x00000000f4300000,0x00000000f6e7ce58,0x00000000f6e80000)
 ParOldGen       total 161792K, used 161474K [0x00000000a0000000, 0x00000000a9e00000, 0x00000000e0000000)
  object space 161792K, 99% used [0x00000000a0000000,0x00000000a9db0b88,0x00000000a9e00000)
 Metaspace       used 78143K, capacity 80494K, committed 80728K, reserved 1120256K
  class space    used 10236K, capacity 10808K, committed 10880K, reserved 1048576K
Event: 168.970 GC heap after
Heap after GC invocations=20 (full 4):
 PSYoungGen      total 268288K, used 0K [0x00000000e0000000, 0x00000000f6e80000, 0x0000000100000000)
  eden space 242176K, 0% used [0x00000000e0000000,0x00000000e0000000,0x00000000eec80000)
  from space 26112K, 0% used [0x00000000eec80000,0x00000000eec80000,0x00000000f0600000)
  to   space 44544K, 46% used [0x00000000f4300000,0x00000000f57069a8,0x00000000f6e80000)
 ParOldGen       total 269824K, used 161619K [0x00000000a0000000, 0x00000000b0780000, 0x00000000e0000000)
  object space 269824K, 59% used [0x00000000a0000000,0x00000000a9dd4f28,0x00000000b0780000)
 Metaspace       used 78129K, capacity 80460K, committed 80728K, reserved 1120256K
  class space    used 10231K, capacity 10799K, committed 10880K, reserved 1048576K
}
Event: 172.234 GC heap before
{Heap before GC invocations=21 (full 5):
 PSYoungGen      total 268288K, used 241981K [0x00000000e0000000, 0x00000000f6e80000, 0x0000000100000000)
  eden space 242176K, 99% used [0x00000000e0000000,0x00000000eec4f6f8,0x00000000eec80000)
  from space 26112K, 0% used [0x00000000eec80000,0x00000000eec80000,0x00000000f0600000)
  to   space 44544K, 46% used [0x00000000f4300000,0x00000000f57069a8,0x00000000f6e80000)
 ParOldGen       total 269824K, used 161619K [0x00000000a0000000, 0x00000000b0780000, 0x00000000e0000000)
  object space 269824K, 59% used [0x00000000a0000000,0x00000000a9dd4f28,0x00000000b0780000)
 Metaspace       used 81639K, capacity 84450K, committed 84696K, reserved 1122304K
  class space    used 10568K, capacity 11178K, committed 11264K, reserved 1048576K
Event: 173.632 GC heap after
Heap after GC invocations=21 (full 5):
 PSYoungGen      total 268288K, used 0K [0x00000000e0000000, 0x00000000f6e80000, 0x0000000100000000)
  eden space 242176K, 0% used [0x00000000e0000000,0x00000000e0000000,0x00000000eec80000)
  from space 26112K, 0% used [0x00000000eec80000,0x00000000eec80000,0x00000000f0600000)
  to   space 44544K, 0% used [0x00000000f4300000,0x00000000f4300000,0x00000000f6e80000)
 ParOldGen       total 329728K, used 196998K [0x00000000a0000000, 0x00000000b4200000, 0x00000000e0000000)
  object space 329728K, 59% used [0x00000000a0000000,0x00000000ac061ad8,0x00000000b4200000)
 Metaspace       used 81610K, capacity 84382K, committed 84696K, reserved 1122304K
  class space    used 10557K, capacity 11160K, committed 11264K, reserved 1048576K
}
Event: 175.044 GC heap before
{Heap before GC invocations=22 (full 5):
 PSYoungGen      total 268288K, used 242176K [0x00000000e0000000, 0x00000000f6e80000, 0x0000000100000000)
  eden space 242176K, 100% used [0x00000000e0000000,0x00000000eec80000,0x00000000eec80000)
  from space 26112K, 0% used [0x00000000eec80000,0x00000000eec80000,0x00000000f0600000)
  to   space 44544K, 0% used [0x00000000f4300000,0x00000000f4300000,0x00000000f6e80000)
 ParOldGen       total 329728K, used 196998K [0x00000000a0000000, 0x00000000b4200000, 0x00000000e0000000)
  object space 329728K, 59% used [0x00000000a0000000,0x00000000ac061ad8,0x00000000b4200000)
 Metaspace       used 81709K, capacity 84510K, committed 84696K, reserved 1122304K
  class space    used 10558K, capacity 11160K, committed 11264K, reserved 1048576K
Event: 175.068 GC heap after
Heap after GC invocations=22 (full 5):
 PSYoungGen      total 322560K, used 37418K [0x00000000e0000000, 0x00000000f7080000, 0x0000000100000000)
  eden space 278016K, 0% used [0x00000000e0000000,0x00000000e0000000,0x00000000f0f80000)
  from space 44544K, 84% used [0x00000000f4300000,0x00000000f678a9e8,0x00000000f6e80000)
  to   space 49664K, 0% used [0x00000000f0f80000,0x00000000f0f80000,0x00000000f4000000)
 ParOldGen       total 329728K, used 196998K [0x00000000a0000000, 0x00000000b4200000, 0x00000000e0000000)
  object space 329728K, 59% used [0x00000000a0000000,0x00000000ac061ad8,0x00000000b4200000)
 Metaspace       used 81709K, capacity 84510K, committed 84696K, reserved 1122304K
  class space    used 10558K, capacity 11160K, committed 11264K, reserved 1048576K
}
Event: 179.310 GC heap before
{Heap before GC invocations=23 (full 5):
 PSYoungGen      total 322560K, used 314325K [0x00000000e0000000, 0x00000000f7080000, 0x0000000100000000)
  eden space 278016K, 99% used [0x00000000e0000000,0x00000000f0e6aa70,0x00000000f0f80000)
  from space 44544K, 84% used [0x00000000f4300000,0x00000000f678a9e8,0x00000000f6e80000)
  to   space 49664K, 0% used [0x00000000f0f80000,0x00000000f0f80000,0x00000000f4000000)
 ParOldGen       total 329728K, used 196998K [0x00000000a0000000, 0x00000000b4200000, 0x00000000e0000000)
  object space 329728K, 59% used [0x00000000a0000000,0x00000000ac061ad8,0x00000000b4200000)
 Metaspace       used 83567K, capacity 86580K, committed 86744K, reserved 1124352K
  class space    used 10803K, capacity 11465K, committed 11520K, reserved 1048576K
Event: 179.344 GC heap after
Heap after GC invocations=23 (full 5):
 PSYoungGen      total 327680K, used 29952K [0x00000000e0000000, 0x00000000f9500000, 0x0000000100000000)
  eden space 278016K, 0% used [0x00000000e0000000,0x00000000e0000000,0x00000000f0f80000)
  from space 49664K, 60% used [0x00000000f0f80000,0x00000000f2cc0240,0x00000000f4000000)
  to   space 50688K, 0% used [0x00000000f6380000,0x00000000f6380000,0x00000000f9500000)
 ParOldGen       total 329728K, used 197006K [0x00000000a0000000, 0x00000000b4200000, 0x00000000e0000000)
  object space 329728K, 59% used [0x00000000a0000000,0x00000000ac063ad8,0x00000000b4200000)
 Metaspace       used 83567K, capacity 86580K, committed 86744K, reserved 1124352K
  class space    used 10803K, capacity 11465K, committed 11520K, reserved 1048576K
}

